[0.122s] DEBUG:colcon:Command line arguments: ['/usr/bin/colcon', 'build']
[0.122s] DEBUG:colcon:Parsed command line arguments: Namespace(log_base=None, log_level=None, verb_name='build', build_base='build', install_base='install', merge_install=False, symlink_install=False, test_result_base=None, continue_on_error=False, executor='parallel', parallel_workers=4, event_handlers=None, ignore_user_meta=False, metas=['./colcon.meta'], base_paths=['.'], packages_ignore=None, packages_ignore_regex=None, paths=None, packages_up_to=None, packages_up_to_regex=None, packages_above=None, packages_above_and_dependencies=None, packages_above_depth=None, packages_select_by_dep=None, packages_skip_by_dep=None, packages_skip_up_to=None, packages_select_build_failed=False, packages_skip_build_finished=False, packages_select_test_failures=False, packages_skip_test_passed=False, packages_select=None, packages_skip=None, packages_select_regex=None, packages_skip_regex=None, packages_start=None, packages_end=None, allow_overriding=[], cmake_args=None, cmake_target=None, cmake_target_skip_unavailable=False, cmake_clean_cache=False, cmake_clean_first=False, cmake_force_configure=False, ament_cmake_args=None, catkin_cmake_args=None, catkin_skip_building_tests=False, mixin_files=None, mixin=None, verb_parser=<colcon_mixin.mixin.mixin_argument.MixinArgumentDecorator object at 0x7e2034985400>, verb_extension=<colcon_core.verb.build.BuildVerb object at 0x7e2034984bf0>, main=<bound method BuildVerb.main of <colcon_core.verb.build.BuildVerb object at 0x7e2034984bf0>>, mixin_verb=('build',))
[0.162s] Level 1:colcon.colcon_core.package_discovery:discover_packages(colcon_meta) check parameters
[0.162s] Level 1:colcon.colcon_core.package_discovery:discover_packages(recursive) check parameters
[0.162s] Level 1:colcon.colcon_core.package_discovery:discover_packages(ignore) check parameters
[0.162s] Level 1:colcon.colcon_core.package_discovery:discover_packages(path) check parameters
[0.162s] Level 1:colcon.colcon_core.package_discovery:discover_packages(colcon_meta) discover
[0.163s] Level 1:colcon.colcon_core.package_discovery:discover_packages(recursive) discover
[0.163s] INFO:colcon.colcon_core.package_discovery:Crawling recursively for packages in '/home/idea-22392/sauvc_gz_ws'
[0.163s] Level 1:colcon.colcon_core.package_identification:_identify(.) by extensions ['ignore', 'ignore_ament_install']
[0.163s] Level 1:colcon.colcon_core.package_identification:_identify(.) by extension 'ignore'
[0.163s] Level 1:colcon.colcon_core.package_identification:_identify(.) by extension 'ignore_ament_install'
[0.163s] Level 1:colcon.colcon_core.package_identification:_identify(.) by extensions ['colcon_pkg']
[0.163s] Level 1:colcon.colcon_core.package_identification:_identify(.) by extension 'colcon_pkg'
[0.163s] Level 1:colcon.colcon_core.package_identification:_identify(.) by extensions ['colcon_meta']
[0.163s] Level 1:colcon.colcon_core.package_identification:_identify(.) by extension 'colcon_meta'
[0.163s] Level 1:colcon.colcon_core.package_identification:_identify(.) by extensions ['ros']
[0.163s] Level 1:colcon.colcon_core.package_identification:_identify(.) by extension 'ros'
[0.190s] Level 1:colcon.colcon_core.package_identification:_identify(.) by extensions ['cmake', 'python']
[0.190s] Level 1:colcon.colcon_core.package_identification:_identify(.) by extension 'cmake'
[0.190s] Level 1:colcon.colcon_core.package_identification:_identify(.) by extension 'python'
[0.190s] Level 1:colcon.colcon_core.package_identification:_identify(.) by extensions ['python_setup_py']
[0.190s] Level 1:colcon.colcon_core.package_identification:_identify(.) by extension 'python_setup_py'
[0.191s] Level 1:colcon.colcon_core.package_identification:_identify(build) by extensions ['ignore', 'ignore_ament_install']
[0.191s] Level 1:colcon.colcon_core.package_identification:_identify(build) by extension 'ignore'
[0.191s] Level 1:colcon.colcon_core.package_identification:_identify(build) ignored
[0.191s] Level 1:colcon.colcon_core.package_identification:_identify(install) by extensions ['ignore', 'ignore_ament_install']
[0.191s] Level 1:colcon.colcon_core.package_identification:_identify(install) by extension 'ignore'
[0.191s] Level 1:colcon.colcon_core.package_identification:_identify(install) ignored
[0.191s] Level 1:colcon.colcon_core.package_identification:_identify(log) by extensions ['ignore', 'ignore_ament_install']
[0.191s] Level 1:colcon.colcon_core.package_identification:_identify(log) by extension 'ignore'
[0.191s] Level 1:colcon.colcon_core.package_identification:_identify(log) ignored
[0.191s] Level 1:colcon.colcon_core.package_identification:_identify(src) by extensions ['ignore', 'ignore_ament_install']
[0.191s] Level 1:colcon.colcon_core.package_identification:_identify(src) by extension 'ignore'
[0.191s] Level 1:colcon.colcon_core.package_identification:_identify(src) by extension 'ignore_ament_install'
[0.192s] Level 1:colcon.colcon_core.package_identification:_identify(src) by extensions ['colcon_pkg']
[0.192s] Level 1:colcon.colcon_core.package_identification:_identify(src) by extension 'colcon_pkg'
[0.192s] Level 1:colcon.colcon_core.package_identification:_identify(src) by extensions ['colcon_meta']
[0.192s] Level 1:colcon.colcon_core.package_identification:_identify(src) by extension 'colcon_meta'
[0.192s] Level 1:colcon.colcon_core.package_identification:_identify(src) by extensions ['ros']
[0.192s] Level 1:colcon.colcon_core.package_identification:_identify(src) by extension 'ros'
[0.192s] Level 1:colcon.colcon_core.package_identification:_identify(src) by extensions ['cmake', 'python']
[0.192s] Level 1:colcon.colcon_core.package_identification:_identify(src) by extension 'cmake'
[0.192s] Level 1:colcon.colcon_core.package_identification:_identify(src) by extension 'python'
[0.192s] Level 1:colcon.colcon_core.package_identification:_identify(src) by extensions ['python_setup_py']
[0.192s] Level 1:colcon.colcon_core.package_identification:_identify(src) by extension 'python_setup_py'
[0.192s] Level 1:colcon.colcon_core.package_identification:_identify(src/ags_control) by extensions ['ignore', 'ignore_ament_install']
[0.192s] Level 1:colcon.colcon_core.package_identification:_identify(src/ags_control) by extension 'ignore'
[0.192s] Level 1:colcon.colcon_core.package_identification:_identify(src/ags_control) by extension 'ignore_ament_install'
[0.192s] Level 1:colcon.colcon_core.package_identification:_identify(src/ags_control) by extensions ['colcon_pkg']
[0.192s] Level 1:colcon.colcon_core.package_identification:_identify(src/ags_control) by extension 'colcon_pkg'
[0.192s] Level 1:colcon.colcon_core.package_identification:_identify(src/ags_control) by extensions ['colcon_meta']
[0.192s] Level 1:colcon.colcon_core.package_identification:_identify(src/ags_control) by extension 'colcon_meta'
[0.192s] Level 1:colcon.colcon_core.package_identification:_identify(src/ags_control) by extensions ['ros']
[0.192s] Level 1:colcon.colcon_core.package_identification:_identify(src/ags_control) by extension 'ros'
[0.195s] DEBUG:colcon.colcon_core.package_identification:Package 'src/ags_control' with type 'ros.ament_cmake' and name 'ags_control'
[0.195s] Level 1:colcon.colcon_core.package_identification:_identify(src/ags_description) by extensions ['ignore', 'ignore_ament_install']
[0.195s] Level 1:colcon.colcon_core.package_identification:_identify(src/ags_description) by extension 'ignore'
[0.195s] Level 1:colcon.colcon_core.package_identification:_identify(src/ags_description) by extension 'ignore_ament_install'
[0.195s] Level 1:colcon.colcon_core.package_identification:_identify(src/ags_description) by extensions ['colcon_pkg']
[0.195s] Level 1:colcon.colcon_core.package_identification:_identify(src/ags_description) by extension 'colcon_pkg'
[0.195s] Level 1:colcon.colcon_core.package_identification:_identify(src/ags_description) by extensions ['colcon_meta']
[0.195s] Level 1:colcon.colcon_core.package_identification:_identify(src/ags_description) by extension 'colcon_meta'
[0.195s] Level 1:colcon.colcon_core.package_identification:_identify(src/ags_description) by extensions ['ros']
[0.195s] Level 1:colcon.colcon_core.package_identification:_identify(src/ags_description) by extension 'ros'
[0.196s] DEBUG:colcon.colcon_core.package_identification:Package 'src/ags_description' with type 'ros.ament_cmake' and name 'ags_description'
[0.196s] Level 1:colcon.colcon_core.package_identification:_identify(src/ags_env) by extensions ['ignore', 'ignore_ament_install']
[0.196s] Level 1:colcon.colcon_core.package_identification:_identify(src/ags_env) by extension 'ignore'
[0.196s] Level 1:colcon.colcon_core.package_identification:_identify(src/ags_env) by extension 'ignore_ament_install'
[0.196s] Level 1:colcon.colcon_core.package_identification:_identify(src/ags_env) by extensions ['colcon_pkg']
[0.196s] Level 1:colcon.colcon_core.package_identification:_identify(src/ags_env) by extension 'colcon_pkg'
[0.196s] Level 1:colcon.colcon_core.package_identification:_identify(src/ags_env) by extensions ['colcon_meta']
[0.196s] Level 1:colcon.colcon_core.package_identification:_identify(src/ags_env) by extension 'colcon_meta'
[0.196s] Level 1:colcon.colcon_core.package_identification:_identify(src/ags_env) by extensions ['ros']
[0.196s] Level 1:colcon.colcon_core.package_identification:_identify(src/ags_env) by extension 'ros'
[0.197s] DEBUG:colcon.colcon_core.package_identification:Package 'src/ags_env' with type 'ros.ament_cmake' and name 'ags_env'
[0.197s] Level 1:colcon.colcon_core.package_identification:_identify(src/ags_launch) by extensions ['ignore', 'ignore_ament_install']
[0.197s] Level 1:colcon.colcon_core.package_identification:_identify(src/ags_launch) by extension 'ignore'
[0.197s] Level 1:colcon.colcon_core.package_identification:_identify(src/ags_launch) by extension 'ignore_ament_install'
[0.197s] Level 1:colcon.colcon_core.package_identification:_identify(src/ags_launch) by extensions ['colcon_pkg']
[0.197s] Level 1:colcon.colcon_core.package_identification:_identify(src/ags_launch) by extension 'colcon_pkg'
[0.197s] Level 1:colcon.colcon_core.package_identification:_identify(src/ags_launch) by extensions ['colcon_meta']
[0.197s] Level 1:colcon.colcon_core.package_identification:_identify(src/ags_launch) by extension 'colcon_meta'
[0.197s] Level 1:colcon.colcon_core.package_identification:_identify(src/ags_launch) by extensions ['ros']
[0.197s] Level 1:colcon.colcon_core.package_identification:_identify(src/ags_launch) by extension 'ros'
[0.197s] Level 1:colcon.colcon_core.package_identification:_identify(src/ags_launch) by extensions ['cmake', 'python']
[0.197s] Level 1:colcon.colcon_core.package_identification:_identify(src/ags_launch) by extension 'cmake'
[0.197s] Level 1:colcon.colcon_core.package_identification:_identify(src/ags_launch) by extension 'python'
[0.197s] Level 1:colcon.colcon_core.package_identification:_identify(src/ags_launch) by extensions ['python_setup_py']
[0.197s] Level 1:colcon.colcon_core.package_identification:_identify(src/ags_launch) by extension 'python_setup_py'
[0.198s] Level 1:colcon.colcon_core.package_identification:_identify(src/ags_models) by extensions ['ignore', 'ignore_ament_install']
[0.198s] Level 1:colcon.colcon_core.package_identification:_identify(src/ags_models) by extension 'ignore'
[0.198s] Level 1:colcon.colcon_core.package_identification:_identify(src/ags_models) by extension 'ignore_ament_install'
[0.198s] Level 1:colcon.colcon_core.package_identification:_identify(src/ags_models) by extensions ['colcon_pkg']
[0.198s] Level 1:colcon.colcon_core.package_identification:_identify(src/ags_models) by extension 'colcon_pkg'
[0.198s] Level 1:colcon.colcon_core.package_identification:_identify(src/ags_models) by extensions ['colcon_meta']
[0.198s] Level 1:colcon.colcon_core.package_identification:_identify(src/ags_models) by extension 'colcon_meta'
[0.198s] Level 1:colcon.colcon_core.package_identification:_identify(src/ags_models) by extensions ['ros']
[0.198s] Level 1:colcon.colcon_core.package_identification:_identify(src/ags_models) by extension 'ros'
[0.198s] Level 1:colcon.colcon_core.package_identification:_identify(src/ags_models) by extensions ['cmake', 'python']
[0.198s] Level 1:colcon.colcon_core.package_identification:_identify(src/ags_models) by extension 'cmake'
[0.198s] Level 1:colcon.colcon_core.package_identification:_identify(src/ags_models) by extension 'python'
[0.198s] Level 1:colcon.colcon_core.package_identification:_identify(src/ags_models) by extensions ['python_setup_py']
[0.198s] Level 1:colcon.colcon_core.package_identification:_identify(src/ags_models) by extension 'python_setup_py'
[0.198s] Level 1:colcon.colcon_core.package_identification:_identify(src/ags_models/ags) by extensions ['ignore', 'ignore_ament_install']
[0.199s] Level 1:colcon.colcon_core.package_identification:_identify(src/ags_models/ags) by extension 'ignore'
[0.199s] Level 1:colcon.colcon_core.package_identification:_identify(src/ags_models/ags) by extension 'ignore_ament_install'
[0.199s] Level 1:colcon.colcon_core.package_identification:_identify(src/ags_models/ags) by extensions ['colcon_pkg']
[0.199s] Level 1:colcon.colcon_core.package_identification:_identify(src/ags_models/ags) by extension 'colcon_pkg'
[0.199s] Level 1:colcon.colcon_core.package_identification:_identify(src/ags_models/ags) by extensions ['colcon_meta']
[0.199s] Level 1:colcon.colcon_core.package_identification:_identify(src/ags_models/ags) by extension 'colcon_meta'
[0.199s] Level 1:colcon.colcon_core.package_identification:_identify(src/ags_models/ags) by extensions ['ros']
[0.199s] Level 1:colcon.colcon_core.package_identification:_identify(src/ags_models/ags) by extension 'ros'
[0.199s] Level 1:colcon.colcon_core.package_identification:_identify(src/ags_models/ags) by extensions ['cmake', 'python']
[0.199s] Level 1:colcon.colcon_core.package_identification:_identify(src/ags_models/ags) by extension 'cmake'
[0.199s] Level 1:colcon.colcon_core.package_identification:_identify(src/ags_models/ags) by extension 'python'
[0.199s] Level 1:colcon.colcon_core.package_identification:_identify(src/ags_models/ags) by extensions ['python_setup_py']
[0.199s] Level 1:colcon.colcon_core.package_identification:_identify(src/ags_models/ags) by extension 'python_setup_py'
[0.199s] Level 1:colcon.colcon_core.package_identification:_identify(src/ags_models/axes) by extensions ['ignore', 'ignore_ament_install']
[0.200s] Level 1:colcon.colcon_core.package_identification:_identify(src/ags_models/axes) by extension 'ignore'
[0.200s] Level 1:colcon.colcon_core.package_identification:_identify(src/ags_models/axes) by extension 'ignore_ament_install'
[0.200s] Level 1:colcon.colcon_core.package_identification:_identify(src/ags_models/axes) by extensions ['colcon_pkg']
[0.200s] Level 1:colcon.colcon_core.package_identification:_identify(src/ags_models/axes) by extension 'colcon_pkg'
[0.200s] Level 1:colcon.colcon_core.package_identification:_identify(src/ags_models/axes) by extensions ['colcon_meta']
[0.200s] Level 1:colcon.colcon_core.package_identification:_identify(src/ags_models/axes) by extension 'colcon_meta'
[0.200s] Level 1:colcon.colcon_core.package_identification:_identify(src/ags_models/axes) by extensions ['ros']
[0.200s] Level 1:colcon.colcon_core.package_identification:_identify(src/ags_models/axes) by extension 'ros'
[0.200s] Level 1:colcon.colcon_core.package_identification:_identify(src/ags_models/axes) by extensions ['cmake', 'python']
[0.200s] Level 1:colcon.colcon_core.package_identification:_identify(src/ags_models/axes) by extension 'cmake'
[0.200s] Level 1:colcon.colcon_core.package_identification:_identify(src/ags_models/axes) by extension 'python'
[0.200s] Level 1:colcon.colcon_core.package_identification:_identify(src/ags_models/axes) by extensions ['python_setup_py']
[0.200s] Level 1:colcon.colcon_core.package_identification:_identify(src/ags_models/axes) by extension 'python_setup_py'
[0.200s] Level 1:colcon.colcon_core.package_identification:_identify(src/ags_models/meshes) by extensions ['ignore', 'ignore_ament_install']
[0.200s] Level 1:colcon.colcon_core.package_identification:_identify(src/ags_models/meshes) by extension 'ignore'
[0.200s] Level 1:colcon.colcon_core.package_identification:_identify(src/ags_models/meshes) by extension 'ignore_ament_install'
[0.200s] Level 1:colcon.colcon_core.package_identification:_identify(src/ags_models/meshes) by extensions ['colcon_pkg']
[0.200s] Level 1:colcon.colcon_core.package_identification:_identify(src/ags_models/meshes) by extension 'colcon_pkg'
[0.201s] Level 1:colcon.colcon_core.package_identification:_identify(src/ags_models/meshes) by extensions ['colcon_meta']
[0.201s] Level 1:colcon.colcon_core.package_identification:_identify(src/ags_models/meshes) by extension 'colcon_meta'
[0.201s] Level 1:colcon.colcon_core.package_identification:_identify(src/ags_models/meshes) by extensions ['ros']
[0.201s] Level 1:colcon.colcon_core.package_identification:_identify(src/ags_models/meshes) by extension 'ros'
[0.201s] Level 1:colcon.colcon_core.package_identification:_identify(src/ags_models/meshes) by extensions ['cmake', 'python']
[0.201s] Level 1:colcon.colcon_core.package_identification:_identify(src/ags_models/meshes) by extension 'cmake'
[0.201s] Level 1:colcon.colcon_core.package_identification:_identify(src/ags_models/meshes) by extension 'python'
[0.201s] Level 1:colcon.colcon_core.package_identification:_identify(src/ags_models/meshes) by extensions ['python_setup_py']
[0.201s] Level 1:colcon.colcon_core.package_identification:_identify(src/ags_models/meshes) by extension 'python_setup_py'
[0.201s] Level 1:colcon.colcon_core.package_identification:_identify(src/ags_models/sauvc_pool) by extensions ['ignore', 'ignore_ament_install']
[0.201s] Level 1:colcon.colcon_core.package_identification:_identify(src/ags_models/sauvc_pool) by extension 'ignore'
[0.201s] Level 1:colcon.colcon_core.package_identification:_identify(src/ags_models/sauvc_pool) by extension 'ignore_ament_install'
[0.201s] Level 1:colcon.colcon_core.package_identification:_identify(src/ags_models/sauvc_pool) by extensions ['colcon_pkg']
[0.201s] Level 1:colcon.colcon_core.package_identification:_identify(src/ags_models/sauvc_pool) by extension 'colcon_pkg'
[0.201s] Level 1:colcon.colcon_core.package_identification:_identify(src/ags_models/sauvc_pool) by extensions ['colcon_meta']
[0.201s] Level 1:colcon.colcon_core.package_identification:_identify(src/ags_models/sauvc_pool) by extension 'colcon_meta'
[0.201s] Level 1:colcon.colcon_core.package_identification:_identify(src/ags_models/sauvc_pool) by extensions ['ros']
[0.201s] Level 1:colcon.colcon_core.package_identification:_identify(src/ags_models/sauvc_pool) by extension 'ros'
[0.201s] Level 1:colcon.colcon_core.package_identification:_identify(src/ags_models/sauvc_pool) by extensions ['cmake', 'python']
[0.201s] Level 1:colcon.colcon_core.package_identification:_identify(src/ags_models/sauvc_pool) by extension 'cmake'
[0.201s] Level 1:colcon.colcon_core.package_identification:_identify(src/ags_models/sauvc_pool) by extension 'python'
[0.202s] Level 1:colcon.colcon_core.package_identification:_identify(src/ags_models/sauvc_pool) by extensions ['python_setup_py']
[0.202s] Level 1:colcon.colcon_core.package_identification:_identify(src/ags_models/sauvc_pool) by extension 'python_setup_py'
[0.202s] Level 1:colcon.colcon_core.package_identification:_identify(src/ags_models/sauvc_pool/materials) by extensions ['ignore', 'ignore_ament_install']
[0.202s] Level 1:colcon.colcon_core.package_identification:_identify(src/ags_models/sauvc_pool/materials) by extension 'ignore'
[0.202s] Level 1:colcon.colcon_core.package_identification:_identify(src/ags_models/sauvc_pool/materials) by extension 'ignore_ament_install'
[0.202s] Level 1:colcon.colcon_core.package_identification:_identify(src/ags_models/sauvc_pool/materials) by extensions ['colcon_pkg']
[0.202s] Level 1:colcon.colcon_core.package_identification:_identify(src/ags_models/sauvc_pool/materials) by extension 'colcon_pkg'
[0.202s] Level 1:colcon.colcon_core.package_identification:_identify(src/ags_models/sauvc_pool/materials) by extensions ['colcon_meta']
[0.202s] Level 1:colcon.colcon_core.package_identification:_identify(src/ags_models/sauvc_pool/materials) by extension 'colcon_meta'
[0.202s] Level 1:colcon.colcon_core.package_identification:_identify(src/ags_models/sauvc_pool/materials) by extensions ['ros']
[0.202s] Level 1:colcon.colcon_core.package_identification:_identify(src/ags_models/sauvc_pool/materials) by extension 'ros'
[0.202s] Level 1:colcon.colcon_core.package_identification:_identify(src/ags_models/sauvc_pool/materials) by extensions ['cmake', 'python']
[0.202s] Level 1:colcon.colcon_core.package_identification:_identify(src/ags_models/sauvc_pool/materials) by extension 'cmake'
[0.202s] Level 1:colcon.colcon_core.package_identification:_identify(src/ags_models/sauvc_pool/materials) by extension 'python'
[0.202s] Level 1:colcon.colcon_core.package_identification:_identify(src/ags_models/sauvc_pool/materials) by extensions ['python_setup_py']
[0.202s] Level 1:colcon.colcon_core.package_identification:_identify(src/ags_models/sauvc_pool/materials) by extension 'python_setup_py'
[0.202s] Level 1:colcon.colcon_core.package_identification:_identify(src/ags_models/sauvc_pool/materials/scripts) by extensions ['ignore', 'ignore_ament_install']
[0.202s] Level 1:colcon.colcon_core.package_identification:_identify(src/ags_models/sauvc_pool/materials/scripts) by extension 'ignore'
[0.203s] Level 1:colcon.colcon_core.package_identification:_identify(src/ags_models/sauvc_pool/materials/scripts) by extension 'ignore_ament_install'
[0.203s] Level 1:colcon.colcon_core.package_identification:_identify(src/ags_models/sauvc_pool/materials/scripts) by extensions ['colcon_pkg']
[0.203s] Level 1:colcon.colcon_core.package_identification:_identify(src/ags_models/sauvc_pool/materials/scripts) by extension 'colcon_pkg'
[0.203s] Level 1:colcon.colcon_core.package_identification:_identify(src/ags_models/sauvc_pool/materials/scripts) by extensions ['colcon_meta']
[0.203s] Level 1:colcon.colcon_core.package_identification:_identify(src/ags_models/sauvc_pool/materials/scripts) by extension 'colcon_meta'
[0.203s] Level 1:colcon.colcon_core.package_identification:_identify(src/ags_models/sauvc_pool/materials/scripts) by extensions ['ros']
[0.203s] Level 1:colcon.colcon_core.package_identification:_identify(src/ags_models/sauvc_pool/materials/scripts) by extension 'ros'
[0.203s] Level 1:colcon.colcon_core.package_identification:_identify(src/ags_models/sauvc_pool/materials/scripts) by extensions ['cmake', 'python']
[0.203s] Level 1:colcon.colcon_core.package_identification:_identify(src/ags_models/sauvc_pool/materials/scripts) by extension 'cmake'
[0.203s] Level 1:colcon.colcon_core.package_identification:_identify(src/ags_models/sauvc_pool/materials/scripts) by extension 'python'
[0.203s] Level 1:colcon.colcon_core.package_identification:_identify(src/ags_models/sauvc_pool/materials/scripts) by extensions ['python_setup_py']
[0.203s] Level 1:colcon.colcon_core.package_identification:_identify(src/ags_models/sauvc_pool/materials/scripts) by extension 'python_setup_py'
[0.203s] Level 1:colcon.colcon_core.package_identification:_identify(src/ags_models/sauvc_pool/materials/textures) by extensions ['ignore', 'ignore_ament_install']
[0.203s] Level 1:colcon.colcon_core.package_identification:_identify(src/ags_models/sauvc_pool/materials/textures) by extension 'ignore'
[0.203s] Level 1:colcon.colcon_core.package_identification:_identify(src/ags_models/sauvc_pool/materials/textures) by extension 'ignore_ament_install'
[0.203s] Level 1:colcon.colcon_core.package_identification:_identify(src/ags_models/sauvc_pool/materials/textures) by extensions ['colcon_pkg']
[0.203s] Level 1:colcon.colcon_core.package_identification:_identify(src/ags_models/sauvc_pool/materials/textures) by extension 'colcon_pkg'
[0.203s] Level 1:colcon.colcon_core.package_identification:_identify(src/ags_models/sauvc_pool/materials/textures) by extensions ['colcon_meta']
[0.203s] Level 1:colcon.colcon_core.package_identification:_identify(src/ags_models/sauvc_pool/materials/textures) by extension 'colcon_meta'
[0.203s] Level 1:colcon.colcon_core.package_identification:_identify(src/ags_models/sauvc_pool/materials/textures) by extensions ['ros']
[0.203s] Level 1:colcon.colcon_core.package_identification:_identify(src/ags_models/sauvc_pool/materials/textures) by extension 'ros'
[0.204s] Level 1:colcon.colcon_core.package_identification:_identify(src/ags_models/sauvc_pool/materials/textures) by extensions ['cmake', 'python']
[0.204s] Level 1:colcon.colcon_core.package_identification:_identify(src/ags_models/sauvc_pool/materials/textures) by extension 'cmake'
[0.204s] Level 1:colcon.colcon_core.package_identification:_identify(src/ags_models/sauvc_pool/materials/textures) by extension 'python'
[0.204s] Level 1:colcon.colcon_core.package_identification:_identify(src/ags_models/sauvc_pool/materials/textures) by extensions ['python_setup_py']
[0.204s] Level 1:colcon.colcon_core.package_identification:_identify(src/ags_models/sauvc_pool/materials/textures) by extension 'python_setup_py'
[0.204s] Level 1:colcon.colcon_core.package_discovery:discover_packages(recursive) using defaults
[0.204s] Level 1:colcon.colcon_core.package_discovery:discover_packages(ignore) discover
[0.204s] Level 1:colcon.colcon_core.package_discovery:discover_packages(ignore) using defaults
[0.204s] Level 1:colcon.colcon_core.package_discovery:discover_packages(path) discover
[0.204s] Level 1:colcon.colcon_core.package_discovery:discover_packages(path) using defaults
[0.222s] Level 1:colcon.colcon_core.package_discovery:discover_packages(prefix_path) check parameters
[0.222s] Level 1:colcon.colcon_core.package_discovery:discover_packages(prefix_path) discover
[0.224s] DEBUG:colcon.colcon_installed_package_information.package_discovery:Found 1 installed packages in /home/idea-22392/sauvc_tna/install
[0.225s] DEBUG:colcon.colcon_installed_package_information.package_discovery:Found 347 installed packages in /opt/ros/jazzy
[0.227s] Level 1:colcon.colcon_core.package_discovery:discover_packages(prefix_path) using defaults
[0.281s] Level 5:colcon.colcon_core.verb:set package 'ags_control' build argument 'cmake_args' from command line to 'None'
[0.281s] Level 5:colcon.colcon_core.verb:set package 'ags_control' build argument 'cmake_target' from command line to 'None'
[0.282s] Level 5:colcon.colcon_core.verb:set package 'ags_control' build argument 'cmake_target_skip_unavailable' from command line to 'False'
[0.282s] Level 5:colcon.colcon_core.verb:set package 'ags_control' build argument 'cmake_clean_cache' from command line to 'False'
[0.282s] Level 5:colcon.colcon_core.verb:set package 'ags_control' build argument 'cmake_clean_first' from command line to 'False'
[0.282s] Level 5:colcon.colcon_core.verb:set package 'ags_control' build argument 'cmake_force_configure' from command line to 'False'
[0.282s] Level 5:colcon.colcon_core.verb:set package 'ags_control' build argument 'ament_cmake_args' from command line to 'None'
[0.282s] Level 5:colcon.colcon_core.verb:set package 'ags_control' build argument 'catkin_cmake_args' from command line to 'None'
[0.282s] Level 5:colcon.colcon_core.verb:set package 'ags_control' build argument 'catkin_skip_building_tests' from command line to 'False'
[0.282s] DEBUG:colcon.colcon_core.verb:Building package 'ags_control' with the following arguments: {'ament_cmake_args': None, 'build_base': '/home/idea-22392/sauvc_gz_ws/build/ags_control', 'catkin_cmake_args': None, 'catkin_skip_building_tests': False, 'cmake_args': None, 'cmake_clean_cache': False, 'cmake_clean_first': False, 'cmake_force_configure': False, 'cmake_target': None, 'cmake_target_skip_unavailable': False, 'install_base': '/home/idea-22392/sauvc_gz_ws/install/ags_control', 'merge_install': False, 'path': '/home/idea-22392/sauvc_gz_ws/src/ags_control', 'symlink_install': False, 'test_result_base': None}
[0.282s] Level 5:colcon.colcon_core.verb:set package 'ags_description' build argument 'cmake_args' from command line to 'None'
[0.282s] Level 5:colcon.colcon_core.verb:set package 'ags_description' build argument 'cmake_target' from command line to 'None'
[0.282s] Level 5:colcon.colcon_core.verb:set package 'ags_description' build argument 'cmake_target_skip_unavailable' from command line to 'False'
[0.282s] Level 5:colcon.colcon_core.verb:set package 'ags_description' build argument 'cmake_clean_cache' from command line to 'False'
[0.282s] Level 5:colcon.colcon_core.verb:set package 'ags_description' build argument 'cmake_clean_first' from command line to 'False'
[0.282s] Level 5:colcon.colcon_core.verb:set package 'ags_description' build argument 'cmake_force_configure' from command line to 'False'
[0.282s] Level 5:colcon.colcon_core.verb:set package 'ags_description' build argument 'ament_cmake_args' from command line to 'None'
[0.282s] Level 5:colcon.colcon_core.verb:set package 'ags_description' build argument 'catkin_cmake_args' from command line to 'None'
[0.282s] Level 5:colcon.colcon_core.verb:set package 'ags_description' build argument 'catkin_skip_building_tests' from command line to 'False'
[0.282s] DEBUG:colcon.colcon_core.verb:Building package 'ags_description' with the following arguments: {'ament_cmake_args': None, 'build_base': '/home/idea-22392/sauvc_gz_ws/build/ags_description', 'catkin_cmake_args': None, 'catkin_skip_building_tests': False, 'cmake_args': None, 'cmake_clean_cache': False, 'cmake_clean_first': False, 'cmake_force_configure': False, 'cmake_target': None, 'cmake_target_skip_unavailable': False, 'install_base': '/home/idea-22392/sauvc_gz_ws/install/ags_description', 'merge_install': False, 'path': '/home/idea-22392/sauvc_gz_ws/src/ags_description', 'symlink_install': False, 'test_result_base': None}
[0.282s] Level 5:colcon.colcon_core.verb:set package 'ags_env' build argument 'cmake_args' from command line to 'None'
[0.282s] Level 5:colcon.colcon_core.verb:set package 'ags_env' build argument 'cmake_target' from command line to 'None'
[0.283s] Level 5:colcon.colcon_core.verb:set package 'ags_env' build argument 'cmake_target_skip_unavailable' from command line to 'False'
[0.283s] Level 5:colcon.colcon_core.verb:set package 'ags_env' build argument 'cmake_clean_cache' from command line to 'False'
[0.283s] Level 5:colcon.colcon_core.verb:set package 'ags_env' build argument 'cmake_clean_first' from command line to 'False'
[0.283s] Level 5:colcon.colcon_core.verb:set package 'ags_env' build argument 'cmake_force_configure' from command line to 'False'
[0.283s] Level 5:colcon.colcon_core.verb:set package 'ags_env' build argument 'ament_cmake_args' from command line to 'None'
[0.283s] Level 5:colcon.colcon_core.verb:set package 'ags_env' build argument 'catkin_cmake_args' from command line to 'None'
[0.283s] Level 5:colcon.colcon_core.verb:set package 'ags_env' build argument 'catkin_skip_building_tests' from command line to 'False'
[0.283s] DEBUG:colcon.colcon_core.verb:Building package 'ags_env' with the following arguments: {'ament_cmake_args': None, 'build_base': '/home/idea-22392/sauvc_gz_ws/build/ags_env', 'catkin_cmake_args': None, 'catkin_skip_building_tests': False, 'cmake_args': None, 'cmake_clean_cache': False, 'cmake_clean_first': False, 'cmake_force_configure': False, 'cmake_target': None, 'cmake_target_skip_unavailable': False, 'install_base': '/home/idea-22392/sauvc_gz_ws/install/ags_env', 'merge_install': False, 'path': '/home/idea-22392/sauvc_gz_ws/src/ags_env', 'symlink_install': False, 'test_result_base': None}
[0.283s] INFO:colcon.colcon_core.executor:Executing jobs using 'parallel' executor
[0.284s] DEBUG:colcon.colcon_parallel_executor.executor.parallel:run_until_complete
[0.284s] INFO:colcon.colcon_ros.task.ament_cmake.build:Building ROS package in '/home/idea-22392/sauvc_gz_ws/src/ags_control' with build type 'ament_cmake'
[0.284s] INFO:colcon.colcon_cmake.task.cmake.build:Building CMake package in '/home/idea-22392/sauvc_gz_ws/src/ags_control'
[0.286s] INFO:colcon.colcon_core.plugin_system:Skipping extension 'colcon_core.shell.bat': Not used on non-Windows systems
[0.287s] INFO:colcon.colcon_core.shell:Skip shell extension 'powershell' for command environment: Not usable outside of PowerShell
[0.287s] DEBUG:colcon.colcon_core.shell:Skip shell extension 'dsv' for command environment
[0.292s] INFO:colcon.colcon_ros.task.ament_cmake.build:Building ROS package in '/home/idea-22392/sauvc_gz_ws/src/ags_description' with build type 'ament_cmake'
[0.293s] INFO:colcon.colcon_cmake.task.cmake.build:Building CMake package in '/home/idea-22392/sauvc_gz_ws/src/ags_description'
[0.293s] INFO:colcon.colcon_core.shell:Skip shell extension 'powershell' for command environment: Not usable outside of PowerShell
[0.293s] DEBUG:colcon.colcon_core.shell:Skip shell extension 'dsv' for command environment
[0.298s] INFO:colcon.colcon_ros.task.ament_cmake.build:Building ROS package in '/home/idea-22392/sauvc_gz_ws/src/ags_env' with build type 'ament_cmake'
[0.298s] INFO:colcon.colcon_cmake.task.cmake.build:Building CMake package in '/home/idea-22392/sauvc_gz_ws/src/ags_env'
[0.298s] INFO:colcon.colcon_core.shell:Skip shell extension 'powershell' for command environment: Not usable outside of PowerShell
[0.298s] DEBUG:colcon.colcon_core.shell:Skip shell extension 'dsv' for command environment
[0.306s] DEBUG:colcon.colcon_core.event_handler.log_command:Invoking command in '/home/idea-22392/sauvc_gz_ws/build/ags_control': CMAKE_PREFIX_PATH=${CMAKE_PREFIX_PATH}:/opt/ros/jazzy DEBUGINFOD_URLS=https://debuginfod.ubuntu.com /usr/bin/cmake --build /home/idea-22392/sauvc_gz_ws/build/ags_control -- -j4 -l4
[0.308s] DEBUG:colcon.colcon_core.event_handler.log_command:Invoking command in '/home/idea-22392/sauvc_gz_ws/build/ags_description': CMAKE_PREFIX_PATH=${CMAKE_PREFIX_PATH}:/opt/ros/jazzy DEBUGINFOD_URLS=https://debuginfod.ubuntu.com /usr/bin/cmake --build /home/idea-22392/sauvc_gz_ws/build/ags_description -- -j4 -l4
[0.315s] DEBUG:colcon.colcon_core.event_handler.log_command:Invoking command in '/home/idea-22392/sauvc_gz_ws/build/ags_env': CMAKE_PREFIX_PATH=${CMAKE_PREFIX_PATH}:/opt/ros/jazzy DEBUGINFOD_URLS=https://debuginfod.ubuntu.com /usr/bin/cmake --build /home/idea-22392/sauvc_gz_ws/build/ags_env -- -j4 -l4
[0.354s] DEBUG:colcon.colcon_core.event_handler.log_command:Invoked command in '/home/idea-22392/sauvc_gz_ws/build/ags_control' returned '0': CMAKE_PREFIX_PATH=${CMAKE_PREFIX_PATH}:/opt/ros/jazzy DEBUGINFOD_URLS=https://debuginfod.ubuntu.com /usr/bin/cmake --build /home/idea-22392/sauvc_gz_ws/build/ags_control -- -j4 -l4
[0.368s] DEBUG:colcon.colcon_core.event_handler.log_command:Invoking command in '/home/idea-22392/sauvc_gz_ws/build/ags_control': CMAKE_PREFIX_PATH=${CMAKE_PREFIX_PATH}:/opt/ros/jazzy DEBUGINFOD_URLS=https://debuginfod.ubuntu.com /usr/bin/cmake --install /home/idea-22392/sauvc_gz_ws/build/ags_control
[0.369s] DEBUG:colcon.colcon_core.event_handler.log_command:Invoked command in '/home/idea-22392/sauvc_gz_ws/build/ags_description' returned '0': CMAKE_PREFIX_PATH=${CMAKE_PREFIX_PATH}:/opt/ros/jazzy DEBUGINFOD_URLS=https://debuginfod.ubuntu.com /usr/bin/cmake --build /home/idea-22392/sauvc_gz_ws/build/ags_description -- -j4 -l4
[0.371s] DEBUG:colcon.colcon_core.event_handler.log_command:Invoking command in '/home/idea-22392/sauvc_gz_ws/build/ags_description': CMAKE_PREFIX_PATH=${CMAKE_PREFIX_PATH}:/opt/ros/jazzy DEBUGINFOD_URLS=https://debuginfod.ubuntu.com /usr/bin/cmake --install /home/idea-22392/sauvc_gz_ws/build/ags_description
[0.372s] DEBUG:colcon.colcon_core.event_handler.log_command:Invoked command in '/home/idea-22392/sauvc_gz_ws/build/ags_env' returned '0': CMAKE_PREFIX_PATH=${CMAKE_PREFIX_PATH}:/opt/ros/jazzy DEBUGINFOD_URLS=https://debuginfod.ubuntu.com /usr/bin/cmake --build /home/idea-22392/sauvc_gz_ws/build/ags_env -- -j4 -l4
[0.374s] DEBUG:colcon.colcon_core.event_handler.log_command:Invoking command in '/home/idea-22392/sauvc_gz_ws/build/ags_env': CMAKE_PREFIX_PATH=${CMAKE_PREFIX_PATH}:/opt/ros/jazzy DEBUGINFOD_URLS=https://debuginfod.ubuntu.com /usr/bin/cmake --install /home/idea-22392/sauvc_gz_ws/build/ags_env
[0.382s] Level 1:colcon.colcon_core.environment:create_environment_scripts_only(ags_control)
[0.387s] Level 1:colcon.colcon_core.environment:checking '/home/idea-22392/sauvc_gz_ws/install/ags_control' for CMake module files
[0.391s] DEBUG:colcon.colcon_core.event_handler.log_command:Invoked command in '/home/idea-22392/sauvc_gz_ws/build/ags_control' returned '0': CMAKE_PREFIX_PATH=${CMAKE_PREFIX_PATH}:/opt/ros/jazzy DEBUGINFOD_URLS=https://debuginfod.ubuntu.com /usr/bin/cmake --install /home/idea-22392/sauvc_gz_ws/build/ags_control
[0.393s] Level 1:colcon.colcon_core.environment:checking '/home/idea-22392/sauvc_gz_ws/install/ags_control' for CMake config files
[0.395s] Level 1:colcon.colcon_core.shell:create_environment_hook('ags_control', 'cmake_prefix_path')
[0.395s] INFO:colcon.colcon_core.shell:Creating environment hook '/home/idea-22392/sauvc_gz_ws/install/ags_control/share/ags_control/hook/cmake_prefix_path.ps1'
[0.396s] INFO:colcon.colcon_core.shell:Creating environment descriptor '/home/idea-22392/sauvc_gz_ws/install/ags_control/share/ags_control/hook/cmake_prefix_path.dsv'
[0.396s] INFO:colcon.colcon_core.shell:Creating environment hook '/home/idea-22392/sauvc_gz_ws/install/ags_control/share/ags_control/hook/cmake_prefix_path.sh'
[0.397s] Level 1:colcon.colcon_core.environment:checking '/home/idea-22392/sauvc_gz_ws/install/ags_control/bin'
[0.398s] Level 1:colcon.colcon_core.environment:checking '/home/idea-22392/sauvc_gz_ws/install/ags_control/lib/pkgconfig/ags_control.pc'
[0.398s] Level 1:colcon.colcon_core.environment:checking '/home/idea-22392/sauvc_gz_ws/install/ags_control/lib/python3.12/site-packages'
[0.398s] Level 1:colcon.colcon_core.environment:checking '/home/idea-22392/sauvc_gz_ws/install/ags_control/bin'
[0.399s] INFO:colcon.colcon_core.shell:Creating package script '/home/idea-22392/sauvc_gz_ws/install/ags_control/share/ags_control/package.ps1'
[0.400s] INFO:colcon.colcon_core.shell:Creating package descriptor '/home/idea-22392/sauvc_gz_ws/install/ags_control/share/ags_control/package.dsv'
[0.400s] INFO:colcon.colcon_core.shell:Creating package script '/home/idea-22392/sauvc_gz_ws/install/ags_control/share/ags_control/package.sh'
[0.401s] INFO:colcon.colcon_core.shell:Creating package script '/home/idea-22392/sauvc_gz_ws/install/ags_control/share/ags_control/package.bash'
[0.402s] INFO:colcon.colcon_core.shell:Creating package script '/home/idea-22392/sauvc_gz_ws/install/ags_control/share/ags_control/package.zsh'
[0.403s] Level 1:colcon.colcon_core.environment:create_file_with_runtime_dependencies(/home/idea-22392/sauvc_gz_ws/install/ags_control/share/colcon-core/packages/ags_control)
[0.403s] Level 1:colcon.colcon_core.environment:create_environment_scripts_only(ags_control)
[0.404s] Level 1:colcon.colcon_core.environment:checking '/home/idea-22392/sauvc_gz_ws/install/ags_control' for CMake module files
[0.404s] Level 1:colcon.colcon_core.environment:checking '/home/idea-22392/sauvc_gz_ws/install/ags_control' for CMake config files
[0.405s] Level 1:colcon.colcon_core.shell:create_environment_hook('ags_control', 'cmake_prefix_path')
[0.405s] INFO:colcon.colcon_core.shell:Creating environment hook '/home/idea-22392/sauvc_gz_ws/install/ags_control/share/ags_control/hook/cmake_prefix_path.ps1'
[0.406s] INFO:colcon.colcon_core.shell:Creating environment descriptor '/home/idea-22392/sauvc_gz_ws/install/ags_control/share/ags_control/hook/cmake_prefix_path.dsv'
[0.406s] INFO:colcon.colcon_core.shell:Creating environment hook '/home/idea-22392/sauvc_gz_ws/install/ags_control/share/ags_control/hook/cmake_prefix_path.sh'
[0.407s] Level 1:colcon.colcon_core.environment:checking '/home/idea-22392/sauvc_gz_ws/install/ags_control/bin'
[0.407s] Level 1:colcon.colcon_core.environment:checking '/home/idea-22392/sauvc_gz_ws/install/ags_control/lib/pkgconfig/ags_control.pc'
[0.407s] Level 1:colcon.colcon_core.environment:checking '/home/idea-22392/sauvc_gz_ws/install/ags_control/lib/python3.12/site-packages'
[0.407s] Level 1:colcon.colcon_core.environment:checking '/home/idea-22392/sauvc_gz_ws/install/ags_control/bin'
[0.408s] INFO:colcon.colcon_core.shell:Creating package script '/home/idea-22392/sauvc_gz_ws/install/ags_control/share/ags_control/package.ps1'
[0.408s] INFO:colcon.colcon_core.shell:Creating package descriptor '/home/idea-22392/sauvc_gz_ws/install/ags_control/share/ags_control/package.dsv'
[0.409s] INFO:colcon.colcon_core.shell:Creating package script '/home/idea-22392/sauvc_gz_ws/install/ags_control/share/ags_control/package.sh'
[0.410s] INFO:colcon.colcon_core.shell:Creating package script '/home/idea-22392/sauvc_gz_ws/install/ags_control/share/ags_control/package.bash'
[0.410s] INFO:colcon.colcon_core.shell:Creating package script '/home/idea-22392/sauvc_gz_ws/install/ags_control/share/ags_control/package.zsh'
[0.411s] Level 1:colcon.colcon_core.environment:create_file_with_runtime_dependencies(/home/idea-22392/sauvc_gz_ws/install/ags_control/share/colcon-core/packages/ags_control)
[0.412s] Level 1:colcon.colcon_core.environment:create_environment_scripts_only(ags_description)
[0.413s] Level 1:colcon.colcon_core.environment:checking '/home/idea-22392/sauvc_gz_ws/install/ags_description' for CMake module files
[0.414s] Level 1:colcon.colcon_core.environment:checking '/home/idea-22392/sauvc_gz_ws/install/ags_description' for CMake config files
[0.413s] DEBUG:colcon.colcon_core.event_handler.log_command:Invoked command in '/home/idea-22392/sauvc_gz_ws/build/ags_description' returned '0': CMAKE_PREFIX_PATH=${CMAKE_PREFIX_PATH}:/opt/ros/jazzy DEBUGINFOD_URLS=https://debuginfod.ubuntu.com /usr/bin/cmake --install /home/idea-22392/sauvc_gz_ws/build/ags_description
[0.414s] Level 1:colcon.colcon_core.shell:create_environment_hook('ags_description', 'cmake_prefix_path')
[0.414s] INFO:colcon.colcon_core.shell:Creating environment hook '/home/idea-22392/sauvc_gz_ws/install/ags_description/share/ags_description/hook/cmake_prefix_path.ps1'
[0.415s] INFO:colcon.colcon_core.shell:Creating environment descriptor '/home/idea-22392/sauvc_gz_ws/install/ags_description/share/ags_description/hook/cmake_prefix_path.dsv'
[0.416s] INFO:colcon.colcon_core.shell:Creating environment hook '/home/idea-22392/sauvc_gz_ws/install/ags_description/share/ags_description/hook/cmake_prefix_path.sh'
[0.417s] Level 1:colcon.colcon_core.environment:checking '/home/idea-22392/sauvc_gz_ws/install/ags_description/bin'
[0.417s] Level 1:colcon.colcon_core.environment:checking '/home/idea-22392/sauvc_gz_ws/install/ags_description/lib/pkgconfig/ags_description.pc'
[0.417s] Level 1:colcon.colcon_core.environment:checking '/home/idea-22392/sauvc_gz_ws/install/ags_description/lib/python3.12/site-packages'
[0.417s] Level 1:colcon.colcon_core.environment:checking '/home/idea-22392/sauvc_gz_ws/install/ags_description/bin'
[0.418s] INFO:colcon.colcon_core.shell:Creating package script '/home/idea-22392/sauvc_gz_ws/install/ags_description/share/ags_description/package.ps1'
[0.418s] INFO:colcon.colcon_core.shell:Creating package descriptor '/home/idea-22392/sauvc_gz_ws/install/ags_description/share/ags_description/package.dsv'
[0.419s] INFO:colcon.colcon_core.shell:Creating package script '/home/idea-22392/sauvc_gz_ws/install/ags_description/share/ags_description/package.sh'
[0.419s] INFO:colcon.colcon_core.shell:Creating package script '/home/idea-22392/sauvc_gz_ws/install/ags_description/share/ags_description/package.bash'
[0.419s] INFO:colcon.colcon_core.shell:Creating package script '/home/idea-22392/sauvc_gz_ws/install/ags_description/share/ags_description/package.zsh'
[0.420s] Level 1:colcon.colcon_core.environment:create_file_with_runtime_dependencies(/home/idea-22392/sauvc_gz_ws/install/ags_description/share/colcon-core/packages/ags_description)
[0.420s] Level 1:colcon.colcon_core.environment:create_environment_scripts_only(ags_description)
[0.421s] Level 1:colcon.colcon_core.environment:checking '/home/idea-22392/sauvc_gz_ws/install/ags_description' for CMake module files
[0.421s] Level 1:colcon.colcon_core.environment:checking '/home/idea-22392/sauvc_gz_ws/install/ags_description' for CMake config files
[0.421s] Level 1:colcon.colcon_core.shell:create_environment_hook('ags_description', 'cmake_prefix_path')
[0.421s] INFO:colcon.colcon_core.shell:Creating environment hook '/home/idea-22392/sauvc_gz_ws/install/ags_description/share/ags_description/hook/cmake_prefix_path.ps1'
[0.422s] INFO:colcon.colcon_core.shell:Creating environment descriptor '/home/idea-22392/sauvc_gz_ws/install/ags_description/share/ags_description/hook/cmake_prefix_path.dsv'
[0.422s] INFO:colcon.colcon_core.shell:Creating environment hook '/home/idea-22392/sauvc_gz_ws/install/ags_description/share/ags_description/hook/cmake_prefix_path.sh'
[0.423s] Level 1:colcon.colcon_core.environment:checking '/home/idea-22392/sauvc_gz_ws/install/ags_description/bin'
[0.423s] Level 1:colcon.colcon_core.environment:checking '/home/idea-22392/sauvc_gz_ws/install/ags_description/lib/pkgconfig/ags_description.pc'
[0.423s] Level 1:colcon.colcon_core.environment:checking '/home/idea-22392/sauvc_gz_ws/install/ags_description/lib/python3.12/site-packages'
[0.423s] Level 1:colcon.colcon_core.environment:checking '/home/idea-22392/sauvc_gz_ws/install/ags_description/bin'
[0.423s] INFO:colcon.colcon_core.shell:Creating package script '/home/idea-22392/sauvc_gz_ws/install/ags_description/share/ags_description/package.ps1'
[0.424s] INFO:colcon.colcon_core.shell:Creating package descriptor '/home/idea-22392/sauvc_gz_ws/install/ags_description/share/ags_description/package.dsv'
[0.424s] INFO:colcon.colcon_core.shell:Creating package script '/home/idea-22392/sauvc_gz_ws/install/ags_description/share/ags_description/package.sh'
[0.425s] INFO:colcon.colcon_core.shell:Creating package script '/home/idea-22392/sauvc_gz_ws/install/ags_description/share/ags_description/package.bash'
[0.425s] INFO:colcon.colcon_core.shell:Creating package script '/home/idea-22392/sauvc_gz_ws/install/ags_description/share/ags_description/package.zsh'
[0.426s] Level 1:colcon.colcon_core.environment:create_file_with_runtime_dependencies(/home/idea-22392/sauvc_gz_ws/install/ags_description/share/colcon-core/packages/ags_description)
[0.426s] Level 1:colcon.colcon_core.environment:create_environment_scripts_only(ags_env)
[0.426s] Level 1:colcon.colcon_core.environment:checking '/home/idea-22392/sauvc_gz_ws/install/ags_env' for CMake module files
[0.427s] Level 1:colcon.colcon_core.environment:checking '/home/idea-22392/sauvc_gz_ws/install/ags_env' for CMake config files
[0.427s] DEBUG:colcon.colcon_core.event_handler.log_command:Invoked command in '/home/idea-22392/sauvc_gz_ws/build/ags_env' returned '0': CMAKE_PREFIX_PATH=${CMAKE_PREFIX_PATH}:/opt/ros/jazzy DEBUGINFOD_URLS=https://debuginfod.ubuntu.com /usr/bin/cmake --install /home/idea-22392/sauvc_gz_ws/build/ags_env
[0.428s] Level 1:colcon.colcon_core.shell:create_environment_hook('ags_env', 'cmake_prefix_path')
[0.428s] INFO:colcon.colcon_core.shell:Creating environment hook '/home/idea-22392/sauvc_gz_ws/install/ags_env/share/ags_env/hook/cmake_prefix_path.ps1'
[0.428s] INFO:colcon.colcon_core.shell:Creating environment descriptor '/home/idea-22392/sauvc_gz_ws/install/ags_env/share/ags_env/hook/cmake_prefix_path.dsv'
[0.428s] INFO:colcon.colcon_core.shell:Creating environment hook '/home/idea-22392/sauvc_gz_ws/install/ags_env/share/ags_env/hook/cmake_prefix_path.sh'
[0.429s] Level 1:colcon.colcon_core.environment:checking '/home/idea-22392/sauvc_gz_ws/install/ags_env/bin'
[0.429s] Level 1:colcon.colcon_core.environment:checking '/home/idea-22392/sauvc_gz_ws/install/ags_env/lib/pkgconfig/ags_env.pc'
[0.429s] Level 1:colcon.colcon_core.environment:checking '/home/idea-22392/sauvc_gz_ws/install/ags_env/lib/python3.12/site-packages'
[0.430s] Level 1:colcon.colcon_core.environment:checking '/home/idea-22392/sauvc_gz_ws/install/ags_env/bin'
[0.430s] INFO:colcon.colcon_core.shell:Creating package script '/home/idea-22392/sauvc_gz_ws/install/ags_env/share/ags_env/package.ps1'
[0.430s] INFO:colcon.colcon_core.shell:Creating package descriptor '/home/idea-22392/sauvc_gz_ws/install/ags_env/share/ags_env/package.dsv'
[0.431s] INFO:colcon.colcon_core.shell:Creating package script '/home/idea-22392/sauvc_gz_ws/install/ags_env/share/ags_env/package.sh'
[0.431s] INFO:colcon.colcon_core.shell:Creating package script '/home/idea-22392/sauvc_gz_ws/install/ags_env/share/ags_env/package.bash'
[0.431s] INFO:colcon.colcon_core.shell:Creating package script '/home/idea-22392/sauvc_gz_ws/install/ags_env/share/ags_env/package.zsh'
[0.432s] Level 1:colcon.colcon_core.environment:create_file_with_runtime_dependencies(/home/idea-22392/sauvc_gz_ws/install/ags_env/share/colcon-core/packages/ags_env)
[0.432s] Level 1:colcon.colcon_core.environment:create_environment_scripts_only(ags_env)
[0.432s] Level 1:colcon.colcon_core.environment:checking '/home/idea-22392/sauvc_gz_ws/install/ags_env' for CMake module files
[0.433s] Level 1:colcon.colcon_core.environment:checking '/home/idea-22392/sauvc_gz_ws/install/ags_env' for CMake config files
[0.433s] Level 1:colcon.colcon_core.shell:create_environment_hook('ags_env', 'cmake_prefix_path')
[0.433s] INFO:colcon.colcon_core.shell:Creating environment hook '/home/idea-22392/sauvc_gz_ws/install/ags_env/share/ags_env/hook/cmake_prefix_path.ps1'
[0.434s] INFO:colcon.colcon_core.shell:Creating environment descriptor '/home/idea-22392/sauvc_gz_ws/install/ags_env/share/ags_env/hook/cmake_prefix_path.dsv'
[0.434s] INFO:colcon.colcon_core.shell:Creating environment hook '/home/idea-22392/sauvc_gz_ws/install/ags_env/share/ags_env/hook/cmake_prefix_path.sh'
[0.435s] Level 1:colcon.colcon_core.environment:checking '/home/idea-22392/sauvc_gz_ws/install/ags_env/bin'
[0.435s] Level 1:colcon.colcon_core.environment:checking '/home/idea-22392/sauvc_gz_ws/install/ags_env/lib/pkgconfig/ags_env.pc'
[0.435s] Level 1:colcon.colcon_core.environment:checking '/home/idea-22392/sauvc_gz_ws/install/ags_env/lib/python3.12/site-packages'
[0.436s] Level 1:colcon.colcon_core.environment:checking '/home/idea-22392/sauvc_gz_ws/install/ags_env/bin'
[0.436s] INFO:colcon.colcon_core.shell:Creating package script '/home/idea-22392/sauvc_gz_ws/install/ags_env/share/ags_env/package.ps1'
[0.437s] INFO:colcon.colcon_core.shell:Creating package descriptor '/home/idea-22392/sauvc_gz_ws/install/ags_env/share/ags_env/package.dsv'
[0.437s] INFO:colcon.colcon_core.shell:Creating package script '/home/idea-22392/sauvc_gz_ws/install/ags_env/share/ags_env/package.sh'
[0.438s] INFO:colcon.colcon_core.shell:Creating package script '/home/idea-22392/sauvc_gz_ws/install/ags_env/share/ags_env/package.bash'
[0.439s] INFO:colcon.colcon_core.shell:Creating package script '/home/idea-22392/sauvc_gz_ws/install/ags_env/share/ags_env/package.zsh'
[0.439s] Level 1:colcon.colcon_core.environment:create_file_with_runtime_dependencies(/home/idea-22392/sauvc_gz_ws/install/ags_env/share/colcon-core/packages/ags_env)
[0.439s] DEBUG:colcon.colcon_parallel_executor.executor.parallel:closing loop
[0.440s] DEBUG:colcon.colcon_parallel_executor.executor.parallel:loop closed
[0.440s] DEBUG:colcon.colcon_parallel_executor.executor.parallel:run_until_complete finished with '0'
[0.440s] DEBUG:colcon.colcon_core.event_reactor:joining thread
[0.446s] INFO:colcon.colcon_core.plugin_system:Skipping extension 'colcon_notification.desktop_notification.terminal_notifier': Not used on non-Darwin systems
[0.446s] INFO:colcon.colcon_core.plugin_system:Skipping extension 'colcon_notification.desktop_notification.win32': Not used on non-Windows systems
[0.446s] INFO:colcon.colcon_notification.desktop_notification:Sending desktop notification using 'notify2'
[0.461s] DEBUG:colcon.colcon_core.event_reactor:joined thread
[0.461s] INFO:colcon.colcon_core.shell:Creating prefix script '/home/idea-22392/sauvc_gz_ws/install/local_setup.ps1'
[0.462s] INFO:colcon.colcon_core.shell:Creating prefix util module '/home/idea-22392/sauvc_gz_ws/install/_local_setup_util_ps1.py'
[0.464s] INFO:colcon.colcon_core.shell:Creating prefix chain script '/home/idea-22392/sauvc_gz_ws/install/setup.ps1'
[0.465s] INFO:colcon.colcon_core.shell:Creating prefix script '/home/idea-22392/sauvc_gz_ws/install/local_setup.sh'
[0.465s] INFO:colcon.colcon_core.shell:Creating prefix util module '/home/idea-22392/sauvc_gz_ws/install/_local_setup_util_sh.py'
[0.466s] INFO:colcon.colcon_core.shell:Creating prefix chain script '/home/idea-22392/sauvc_gz_ws/install/setup.sh'
[0.467s] INFO:colcon.colcon_core.shell:Creating prefix script '/home/idea-22392/sauvc_gz_ws/install/local_setup.bash'
[0.467s] INFO:colcon.colcon_core.shell:Creating prefix chain script '/home/idea-22392/sauvc_gz_ws/install/setup.bash'
[0.468s] INFO:colcon.colcon_core.shell:Creating prefix script '/home/idea-22392/sauvc_gz_ws/install/local_setup.zsh'
[0.468s] INFO:colcon.colcon_core.shell:Creating prefix chain script '/home/idea-22392/sauvc_gz_ws/install/setup.zsh'
