[0.052s] Invoking command in '/home/idea-22392/sauvc_gz_ws/build/ags_description': CMAKE_PREFIX_PATH=${CMAKE_PREFIX_PATH}:/opt/ros/jazzy DEBUGINFOD_URLS=https://debuginfod.ubuntu.com /usr/bin/cmake /home/idea-22392/sauvc_gz_ws/src/ags_description -DCMAKE_INSTALL_PREFIX=/home/idea-22392/sauvc_gz_ws/install/ags_description
[0.396s] -- The C compiler identification is GNU 13.3.0
[0.767s] -- The CXX compiler identification is GNU 13.3.0
[0.852s] -- Detecting C compiler ABI info
[1.314s] -- Detecting C compiler ABI info - done
[1.391s] -- Check for working C compiler: /usr/bin/cc - skipped
[1.392s] -- Detecting C compile features
[1.398s] -- Detecting C compile features - done
[1.446s] -- Detecting CXX compiler ABI info
[1.936s] -- Detecting CXX compiler ABI info - done
[2.012s] -- Check for working CXX compiler: /usr/bin/c++ - skipped
[2.012s] -- Detecting CXX compile features
[2.019s] -- Detecting CXX compile features - done
[2.037s] -- Found ament_cmake: 2.5.4 (/opt/ros/jazzy/share/ament_cmake/cmake)
[2.989s] -- Found Python3: /usr/bin/python3 (found version "3.12.3") found components: Interpreter 
[3.731s] -- Found ament_lint_auto: 0.17.2 (/opt/ros/jazzy/share/ament_lint_auto/cmake)
[4.494s] -- Added test 'lint_cmake' to check CMake code style
[4.498s] -- Added test 'xmllint' to check XML markup files
[4.512s] -- Configuring done (4.4s)
[4.533s] -- Generating done (0.0s)
[4.546s] -- Build files have been written to: /home/idea-22392/sauvc_gz_ws/build/ags_description
[4.573s] Invoked command in '/home/idea-22392/sauvc_gz_ws/build/ags_description' returned '0': CMAKE_PREFIX_PATH=${CMAKE_PREFIX_PATH}:/opt/ros/jazzy DEBUGINFOD_URLS=https://debuginfod.ubuntu.com /usr/bin/cmake /home/idea-22392/sauvc_gz_ws/src/ags_description -DCMAKE_INSTALL_PREFIX=/home/idea-22392/sauvc_gz_ws/install/ags_description
[4.581s] Invoking command in '/home/idea-22392/sauvc_gz_ws/build/ags_description': CMAKE_PREFIX_PATH=${CMAKE_PREFIX_PATH}:/opt/ros/jazzy DEBUGINFOD_URLS=https://debuginfod.ubuntu.com /usr/bin/cmake --build /home/idea-22392/sauvc_gz_ws/build/ags_description -- -j4 -l4
[4.813s] Invoked command in '/home/idea-22392/sauvc_gz_ws/build/ags_description' returned '0': CMAKE_PREFIX_PATH=${CMAKE_PREFIX_PATH}:/opt/ros/jazzy DEBUGINFOD_URLS=https://debuginfod.ubuntu.com /usr/bin/cmake --build /home/idea-22392/sauvc_gz_ws/build/ags_description -- -j4 -l4
[4.826s] Invoking command in '/home/idea-22392/sauvc_gz_ws/build/ags_description': CMAKE_PREFIX_PATH=${CMAKE_PREFIX_PATH}:/opt/ros/jazzy DEBUGINFOD_URLS=https://debuginfod.ubuntu.com /usr/bin/cmake --install /home/idea-22392/sauvc_gz_ws/build/ags_description
[4.889s] -- Install configuration: ""
[4.890s] -- Installing: /home/idea-22392/sauvc_gz_ws/install/ags_description/share/ament_index/resource_index/package_run_dependencies/ags_description
[4.893s] -- Installing: /home/idea-22392/sauvc_gz_ws/install/ags_description/share/ament_index/resource_index/parent_prefix_path/ags_description
[4.894s] -- Installing: /home/idea-22392/sauvc_gz_ws/install/ags_description/share/ags_description/environment/ament_prefix_path.sh
[4.895s] -- Installing: /home/idea-22392/sauvc_gz_ws/install/ags_description/share/ags_description/environment/ament_prefix_path.dsv
[4.898s] -- Installing: /home/idea-22392/sauvc_gz_ws/install/ags_description/share/ags_description/environment/path.sh
[4.899s] -- Installing: /home/idea-22392/sauvc_gz_ws/install/ags_description/share/ags_description/environment/path.dsv
[4.899s] -- Installing: /home/idea-22392/sauvc_gz_ws/install/ags_description/share/ags_description/local_setup.bash
[4.900s] -- Installing: /home/idea-22392/sauvc_gz_ws/install/ags_description/share/ags_description/local_setup.sh
[4.901s] -- Installing: /home/idea-22392/sauvc_gz_ws/install/ags_description/share/ags_description/local_setup.zsh
[4.902s] -- Installing: /home/idea-22392/sauvc_gz_ws/install/ags_description/share/ags_description/local_setup.dsv
[4.902s] -- Installing: /home/idea-22392/sauvc_gz_ws/install/ags_description/share/ags_description/package.dsv
[4.903s] -- Installing: /home/idea-22392/sauvc_gz_ws/install/ags_description/share/ament_index/resource_index/packages/ags_description
[4.903s] -- Installing: /home/idea-22392/sauvc_gz_ws/install/ags_description/share/ags_description/cmake/ags_descriptionConfig.cmake
[4.904s] -- Installing: /home/idea-22392/sauvc_gz_ws/install/ags_description/share/ags_description/cmake/ags_descriptionConfig-version.cmake
[4.905s] -- Up-to-date: /home/idea-22392/sauvc_gz_ws/install/ags_description/share/ags_description/package.xml
[5.004s] Invoked command in '/home/idea-22392/sauvc_gz_ws/build/ags_description' returned '0': CMAKE_PREFIX_PATH=${CMAKE_PREFIX_PATH}:/opt/ros/jazzy DEBUGINFOD_URLS=https://debuginfod.ubuntu.com /usr/bin/cmake --install /home/idea-22392/sauvc_gz_ws/build/ags_description
