[0.051s] Invoking command in '/home/moksh/sauvc_gz_ws/build/ags_control': CMAKE_PREFIX_PATH=${CMAKE_PREFIX_PATH}:/home/moksh/ros2_ws/install/talker_listener:/home/moksh/ros2_ws/install/actions_py:/home/moksh/ros2_ws/install/add_integers:/home/moksh/ros2_ws/install/ard_pub:/home/moksh/control_ws/install/bumperbot_py_examples:/home/moksh/sauvc25/install/testing:/opt/ros/jazzy DEBUGINFOD_URLS=https://debuginfod.ubuntu.com /usr/bin/cmake /home/moksh/sauvc_gz_ws/src/ags_control -DCMAKE_INSTALL_PREFIX=/home/moksh/sauvc_gz_ws/install/ags_control
[0.160s] -- The C compiler identification is GNU 13.3.0
[0.260s] -- The CXX compiler identification is GNU 13.3.0
[0.291s] -- Detecting C compiler ABI info
[0.475s] -- Detecting C compiler ABI info - done
[0.491s] -- Check for working C compiler: /usr/bin/cc - skipped
[0.492s] -- Detecting C compile features
[0.492s] -- Detecting C compile features - done
[0.509s] -- Detecting CXX compiler ABI info
[0.704s] -- Detecting CXX compiler ABI info - done
[0.720s] -- Check for working CXX compiler: /usr/bin/c++ - skipped
[0.721s] -- Detecting CXX compile features
[0.722s] -- Detecting CXX compile features - done
[0.732s] -- Found ament_cmake: 2.5.4 (/opt/ros/jazzy/share/ament_cmake/cmake)
[1.048s] -- Found Python3: /usr/bin/python3 (found version "3.12.3") found components: Interpreter 
[1.316s] -- Found ament_lint_auto: 0.17.2 (/opt/ros/jazzy/share/ament_lint_auto/cmake)
[1.550s] -- Added test 'lint_cmake' to check CMake code style
[1.553s] -- Added test 'xmllint' to check XML markup files
[1.557s] -- Configuring done (1.5s)
[1.563s] -- Generating done (0.0s)
[1.565s] -- Build files have been written to: /home/moksh/sauvc_gz_ws/build/ags_control
[1.576s] Invoked command in '/home/moksh/sauvc_gz_ws/build/ags_control' returned '0': CMAKE_PREFIX_PATH=${CMAKE_PREFIX_PATH}:/home/moksh/ros2_ws/install/talker_listener:/home/moksh/ros2_ws/install/actions_py:/home/moksh/ros2_ws/install/add_integers:/home/moksh/ros2_ws/install/ard_pub:/home/moksh/control_ws/install/bumperbot_py_examples:/home/moksh/sauvc25/install/testing:/opt/ros/jazzy DEBUGINFOD_URLS=https://debuginfod.ubuntu.com /usr/bin/cmake /home/moksh/sauvc_gz_ws/src/ags_control -DCMAKE_INSTALL_PREFIX=/home/moksh/sauvc_gz_ws/install/ags_control
[1.578s] Invoking command in '/home/moksh/sauvc_gz_ws/build/ags_control': CMAKE_PREFIX_PATH=${CMAKE_PREFIX_PATH}:/home/moksh/ros2_ws/install/talker_listener:/home/moksh/ros2_ws/install/actions_py:/home/moksh/ros2_ws/install/add_integers:/home/moksh/ros2_ws/install/ard_pub:/home/moksh/control_ws/install/bumperbot_py_examples:/home/moksh/sauvc25/install/testing:/opt/ros/jazzy DEBUGINFOD_URLS=https://debuginfod.ubuntu.com /usr/bin/cmake --build /home/moksh/sauvc_gz_ws/build/ags_control -- -j12 -l12
[1.654s] Invoked command in '/home/moksh/sauvc_gz_ws/build/ags_control' returned '0': CMAKE_PREFIX_PATH=${CMAKE_PREFIX_PATH}:/home/moksh/ros2_ws/install/talker_listener:/home/moksh/ros2_ws/install/actions_py:/home/moksh/ros2_ws/install/add_integers:/home/moksh/ros2_ws/install/ard_pub:/home/moksh/control_ws/install/bumperbot_py_examples:/home/moksh/sauvc25/install/testing:/opt/ros/jazzy DEBUGINFOD_URLS=https://debuginfod.ubuntu.com /usr/bin/cmake --build /home/moksh/sauvc_gz_ws/build/ags_control -- -j12 -l12
[1.674s] Invoking command in '/home/moksh/sauvc_gz_ws/build/ags_control': CMAKE_PREFIX_PATH=${CMAKE_PREFIX_PATH}:/home/moksh/ros2_ws/install/talker_listener:/home/moksh/ros2_ws/install/actions_py:/home/moksh/ros2_ws/install/add_integers:/home/moksh/ros2_ws/install/ard_pub:/home/moksh/control_ws/install/bumperbot_py_examples:/home/moksh/sauvc25/install/testing:/opt/ros/jazzy DEBUGINFOD_URLS=https://debuginfod.ubuntu.com /usr/bin/cmake --install /home/moksh/sauvc_gz_ws/build/ags_control
[1.690s] -- Install configuration: ""
[1.691s] -- Installing: /home/moksh/sauvc_gz_ws/install/ags_control/share/ament_index/resource_index/package_run_dependencies/ags_control
[1.691s] -- Installing: /home/moksh/sauvc_gz_ws/install/ags_control/share/ament_index/resource_index/parent_prefix_path/ags_control
[1.692s] -- Installing: /home/moksh/sauvc_gz_ws/install/ags_control/share/ags_control/environment/ament_prefix_path.sh
[1.692s] -- Installing: /home/moksh/sauvc_gz_ws/install/ags_control/share/ags_control/environment/ament_prefix_path.dsv
[1.692s] -- Installing: /home/moksh/sauvc_gz_ws/install/ags_control/share/ags_control/environment/path.sh
[1.692s] -- Installing: /home/moksh/sauvc_gz_ws/install/ags_control/share/ags_control/environment/path.dsv
[1.694s] -- Installing: /home/moksh/sauvc_gz_ws/install/ags_control/share/ags_control/local_setup.bash
[1.694s] -- Installing: /home/moksh/sauvc_gz_ws/install/ags_control/share/ags_control/local_setup.sh
[1.694s] -- Installing: /home/moksh/sauvc_gz_ws/install/ags_control/share/ags_control/local_setup.zsh
[1.695s] -- Installing: /home/moksh/sauvc_gz_ws/install/ags_control/share/ags_control/local_setup.dsv
[1.695s] -- Installing: /home/moksh/sauvc_gz_ws/install/ags_control/share/ags_control/package.dsv
[1.695s] -- Installing: /home/moksh/sauvc_gz_ws/install/ags_control/share/ament_index/resource_index/packages/ags_control
[1.695s] -- Installing: /home/moksh/sauvc_gz_ws/install/ags_control/share/ags_control/cmake/ags_controlConfig.cmake
[1.696s] -- Installing: /home/moksh/sauvc_gz_ws/install/ags_control/share/ags_control/cmake/ags_controlConfig-version.cmake
[1.698s] -- Installing: /home/moksh/sauvc_gz_ws/install/ags_control/share/ags_control/package.xml
[1.702s] Invoked command in '/home/moksh/sauvc_gz_ws/build/ags_control' returned '0': CMAKE_PREFIX_PATH=${CMAKE_PREFIX_PATH}:/home/moksh/ros2_ws/install/talker_listener:/home/moksh/ros2_ws/install/actions_py:/home/moksh/ros2_ws/install/add_integers:/home/moksh/ros2_ws/install/ard_pub:/home/moksh/control_ws/install/bumperbot_py_examples:/home/moksh/sauvc25/install/testing:/opt/ros/jazzy DEBUGINFOD_URLS=https://debuginfod.ubuntu.com /usr/bin/cmake --install /home/moksh/sauvc_gz_ws/build/ags_control
