[0.015s] Invoking command in '/home/moksh/sauvc_gz_ws/build/ags_env': CMAKE_PREFIX_PATH=${CMAKE_PREFIX_PATH}:/home/moksh/ros2_ws/install/talker_listener:/home/moksh/ros2_ws/install/actions_py:/home/moksh/ros2_ws/install/add_integers:/home/moksh/ros2_ws/install/ard_pub:/home/moksh/control_ws/install/bumperbot_py_examples:/home/moksh/sauvc25/install/testing:/opt/ros/jazzy DEBUGINFOD_URLS=https://debuginfod.ubuntu.com /usr/bin/cmake --build /home/moksh/sauvc_gz_ws/build/ags_env -- -j12 -l12
[0.069s] Invoked command in '/home/moksh/sauvc_gz_ws/build/ags_env' returned '0': CMAKE_PREFIX_PATH=${CMAKE_PREFIX_PATH}:/home/moksh/ros2_ws/install/talker_listener:/home/moksh/ros2_ws/install/actions_py:/home/moksh/ros2_ws/install/add_integers:/home/moksh/ros2_ws/install/ard_pub:/home/moksh/control_ws/install/bumperbot_py_examples:/home/moksh/sauvc25/install/testing:/opt/ros/jazzy DEBUGINFOD_URLS=https://debuginfod.ubuntu.com /usr/bin/cmake --build /home/moksh/sauvc_gz_ws/build/ags_env -- -j12 -l12
[0.070s] Invoking command in '/home/moksh/sauvc_gz_ws/build/ags_env': CMAKE_PREFIX_PATH=${CMAKE_PREFIX_PATH}:/home/moksh/ros2_ws/install/talker_listener:/home/moksh/ros2_ws/install/actions_py:/home/moksh/ros2_ws/install/add_integers:/home/moksh/ros2_ws/install/ard_pub:/home/moksh/control_ws/install/bumperbot_py_examples:/home/moksh/sauvc25/install/testing:/opt/ros/jazzy DEBUGINFOD_URLS=https://debuginfod.ubuntu.com /usr/bin/cmake --install /home/moksh/sauvc_gz_ws/build/ags_env
[0.079s] -- Install configuration: ""
[0.079s] -- Up-to-date: /home/moksh/sauvc_gz_ws/install/ags_env/share/ament_index/resource_index/package_run_dependencies/ags_env
[0.079s] -- Up-to-date: /home/moksh/sauvc_gz_ws/install/ags_env/share/ament_index/resource_index/parent_prefix_path/ags_env
[0.079s] -- Up-to-date: /home/moksh/sauvc_gz_ws/install/ags_env/share/ags_env/environment/ament_prefix_path.sh
[0.079s] -- Up-to-date: /home/moksh/sauvc_gz_ws/install/ags_env/share/ags_env/environment/ament_prefix_path.dsv
[0.079s] -- Up-to-date: /home/moksh/sauvc_gz_ws/install/ags_env/share/ags_env/environment/path.sh
[0.079s] -- Up-to-date: /home/moksh/sauvc_gz_ws/install/ags_env/share/ags_env/environment/path.dsv
[0.079s] -- Up-to-date: /home/moksh/sauvc_gz_ws/install/ags_env/share/ags_env/local_setup.bash
[0.080s] -- Up-to-date: /home/moksh/sauvc_gz_ws/install/ags_env/share/ags_env/local_setup.sh
[0.080s] -- Up-to-date: /home/moksh/sauvc_gz_ws/install/ags_env/share/ags_env/local_setup.zsh
[0.080s] -- Up-to-date: /home/moksh/sauvc_gz_ws/install/ags_env/share/ags_env/local_setup.dsv
[0.080s] -- Up-to-date: /home/moksh/sauvc_gz_ws/install/ags_env/share/ags_env/package.dsv
[0.080s] -- Up-to-date: /home/moksh/sauvc_gz_ws/install/ags_env/share/ament_index/resource_index/packages/ags_env
[0.080s] -- Up-to-date: /home/moksh/sauvc_gz_ws/install/ags_env/share/ags_env/cmake/ags_envConfig.cmake
[0.080s] -- Up-to-date: /home/moksh/sauvc_gz_ws/install/ags_env/share/ags_env/cmake/ags_envConfig-version.cmake
[0.080s] -- Up-to-date: /home/moksh/sauvc_gz_ws/install/ags_env/share/ags_env/package.xml
[0.104s] Invoked command in '/home/moksh/sauvc_gz_ws/build/ags_env' returned '0': CMAKE_PREFIX_PATH=${CMAKE_PREFIX_PATH}:/home/moksh/ros2_ws/install/talker_listener:/home/moksh/ros2_ws/install/actions_py:/home/moksh/ros2_ws/install/add_integers:/home/moksh/ros2_ws/install/ard_pub:/home/moksh/control_ws/install/bumperbot_py_examples:/home/moksh/sauvc25/install/testing:/opt/ros/jazzy DEBUGINFOD_URLS=https://debuginfod.ubuntu.com /usr/bin/cmake --install /home/moksh/sauvc_gz_ws/build/ags_env
