[0.169s] DEBUG:colcon:Command line arguments: ['/usr/bin/colcon', 'build']
[0.170s] DEBUG:colcon:Parsed command line arguments: Namespace(log_base=None, log_level=None, verb_name='build', build_base='build', install_base='install', merge_install=False, symlink_install=False, test_result_base=None, continue_on_error=False, executor='parallel', parallel_workers=12, event_handlers=None, ignore_user_meta=False, metas=['./colcon.meta'], base_paths=['.'], packages_ignore=None, packages_ignore_regex=None, paths=None, packages_up_to=None, packages_up_to_regex=None, packages_above=None, packages_above_and_dependencies=None, packages_above_depth=None, packages_select_by_dep=None, packages_skip_by_dep=None, packages_skip_up_to=None, packages_select_build_failed=False, packages_skip_build_finished=False, packages_select_test_failures=False, packages_skip_test_passed=False, packages_select=None, packages_skip=None, packages_select_regex=None, packages_skip_regex=None, packages_start=None, packages_end=None, allow_overriding=[], cmake_args=None, cmake_target=None, cmake_target_skip_unavailable=False, cmake_clean_cache=False, cmake_clean_first=False, cmake_force_configure=False, ament_cmake_args=None, catkin_cmake_args=None, catkin_skip_building_tests=False, mixin_files=None, mixin=None, verb_parser=<colcon_mixin.mixin.mixin_argument.MixinArgumentDecorator object at 0x74c18f826ed0>, verb_extension=<colcon_core.verb.build.BuildVerb object at 0x74c18f8272f0>, main=<bound method BuildVerb.main of <colcon_core.verb.build.BuildVerb object at 0x74c18f8272f0>>, mixin_verb=('build',))
[0.205s] Level 1:colcon.colcon_core.package_discovery:discover_packages(colcon_meta) check parameters
[0.205s] Level 1:colcon.colcon_core.package_discovery:discover_packages(recursive) check parameters
[0.205s] Level 1:colcon.colcon_core.package_discovery:discover_packages(ignore) check parameters
[0.205s] Level 1:colcon.colcon_core.package_discovery:discover_packages(path) check parameters
[0.205s] Level 1:colcon.colcon_core.package_discovery:discover_packages(colcon_meta) discover
[0.205s] Level 1:colcon.colcon_core.package_discovery:discover_packages(recursive) discover
[0.205s] INFO:colcon.colcon_core.package_discovery:Crawling recursively for packages in '/home/moksh/sauvc_gz_ws'
[0.205s] Level 1:colcon.colcon_core.package_identification:_identify(.) by extensions ['ignore', 'ignore_ament_install']
[0.205s] Level 1:colcon.colcon_core.package_identification:_identify(.) by extension 'ignore'
[0.205s] Level 1:colcon.colcon_core.package_identification:_identify(.) by extension 'ignore_ament_install'
[0.205s] Level 1:colcon.colcon_core.package_identification:_identify(.) by extensions ['colcon_pkg']
[0.205s] Level 1:colcon.colcon_core.package_identification:_identify(.) by extension 'colcon_pkg'
[0.205s] Level 1:colcon.colcon_core.package_identification:_identify(.) by extensions ['colcon_meta']
[0.205s] Level 1:colcon.colcon_core.package_identification:_identify(.) by extension 'colcon_meta'
[0.205s] Level 1:colcon.colcon_core.package_identification:_identify(.) by extensions ['ros']
[0.205s] Level 1:colcon.colcon_core.package_identification:_identify(.) by extension 'ros'
[0.228s] Level 1:colcon.colcon_core.package_identification:_identify(.) by extensions ['cmake', 'python']
[0.228s] Level 1:colcon.colcon_core.package_identification:_identify(.) by extension 'cmake'
[0.228s] Level 1:colcon.colcon_core.package_identification:_identify(.) by extension 'python'
[0.228s] Level 1:colcon.colcon_core.package_identification:_identify(.) by extensions ['python_setup_py']
[0.228s] Level 1:colcon.colcon_core.package_identification:_identify(.) by extension 'python_setup_py'
[0.228s] Level 1:colcon.colcon_core.package_identification:_identify(build) by extensions ['ignore', 'ignore_ament_install']
[0.228s] Level 1:colcon.colcon_core.package_identification:_identify(build) by extension 'ignore'
[0.228s] Level 1:colcon.colcon_core.package_identification:_identify(build) ignored
[0.228s] Level 1:colcon.colcon_core.package_identification:_identify(install) by extensions ['ignore', 'ignore_ament_install']
[0.228s] Level 1:colcon.colcon_core.package_identification:_identify(install) by extension 'ignore'
[0.228s] Level 1:colcon.colcon_core.package_identification:_identify(install) ignored
[0.228s] Level 1:colcon.colcon_core.package_identification:_identify(log) by extensions ['ignore', 'ignore_ament_install']
[0.228s] Level 1:colcon.colcon_core.package_identification:_identify(log) by extension 'ignore'
[0.228s] Level 1:colcon.colcon_core.package_identification:_identify(log) ignored
[0.228s] Level 1:colcon.colcon_core.package_identification:_identify(src) by extensions ['ignore', 'ignore_ament_install']
[0.228s] Level 1:colcon.colcon_core.package_identification:_identify(src) by extension 'ignore'
[0.228s] Level 1:colcon.colcon_core.package_identification:_identify(src) by extension 'ignore_ament_install'
[0.228s] Level 1:colcon.colcon_core.package_identification:_identify(src) by extensions ['colcon_pkg']
[0.229s] Level 1:colcon.colcon_core.package_identification:_identify(src) by extension 'colcon_pkg'
[0.229s] Level 1:colcon.colcon_core.package_identification:_identify(src) by extensions ['colcon_meta']
[0.229s] Level 1:colcon.colcon_core.package_identification:_identify(src) by extension 'colcon_meta'
[0.229s] Level 1:colcon.colcon_core.package_identification:_identify(src) by extensions ['ros']
[0.229s] Level 1:colcon.colcon_core.package_identification:_identify(src) by extension 'ros'
[0.229s] Level 1:colcon.colcon_core.package_identification:_identify(src) by extensions ['cmake', 'python']
[0.229s] Level 1:colcon.colcon_core.package_identification:_identify(src) by extension 'cmake'
[0.229s] Level 1:colcon.colcon_core.package_identification:_identify(src) by extension 'python'
[0.229s] Level 1:colcon.colcon_core.package_identification:_identify(src) by extensions ['python_setup_py']
[0.229s] Level 1:colcon.colcon_core.package_identification:_identify(src) by extension 'python_setup_py'
[0.229s] Level 1:colcon.colcon_core.package_identification:_identify(src/ags_control) by extensions ['ignore', 'ignore_ament_install']
[0.229s] Level 1:colcon.colcon_core.package_identification:_identify(src/ags_control) by extension 'ignore'
[0.229s] Level 1:colcon.colcon_core.package_identification:_identify(src/ags_control) by extension 'ignore_ament_install'
[0.229s] Level 1:colcon.colcon_core.package_identification:_identify(src/ags_control) by extensions ['colcon_pkg']
[0.229s] Level 1:colcon.colcon_core.package_identification:_identify(src/ags_control) by extension 'colcon_pkg'
[0.229s] Level 1:colcon.colcon_core.package_identification:_identify(src/ags_control) by extensions ['colcon_meta']
[0.229s] Level 1:colcon.colcon_core.package_identification:_identify(src/ags_control) by extension 'colcon_meta'
[0.229s] Level 1:colcon.colcon_core.package_identification:_identify(src/ags_control) by extensions ['ros']
[0.229s] Level 1:colcon.colcon_core.package_identification:_identify(src/ags_control) by extension 'ros'
[0.231s] DEBUG:colcon.colcon_core.package_identification:Package 'src/ags_control' with type 'ros.ament_cmake' and name 'ags_control'
[0.231s] Level 1:colcon.colcon_core.package_identification:_identify(src/ags_description) by extensions ['ignore', 'ignore_ament_install']
[0.231s] Level 1:colcon.colcon_core.package_identification:_identify(src/ags_description) by extension 'ignore'
[0.231s] Level 1:colcon.colcon_core.package_identification:_identify(src/ags_description) by extension 'ignore_ament_install'
[0.231s] Level 1:colcon.colcon_core.package_identification:_identify(src/ags_description) by extensions ['colcon_pkg']
[0.231s] Level 1:colcon.colcon_core.package_identification:_identify(src/ags_description) by extension 'colcon_pkg'
[0.232s] Level 1:colcon.colcon_core.package_identification:_identify(src/ags_description) by extensions ['colcon_meta']
[0.232s] Level 1:colcon.colcon_core.package_identification:_identify(src/ags_description) by extension 'colcon_meta'
[0.232s] Level 1:colcon.colcon_core.package_identification:_identify(src/ags_description) by extensions ['ros']
[0.232s] Level 1:colcon.colcon_core.package_identification:_identify(src/ags_description) by extension 'ros'
[0.232s] DEBUG:colcon.colcon_core.package_identification:Package 'src/ags_description' with type 'ros.ament_cmake' and name 'ags_description'
[0.232s] Level 1:colcon.colcon_core.package_identification:_identify(src/ags_env) by extensions ['ignore', 'ignore_ament_install']
[0.232s] Level 1:colcon.colcon_core.package_identification:_identify(src/ags_env) by extension 'ignore'
[0.232s] Level 1:colcon.colcon_core.package_identification:_identify(src/ags_env) by extension 'ignore_ament_install'
[0.232s] Level 1:colcon.colcon_core.package_identification:_identify(src/ags_env) by extensions ['colcon_pkg']
[0.232s] Level 1:colcon.colcon_core.package_identification:_identify(src/ags_env) by extension 'colcon_pkg'
[0.232s] Level 1:colcon.colcon_core.package_identification:_identify(src/ags_env) by extensions ['colcon_meta']
[0.232s] Level 1:colcon.colcon_core.package_identification:_identify(src/ags_env) by extension 'colcon_meta'
[0.232s] Level 1:colcon.colcon_core.package_identification:_identify(src/ags_env) by extensions ['ros']
[0.232s] Level 1:colcon.colcon_core.package_identification:_identify(src/ags_env) by extension 'ros'
[0.233s] DEBUG:colcon.colcon_core.package_identification:Package 'src/ags_env' with type 'ros.ament_cmake' and name 'ags_env'
[0.233s] Level 1:colcon.colcon_core.package_identification:_identify(src/ags_models) by extensions ['ignore', 'ignore_ament_install']
[0.233s] Level 1:colcon.colcon_core.package_identification:_identify(src/ags_models) by extension 'ignore'
[0.233s] Level 1:colcon.colcon_core.package_identification:_identify(src/ags_models) by extension 'ignore_ament_install'
[0.233s] Level 1:colcon.colcon_core.package_identification:_identify(src/ags_models) by extensions ['colcon_pkg']
[0.233s] Level 1:colcon.colcon_core.package_identification:_identify(src/ags_models) by extension 'colcon_pkg'
[0.233s] Level 1:colcon.colcon_core.package_identification:_identify(src/ags_models) by extensions ['colcon_meta']
[0.233s] Level 1:colcon.colcon_core.package_identification:_identify(src/ags_models) by extension 'colcon_meta'
[0.233s] Level 1:colcon.colcon_core.package_identification:_identify(src/ags_models) by extensions ['ros']
[0.233s] Level 1:colcon.colcon_core.package_identification:_identify(src/ags_models) by extension 'ros'
[0.233s] Level 1:colcon.colcon_core.package_identification:_identify(src/ags_models) by extensions ['cmake', 'python']
[0.233s] Level 1:colcon.colcon_core.package_identification:_identify(src/ags_models) by extension 'cmake'
[0.233s] Level 1:colcon.colcon_core.package_identification:_identify(src/ags_models) by extension 'python'
[0.233s] Level 1:colcon.colcon_core.package_identification:_identify(src/ags_models) by extensions ['python_setup_py']
[0.233s] Level 1:colcon.colcon_core.package_identification:_identify(src/ags_models) by extension 'python_setup_py'
[0.233s] Level 1:colcon.colcon_core.package_identification:_identify(src/ags_models/sauvc_pool) by extensions ['ignore', 'ignore_ament_install']
[0.233s] Level 1:colcon.colcon_core.package_identification:_identify(src/ags_models/sauvc_pool) by extension 'ignore'
[0.233s] Level 1:colcon.colcon_core.package_identification:_identify(src/ags_models/sauvc_pool) by extension 'ignore_ament_install'
[0.233s] Level 1:colcon.colcon_core.package_identification:_identify(src/ags_models/sauvc_pool) by extensions ['colcon_pkg']
[0.233s] Level 1:colcon.colcon_core.package_identification:_identify(src/ags_models/sauvc_pool) by extension 'colcon_pkg'
[0.233s] Level 1:colcon.colcon_core.package_identification:_identify(src/ags_models/sauvc_pool) by extensions ['colcon_meta']
[0.233s] Level 1:colcon.colcon_core.package_identification:_identify(src/ags_models/sauvc_pool) by extension 'colcon_meta'
[0.233s] Level 1:colcon.colcon_core.package_identification:_identify(src/ags_models/sauvc_pool) by extensions ['ros']
[0.233s] Level 1:colcon.colcon_core.package_identification:_identify(src/ags_models/sauvc_pool) by extension 'ros'
[0.233s] Level 1:colcon.colcon_core.package_identification:_identify(src/ags_models/sauvc_pool) by extensions ['cmake', 'python']
[0.233s] Level 1:colcon.colcon_core.package_identification:_identify(src/ags_models/sauvc_pool) by extension 'cmake'
[0.233s] Level 1:colcon.colcon_core.package_identification:_identify(src/ags_models/sauvc_pool) by extension 'python'
[0.234s] Level 1:colcon.colcon_core.package_identification:_identify(src/ags_models/sauvc_pool) by extensions ['python_setup_py']
[0.234s] Level 1:colcon.colcon_core.package_identification:_identify(src/ags_models/sauvc_pool) by extension 'python_setup_py'
[0.234s] Level 1:colcon.colcon_core.package_identification:_identify(src/ags_models/sauvc_pool/materials) by extensions ['ignore', 'ignore_ament_install']
[0.234s] Level 1:colcon.colcon_core.package_identification:_identify(src/ags_models/sauvc_pool/materials) by extension 'ignore'
[0.234s] Level 1:colcon.colcon_core.package_identification:_identify(src/ags_models/sauvc_pool/materials) by extension 'ignore_ament_install'
[0.234s] Level 1:colcon.colcon_core.package_identification:_identify(src/ags_models/sauvc_pool/materials) by extensions ['colcon_pkg']
[0.234s] Level 1:colcon.colcon_core.package_identification:_identify(src/ags_models/sauvc_pool/materials) by extension 'colcon_pkg'
[0.234s] Level 1:colcon.colcon_core.package_identification:_identify(src/ags_models/sauvc_pool/materials) by extensions ['colcon_meta']
[0.234s] Level 1:colcon.colcon_core.package_identification:_identify(src/ags_models/sauvc_pool/materials) by extension 'colcon_meta'
[0.234s] Level 1:colcon.colcon_core.package_identification:_identify(src/ags_models/sauvc_pool/materials) by extensions ['ros']
[0.234s] Level 1:colcon.colcon_core.package_identification:_identify(src/ags_models/sauvc_pool/materials) by extension 'ros'
[0.234s] Level 1:colcon.colcon_core.package_identification:_identify(src/ags_models/sauvc_pool/materials) by extensions ['cmake', 'python']
[0.234s] Level 1:colcon.colcon_core.package_identification:_identify(src/ags_models/sauvc_pool/materials) by extension 'cmake'
[0.234s] Level 1:colcon.colcon_core.package_identification:_identify(src/ags_models/sauvc_pool/materials) by extension 'python'
[0.234s] Level 1:colcon.colcon_core.package_identification:_identify(src/ags_models/sauvc_pool/materials) by extensions ['python_setup_py']
[0.234s] Level 1:colcon.colcon_core.package_identification:_identify(src/ags_models/sauvc_pool/materials) by extension 'python_setup_py'
[0.234s] Level 1:colcon.colcon_core.package_identification:_identify(src/ags_models/sauvc_pool/materials/scripts) by extensions ['ignore', 'ignore_ament_install']
[0.234s] Level 1:colcon.colcon_core.package_identification:_identify(src/ags_models/sauvc_pool/materials/scripts) by extension 'ignore'
[0.234s] Level 1:colcon.colcon_core.package_identification:_identify(src/ags_models/sauvc_pool/materials/scripts) by extension 'ignore_ament_install'
[0.234s] Level 1:colcon.colcon_core.package_identification:_identify(src/ags_models/sauvc_pool/materials/scripts) by extensions ['colcon_pkg']
[0.234s] Level 1:colcon.colcon_core.package_identification:_identify(src/ags_models/sauvc_pool/materials/scripts) by extension 'colcon_pkg'
[0.234s] Level 1:colcon.colcon_core.package_identification:_identify(src/ags_models/sauvc_pool/materials/scripts) by extensions ['colcon_meta']
[0.234s] Level 1:colcon.colcon_core.package_identification:_identify(src/ags_models/sauvc_pool/materials/scripts) by extension 'colcon_meta'
[0.234s] Level 1:colcon.colcon_core.package_identification:_identify(src/ags_models/sauvc_pool/materials/scripts) by extensions ['ros']
[0.234s] Level 1:colcon.colcon_core.package_identification:_identify(src/ags_models/sauvc_pool/materials/scripts) by extension 'ros'
[0.234s] Level 1:colcon.colcon_core.package_identification:_identify(src/ags_models/sauvc_pool/materials/scripts) by extensions ['cmake', 'python']
[0.234s] Level 1:colcon.colcon_core.package_identification:_identify(src/ags_models/sauvc_pool/materials/scripts) by extension 'cmake'
[0.235s] Level 1:colcon.colcon_core.package_identification:_identify(src/ags_models/sauvc_pool/materials/scripts) by extension 'python'
[0.235s] Level 1:colcon.colcon_core.package_identification:_identify(src/ags_models/sauvc_pool/materials/scripts) by extensions ['python_setup_py']
[0.235s] Level 1:colcon.colcon_core.package_identification:_identify(src/ags_models/sauvc_pool/materials/scripts) by extension 'python_setup_py'
[0.235s] Level 1:colcon.colcon_core.package_identification:_identify(src/ags_models/sauvc_pool/materials/textures) by extensions ['ignore', 'ignore_ament_install']
[0.235s] Level 1:colcon.colcon_core.package_identification:_identify(src/ags_models/sauvc_pool/materials/textures) by extension 'ignore'
[0.235s] Level 1:colcon.colcon_core.package_identification:_identify(src/ags_models/sauvc_pool/materials/textures) by extension 'ignore_ament_install'
[0.235s] Level 1:colcon.colcon_core.package_identification:_identify(src/ags_models/sauvc_pool/materials/textures) by extensions ['colcon_pkg']
[0.235s] Level 1:colcon.colcon_core.package_identification:_identify(src/ags_models/sauvc_pool/materials/textures) by extension 'colcon_pkg'
[0.235s] Level 1:colcon.colcon_core.package_identification:_identify(src/ags_models/sauvc_pool/materials/textures) by extensions ['colcon_meta']
[0.235s] Level 1:colcon.colcon_core.package_identification:_identify(src/ags_models/sauvc_pool/materials/textures) by extension 'colcon_meta'
[0.235s] Level 1:colcon.colcon_core.package_identification:_identify(src/ags_models/sauvc_pool/materials/textures) by extensions ['ros']
[0.235s] Level 1:colcon.colcon_core.package_identification:_identify(src/ags_models/sauvc_pool/materials/textures) by extension 'ros'
[0.235s] Level 1:colcon.colcon_core.package_identification:_identify(src/ags_models/sauvc_pool/materials/textures) by extensions ['cmake', 'python']
[0.235s] Level 1:colcon.colcon_core.package_identification:_identify(src/ags_models/sauvc_pool/materials/textures) by extension 'cmake'
[0.235s] Level 1:colcon.colcon_core.package_identification:_identify(src/ags_models/sauvc_pool/materials/textures) by extension 'python'
[0.235s] Level 1:colcon.colcon_core.package_identification:_identify(src/ags_models/sauvc_pool/materials/textures) by extensions ['python_setup_py']
[0.235s] Level 1:colcon.colcon_core.package_identification:_identify(src/ags_models/sauvc_pool/materials/textures) by extension 'python_setup_py'
[0.235s] Level 1:colcon.colcon_core.package_identification:_identify(src/ags_models/start_zone) by extensions ['ignore', 'ignore_ament_install']
[0.235s] Level 1:colcon.colcon_core.package_identification:_identify(src/ags_models/start_zone) by extension 'ignore'
[0.235s] Level 1:colcon.colcon_core.package_identification:_identify(src/ags_models/start_zone) by extension 'ignore_ament_install'
[0.235s] Level 1:colcon.colcon_core.package_identification:_identify(src/ags_models/start_zone) by extensions ['colcon_pkg']
[0.235s] Level 1:colcon.colcon_core.package_identification:_identify(src/ags_models/start_zone) by extension 'colcon_pkg'
[0.235s] Level 1:colcon.colcon_core.package_identification:_identify(src/ags_models/start_zone) by extensions ['colcon_meta']
[0.235s] Level 1:colcon.colcon_core.package_identification:_identify(src/ags_models/start_zone) by extension 'colcon_meta'
[0.235s] Level 1:colcon.colcon_core.package_identification:_identify(src/ags_models/start_zone) by extensions ['ros']
[0.235s] Level 1:colcon.colcon_core.package_identification:_identify(src/ags_models/start_zone) by extension 'ros'
[0.235s] Level 1:colcon.colcon_core.package_identification:_identify(src/ags_models/start_zone) by extensions ['cmake', 'python']
[0.235s] Level 1:colcon.colcon_core.package_identification:_identify(src/ags_models/start_zone) by extension 'cmake'
[0.236s] Level 1:colcon.colcon_core.package_identification:_identify(src/ags_models/start_zone) by extension 'python'
[0.236s] Level 1:colcon.colcon_core.package_identification:_identify(src/ags_models/start_zone) by extensions ['python_setup_py']
[0.236s] Level 1:colcon.colcon_core.package_identification:_identify(src/ags_models/start_zone) by extension 'python_setup_py'
[0.236s] Level 1:colcon.colcon_core.package_discovery:discover_packages(recursive) using defaults
[0.236s] Level 1:colcon.colcon_core.package_discovery:discover_packages(ignore) discover
[0.236s] Level 1:colcon.colcon_core.package_discovery:discover_packages(ignore) using defaults
[0.236s] Level 1:colcon.colcon_core.package_discovery:discover_packages(path) discover
[0.236s] Level 1:colcon.colcon_core.package_discovery:discover_packages(path) using defaults
[0.252s] Level 1:colcon.colcon_core.package_discovery:discover_packages(prefix_path) check parameters
[0.252s] Level 1:colcon.colcon_core.package_discovery:discover_packages(prefix_path) discover
[0.256s] DEBUG:colcon.colcon_installed_package_information.package_discovery:Found 4 installed packages in /home/moksh/cpp_ws/install
[0.257s] DEBUG:colcon.colcon_installed_package_information.package_discovery:Found 4 installed packages in /home/moksh/control_ws/install
[0.257s] DEBUG:colcon.colcon_installed_package_information.package_discovery:Found 1 installed packages in /home/moksh/gz_ws/install
[0.257s] DEBUG:colcon.colcon_installed_package_information.package_discovery:Found 1 installed packages in /home/moksh/sauvc25/install
[0.258s] DEBUG:colcon.colcon_installed_package_information.package_discovery:Found 6 installed packages in /home/moksh/ros2_ws/install
[0.259s] DEBUG:colcon.colcon_installed_package_information.package_discovery:Found 318 installed packages in /opt/ros/jazzy
[0.260s] Level 1:colcon.colcon_core.package_discovery:discover_packages(prefix_path) using defaults
[0.301s] Level 5:colcon.colcon_core.verb:set package 'ags_control' build argument 'cmake_args' from command line to 'None'
[0.301s] Level 5:colcon.colcon_core.verb:set package 'ags_control' build argument 'cmake_target' from command line to 'None'
[0.301s] Level 5:colcon.colcon_core.verb:set package 'ags_control' build argument 'cmake_target_skip_unavailable' from command line to 'False'
[0.301s] Level 5:colcon.colcon_core.verb:set package 'ags_control' build argument 'cmake_clean_cache' from command line to 'False'
[0.301s] Level 5:colcon.colcon_core.verb:set package 'ags_control' build argument 'cmake_clean_first' from command line to 'False'
[0.301s] Level 5:colcon.colcon_core.verb:set package 'ags_control' build argument 'cmake_force_configure' from command line to 'False'
[0.301s] Level 5:colcon.colcon_core.verb:set package 'ags_control' build argument 'ament_cmake_args' from command line to 'None'
[0.301s] Level 5:colcon.colcon_core.verb:set package 'ags_control' build argument 'catkin_cmake_args' from command line to 'None'
[0.301s] Level 5:colcon.colcon_core.verb:set package 'ags_control' build argument 'catkin_skip_building_tests' from command line to 'False'
[0.301s] DEBUG:colcon.colcon_core.verb:Building package 'ags_control' with the following arguments: {'ament_cmake_args': None, 'build_base': '/home/moksh/sauvc_gz_ws/build/ags_control', 'catkin_cmake_args': None, 'catkin_skip_building_tests': False, 'cmake_args': None, 'cmake_clean_cache': False, 'cmake_clean_first': False, 'cmake_force_configure': False, 'cmake_target': None, 'cmake_target_skip_unavailable': False, 'install_base': '/home/moksh/sauvc_gz_ws/install/ags_control', 'merge_install': False, 'path': '/home/moksh/sauvc_gz_ws/src/ags_control', 'symlink_install': False, 'test_result_base': None}
[0.302s] Level 5:colcon.colcon_core.verb:set package 'ags_description' build argument 'cmake_args' from command line to 'None'
[0.302s] Level 5:colcon.colcon_core.verb:set package 'ags_description' build argument 'cmake_target' from command line to 'None'
[0.302s] Level 5:colcon.colcon_core.verb:set package 'ags_description' build argument 'cmake_target_skip_unavailable' from command line to 'False'
[0.302s] Level 5:colcon.colcon_core.verb:set package 'ags_description' build argument 'cmake_clean_cache' from command line to 'False'
[0.302s] Level 5:colcon.colcon_core.verb:set package 'ags_description' build argument 'cmake_clean_first' from command line to 'False'
[0.302s] Level 5:colcon.colcon_core.verb:set package 'ags_description' build argument 'cmake_force_configure' from command line to 'False'
[0.302s] Level 5:colcon.colcon_core.verb:set package 'ags_description' build argument 'ament_cmake_args' from command line to 'None'
[0.302s] Level 5:colcon.colcon_core.verb:set package 'ags_description' build argument 'catkin_cmake_args' from command line to 'None'
[0.302s] Level 5:colcon.colcon_core.verb:set package 'ags_description' build argument 'catkin_skip_building_tests' from command line to 'False'
[0.302s] DEBUG:colcon.colcon_core.verb:Building package 'ags_description' with the following arguments: {'ament_cmake_args': None, 'build_base': '/home/moksh/sauvc_gz_ws/build/ags_description', 'catkin_cmake_args': None, 'catkin_skip_building_tests': False, 'cmake_args': None, 'cmake_clean_cache': False, 'cmake_clean_first': False, 'cmake_force_configure': False, 'cmake_target': None, 'cmake_target_skip_unavailable': False, 'install_base': '/home/moksh/sauvc_gz_ws/install/ags_description', 'merge_install': False, 'path': '/home/moksh/sauvc_gz_ws/src/ags_description', 'symlink_install': False, 'test_result_base': None}
[0.302s] Level 5:colcon.colcon_core.verb:set package 'ags_env' build argument 'cmake_args' from command line to 'None'
[0.302s] Level 5:colcon.colcon_core.verb:set package 'ags_env' build argument 'cmake_target' from command line to 'None'
[0.302s] Level 5:colcon.colcon_core.verb:set package 'ags_env' build argument 'cmake_target_skip_unavailable' from command line to 'False'
[0.302s] Level 5:colcon.colcon_core.verb:set package 'ags_env' build argument 'cmake_clean_cache' from command line to 'False'
[0.302s] Level 5:colcon.colcon_core.verb:set package 'ags_env' build argument 'cmake_clean_first' from command line to 'False'
[0.302s] Level 5:colcon.colcon_core.verb:set package 'ags_env' build argument 'cmake_force_configure' from command line to 'False'
[0.302s] Level 5:colcon.colcon_core.verb:set package 'ags_env' build argument 'ament_cmake_args' from command line to 'None'
[0.302s] Level 5:colcon.colcon_core.verb:set package 'ags_env' build argument 'catkin_cmake_args' from command line to 'None'
[0.302s] Level 5:colcon.colcon_core.verb:set package 'ags_env' build argument 'catkin_skip_building_tests' from command line to 'False'
[0.302s] DEBUG:colcon.colcon_core.verb:Building package 'ags_env' with the following arguments: {'ament_cmake_args': None, 'build_base': '/home/moksh/sauvc_gz_ws/build/ags_env', 'catkin_cmake_args': None, 'catkin_skip_building_tests': False, 'cmake_args': None, 'cmake_clean_cache': False, 'cmake_clean_first': False, 'cmake_force_configure': False, 'cmake_target': None, 'cmake_target_skip_unavailable': False, 'install_base': '/home/moksh/sauvc_gz_ws/install/ags_env', 'merge_install': False, 'path': '/home/moksh/sauvc_gz_ws/src/ags_env', 'symlink_install': False, 'test_result_base': None}
[0.302s] INFO:colcon.colcon_core.executor:Executing jobs using 'parallel' executor
[0.303s] DEBUG:colcon.colcon_parallel_executor.executor.parallel:run_until_complete
[0.303s] INFO:colcon.colcon_ros.task.ament_cmake.build:Building ROS package in '/home/moksh/sauvc_gz_ws/src/ags_control' with build type 'ament_cmake'
[0.303s] INFO:colcon.colcon_cmake.task.cmake.build:Building CMake package in '/home/moksh/sauvc_gz_ws/src/ags_control'
[0.308s] INFO:colcon.colcon_core.plugin_system:Skipping extension 'colcon_core.shell.bat': Not used on non-Windows systems
[0.308s] INFO:colcon.colcon_core.shell:Skip shell extension 'powershell' for command environment: Not usable outside of PowerShell
[0.308s] DEBUG:colcon.colcon_core.shell:Skip shell extension 'dsv' for command environment
[0.313s] INFO:colcon.colcon_ros.task.ament_cmake.build:Building ROS package in '/home/moksh/sauvc_gz_ws/src/ags_description' with build type 'ament_cmake'
[0.313s] INFO:colcon.colcon_cmake.task.cmake.build:Building CMake package in '/home/moksh/sauvc_gz_ws/src/ags_description'
[0.313s] INFO:colcon.colcon_core.shell:Skip shell extension 'powershell' for command environment: Not usable outside of PowerShell
[0.314s] DEBUG:colcon.colcon_core.shell:Skip shell extension 'dsv' for command environment
[0.318s] INFO:colcon.colcon_ros.task.ament_cmake.build:Building ROS package in '/home/moksh/sauvc_gz_ws/src/ags_env' with build type 'ament_cmake'
[0.318s] INFO:colcon.colcon_cmake.task.cmake.build:Building CMake package in '/home/moksh/sauvc_gz_ws/src/ags_env'
[0.318s] INFO:colcon.colcon_core.shell:Skip shell extension 'powershell' for command environment: Not usable outside of PowerShell
[0.318s] DEBUG:colcon.colcon_core.shell:Skip shell extension 'dsv' for command environment
[0.325s] DEBUG:colcon.colcon_core.event_handler.log_command:Invoking command in '/home/moksh/sauvc_gz_ws/build/ags_control': CMAKE_PREFIX_PATH=${CMAKE_PREFIX_PATH}:/home/moksh/ros2_ws/install/talker_listener:/home/moksh/ros2_ws/install/actions_py:/home/moksh/ros2_ws/install/add_integers:/home/moksh/ros2_ws/install/ard_pub:/home/moksh/control_ws/install/bumperbot_py_examples:/home/moksh/sauvc25/install/testing:/opt/ros/jazzy DEBUGINFOD_URLS=https://debuginfod.ubuntu.com /usr/bin/cmake --build /home/moksh/sauvc_gz_ws/build/ags_control -- -j12 -l12
[0.328s] DEBUG:colcon.colcon_core.event_handler.log_command:Invoking command in '/home/moksh/sauvc_gz_ws/build/ags_description': CMAKE_PREFIX_PATH=${CMAKE_PREFIX_PATH}:/home/moksh/ros2_ws/install/talker_listener:/home/moksh/ros2_ws/install/actions_py:/home/moksh/ros2_ws/install/add_integers:/home/moksh/ros2_ws/install/ard_pub:/home/moksh/control_ws/install/bumperbot_py_examples:/home/moksh/sauvc25/install/testing:/opt/ros/jazzy DEBUGINFOD_URLS=https://debuginfod.ubuntu.com /usr/bin/cmake --build /home/moksh/sauvc_gz_ws/build/ags_description -- -j12 -l12
[0.333s] DEBUG:colcon.colcon_core.event_handler.log_command:Invoking command in '/home/moksh/sauvc_gz_ws/build/ags_env': CMAKE_PREFIX_PATH=${CMAKE_PREFIX_PATH}:/home/moksh/ros2_ws/install/talker_listener:/home/moksh/ros2_ws/install/actions_py:/home/moksh/ros2_ws/install/add_integers:/home/moksh/ros2_ws/install/ard_pub:/home/moksh/control_ws/install/bumperbot_py_examples:/home/moksh/sauvc25/install/testing:/opt/ros/jazzy DEBUGINFOD_URLS=https://debuginfod.ubuntu.com /usr/bin/cmake --build /home/moksh/sauvc_gz_ws/build/ags_env -- -j12 -l12
[0.374s] DEBUG:colcon.colcon_core.event_handler.log_command:Invoked command in '/home/moksh/sauvc_gz_ws/build/ags_description' returned '0': CMAKE_PREFIX_PATH=${CMAKE_PREFIX_PATH}:/home/moksh/ros2_ws/install/talker_listener:/home/moksh/ros2_ws/install/actions_py:/home/moksh/ros2_ws/install/add_integers:/home/moksh/ros2_ws/install/ard_pub:/home/moksh/control_ws/install/bumperbot_py_examples:/home/moksh/sauvc25/install/testing:/opt/ros/jazzy DEBUGINFOD_URLS=https://debuginfod.ubuntu.com /usr/bin/cmake --build /home/moksh/sauvc_gz_ws/build/ags_description -- -j12 -l12
[0.385s] DEBUG:colcon.colcon_core.event_handler.log_command:Invoking command in '/home/moksh/sauvc_gz_ws/build/ags_description': CMAKE_PREFIX_PATH=${CMAKE_PREFIX_PATH}:/home/moksh/ros2_ws/install/talker_listener:/home/moksh/ros2_ws/install/actions_py:/home/moksh/ros2_ws/install/add_integers:/home/moksh/ros2_ws/install/ard_pub:/home/moksh/control_ws/install/bumperbot_py_examples:/home/moksh/sauvc25/install/testing:/opt/ros/jazzy DEBUGINFOD_URLS=https://debuginfod.ubuntu.com /usr/bin/cmake --install /home/moksh/sauvc_gz_ws/build/ags_description
[0.386s] DEBUG:colcon.colcon_core.event_handler.log_command:Invoked command in '/home/moksh/sauvc_gz_ws/build/ags_control' returned '0': CMAKE_PREFIX_PATH=${CMAKE_PREFIX_PATH}:/home/moksh/ros2_ws/install/talker_listener:/home/moksh/ros2_ws/install/actions_py:/home/moksh/ros2_ws/install/add_integers:/home/moksh/ros2_ws/install/ard_pub:/home/moksh/control_ws/install/bumperbot_py_examples:/home/moksh/sauvc25/install/testing:/opt/ros/jazzy DEBUGINFOD_URLS=https://debuginfod.ubuntu.com /usr/bin/cmake --build /home/moksh/sauvc_gz_ws/build/ags_control -- -j12 -l12
[0.387s] DEBUG:colcon.colcon_core.event_handler.log_command:Invoking command in '/home/moksh/sauvc_gz_ws/build/ags_control': CMAKE_PREFIX_PATH=${CMAKE_PREFIX_PATH}:/home/moksh/ros2_ws/install/talker_listener:/home/moksh/ros2_ws/install/actions_py:/home/moksh/ros2_ws/install/add_integers:/home/moksh/ros2_ws/install/ard_pub:/home/moksh/control_ws/install/bumperbot_py_examples:/home/moksh/sauvc25/install/testing:/opt/ros/jazzy DEBUGINFOD_URLS=https://debuginfod.ubuntu.com /usr/bin/cmake --install /home/moksh/sauvc_gz_ws/build/ags_control
[0.387s] DEBUG:colcon.colcon_core.event_handler.log_command:Invoked command in '/home/moksh/sauvc_gz_ws/build/ags_env' returned '0': CMAKE_PREFIX_PATH=${CMAKE_PREFIX_PATH}:/home/moksh/ros2_ws/install/talker_listener:/home/moksh/ros2_ws/install/actions_py:/home/moksh/ros2_ws/install/add_integers:/home/moksh/ros2_ws/install/ard_pub:/home/moksh/control_ws/install/bumperbot_py_examples:/home/moksh/sauvc25/install/testing:/opt/ros/jazzy DEBUGINFOD_URLS=https://debuginfod.ubuntu.com /usr/bin/cmake --build /home/moksh/sauvc_gz_ws/build/ags_env -- -j12 -l12
[0.388s] DEBUG:colcon.colcon_core.event_handler.log_command:Invoking command in '/home/moksh/sauvc_gz_ws/build/ags_env': CMAKE_PREFIX_PATH=${CMAKE_PREFIX_PATH}:/home/moksh/ros2_ws/install/talker_listener:/home/moksh/ros2_ws/install/actions_py:/home/moksh/ros2_ws/install/add_integers:/home/moksh/ros2_ws/install/ard_pub:/home/moksh/control_ws/install/bumperbot_py_examples:/home/moksh/sauvc25/install/testing:/opt/ros/jazzy DEBUGINFOD_URLS=https://debuginfod.ubuntu.com /usr/bin/cmake --install /home/moksh/sauvc_gz_ws/build/ags_env
[0.396s] Level 1:colcon.colcon_core.environment:create_environment_scripts_only(ags_control)
[0.396s] DEBUG:colcon.colcon_core.event_handler.log_command:Invoked command in '/home/moksh/sauvc_gz_ws/build/ags_control' returned '0': CMAKE_PREFIX_PATH=${CMAKE_PREFIX_PATH}:/home/moksh/ros2_ws/install/talker_listener:/home/moksh/ros2_ws/install/actions_py:/home/moksh/ros2_ws/install/add_integers:/home/moksh/ros2_ws/install/ard_pub:/home/moksh/control_ws/install/bumperbot_py_examples:/home/moksh/sauvc25/install/testing:/opt/ros/jazzy DEBUGINFOD_URLS=https://debuginfod.ubuntu.com /usr/bin/cmake --install /home/moksh/sauvc_gz_ws/build/ags_control
[0.402s] Level 1:colcon.colcon_core.environment:checking '/home/moksh/sauvc_gz_ws/install/ags_control' for CMake module files
[0.402s] Level 1:colcon.colcon_core.environment:checking '/home/moksh/sauvc_gz_ws/install/ags_control' for CMake config files
[0.403s] Level 1:colcon.colcon_core.shell:create_environment_hook('ags_control', 'cmake_prefix_path')
[0.403s] INFO:colcon.colcon_core.shell:Creating environment hook '/home/moksh/sauvc_gz_ws/install/ags_control/share/ags_control/hook/cmake_prefix_path.ps1'
[0.403s] INFO:colcon.colcon_core.shell:Creating environment descriptor '/home/moksh/sauvc_gz_ws/install/ags_control/share/ags_control/hook/cmake_prefix_path.dsv'
[0.404s] INFO:colcon.colcon_core.shell:Creating environment hook '/home/moksh/sauvc_gz_ws/install/ags_control/share/ags_control/hook/cmake_prefix_path.sh'
[0.405s] Level 1:colcon.colcon_core.environment:checking '/home/moksh/sauvc_gz_ws/install/ags_control/bin'
[0.405s] Level 1:colcon.colcon_core.environment:checking '/home/moksh/sauvc_gz_ws/install/ags_control/lib/pkgconfig/ags_control.pc'
[0.405s] Level 1:colcon.colcon_core.environment:checking '/home/moksh/sauvc_gz_ws/install/ags_control/lib/python3.12/site-packages'
[0.405s] Level 1:colcon.colcon_core.environment:checking '/home/moksh/sauvc_gz_ws/install/ags_control/bin'
[0.405s] INFO:colcon.colcon_core.shell:Creating package script '/home/moksh/sauvc_gz_ws/install/ags_control/share/ags_control/package.ps1'
[0.406s] INFO:colcon.colcon_core.shell:Creating package descriptor '/home/moksh/sauvc_gz_ws/install/ags_control/share/ags_control/package.dsv'
[0.406s] INFO:colcon.colcon_core.shell:Creating package script '/home/moksh/sauvc_gz_ws/install/ags_control/share/ags_control/package.sh'
[0.407s] INFO:colcon.colcon_core.shell:Creating package script '/home/moksh/sauvc_gz_ws/install/ags_control/share/ags_control/package.bash'
[0.408s] INFO:colcon.colcon_core.shell:Creating package script '/home/moksh/sauvc_gz_ws/install/ags_control/share/ags_control/package.zsh'
[0.408s] Level 1:colcon.colcon_core.environment:create_file_with_runtime_dependencies(/home/moksh/sauvc_gz_ws/install/ags_control/share/colcon-core/packages/ags_control)
[0.409s] Level 1:colcon.colcon_core.environment:create_environment_scripts_only(ags_control)
[0.409s] Level 1:colcon.colcon_core.environment:checking '/home/moksh/sauvc_gz_ws/install/ags_control' for CMake module files
[0.409s] Level 1:colcon.colcon_core.environment:checking '/home/moksh/sauvc_gz_ws/install/ags_control' for CMake config files
[0.409s] Level 1:colcon.colcon_core.shell:create_environment_hook('ags_control', 'cmake_prefix_path')
[0.409s] INFO:colcon.colcon_core.shell:Creating environment hook '/home/moksh/sauvc_gz_ws/install/ags_control/share/ags_control/hook/cmake_prefix_path.ps1'
[0.410s] INFO:colcon.colcon_core.shell:Creating environment descriptor '/home/moksh/sauvc_gz_ws/install/ags_control/share/ags_control/hook/cmake_prefix_path.dsv'
[0.410s] INFO:colcon.colcon_core.shell:Creating environment hook '/home/moksh/sauvc_gz_ws/install/ags_control/share/ags_control/hook/cmake_prefix_path.sh'
[0.410s] Level 1:colcon.colcon_core.environment:checking '/home/moksh/sauvc_gz_ws/install/ags_control/bin'
[0.410s] Level 1:colcon.colcon_core.environment:checking '/home/moksh/sauvc_gz_ws/install/ags_control/lib/pkgconfig/ags_control.pc'
[0.410s] Level 1:colcon.colcon_core.environment:checking '/home/moksh/sauvc_gz_ws/install/ags_control/lib/python3.12/site-packages'
[0.411s] Level 1:colcon.colcon_core.environment:checking '/home/moksh/sauvc_gz_ws/install/ags_control/bin'
[0.411s] INFO:colcon.colcon_core.shell:Creating package script '/home/moksh/sauvc_gz_ws/install/ags_control/share/ags_control/package.ps1'
[0.411s] INFO:colcon.colcon_core.shell:Creating package descriptor '/home/moksh/sauvc_gz_ws/install/ags_control/share/ags_control/package.dsv'
[0.411s] INFO:colcon.colcon_core.shell:Creating package script '/home/moksh/sauvc_gz_ws/install/ags_control/share/ags_control/package.sh'
[0.412s] INFO:colcon.colcon_core.shell:Creating package script '/home/moksh/sauvc_gz_ws/install/ags_control/share/ags_control/package.bash'
[0.412s] INFO:colcon.colcon_core.shell:Creating package script '/home/moksh/sauvc_gz_ws/install/ags_control/share/ags_control/package.zsh'
[0.412s] Level 1:colcon.colcon_core.environment:create_file_with_runtime_dependencies(/home/moksh/sauvc_gz_ws/install/ags_control/share/colcon-core/packages/ags_control)
[0.413s] Level 1:colcon.colcon_core.environment:create_environment_scripts_only(ags_description)
[0.413s] Level 1:colcon.colcon_core.environment:checking '/home/moksh/sauvc_gz_ws/install/ags_description' for CMake module files
[0.414s] DEBUG:colcon.colcon_core.event_handler.log_command:Invoked command in '/home/moksh/sauvc_gz_ws/build/ags_description' returned '0': CMAKE_PREFIX_PATH=${CMAKE_PREFIX_PATH}:/home/moksh/ros2_ws/install/talker_listener:/home/moksh/ros2_ws/install/actions_py:/home/moksh/ros2_ws/install/add_integers:/home/moksh/ros2_ws/install/ard_pub:/home/moksh/control_ws/install/bumperbot_py_examples:/home/moksh/sauvc25/install/testing:/opt/ros/jazzy DEBUGINFOD_URLS=https://debuginfod.ubuntu.com /usr/bin/cmake --install /home/moksh/sauvc_gz_ws/build/ags_description
[0.414s] Level 1:colcon.colcon_core.environment:checking '/home/moksh/sauvc_gz_ws/install/ags_description' for CMake config files
[0.414s] Level 1:colcon.colcon_core.shell:create_environment_hook('ags_description', 'cmake_prefix_path')
[0.414s] INFO:colcon.colcon_core.shell:Creating environment hook '/home/moksh/sauvc_gz_ws/install/ags_description/share/ags_description/hook/cmake_prefix_path.ps1'
[0.414s] INFO:colcon.colcon_core.shell:Creating environment descriptor '/home/moksh/sauvc_gz_ws/install/ags_description/share/ags_description/hook/cmake_prefix_path.dsv'
[0.415s] INFO:colcon.colcon_core.shell:Creating environment hook '/home/moksh/sauvc_gz_ws/install/ags_description/share/ags_description/hook/cmake_prefix_path.sh'
[0.415s] Level 1:colcon.colcon_core.environment:checking '/home/moksh/sauvc_gz_ws/install/ags_description/bin'
[0.415s] Level 1:colcon.colcon_core.environment:checking '/home/moksh/sauvc_gz_ws/install/ags_description/lib/pkgconfig/ags_description.pc'
[0.415s] Level 1:colcon.colcon_core.environment:checking '/home/moksh/sauvc_gz_ws/install/ags_description/lib/python3.12/site-packages'
[0.415s] Level 1:colcon.colcon_core.environment:checking '/home/moksh/sauvc_gz_ws/install/ags_description/bin'
[0.416s] INFO:colcon.colcon_core.shell:Creating package script '/home/moksh/sauvc_gz_ws/install/ags_description/share/ags_description/package.ps1'
[0.416s] INFO:colcon.colcon_core.shell:Creating package descriptor '/home/moksh/sauvc_gz_ws/install/ags_description/share/ags_description/package.dsv'
[0.416s] INFO:colcon.colcon_core.shell:Creating package script '/home/moksh/sauvc_gz_ws/install/ags_description/share/ags_description/package.sh'
[0.416s] INFO:colcon.colcon_core.shell:Creating package script '/home/moksh/sauvc_gz_ws/install/ags_description/share/ags_description/package.bash'
[0.417s] INFO:colcon.colcon_core.shell:Creating package script '/home/moksh/sauvc_gz_ws/install/ags_description/share/ags_description/package.zsh'
[0.417s] Level 1:colcon.colcon_core.environment:create_file_with_runtime_dependencies(/home/moksh/sauvc_gz_ws/install/ags_description/share/colcon-core/packages/ags_description)
[0.417s] Level 1:colcon.colcon_core.environment:create_environment_scripts_only(ags_description)
[0.417s] Level 1:colcon.colcon_core.environment:checking '/home/moksh/sauvc_gz_ws/install/ags_description' for CMake module files
[0.418s] Level 1:colcon.colcon_core.environment:checking '/home/moksh/sauvc_gz_ws/install/ags_description' for CMake config files
[0.418s] Level 1:colcon.colcon_core.shell:create_environment_hook('ags_description', 'cmake_prefix_path')
[0.418s] INFO:colcon.colcon_core.shell:Creating environment hook '/home/moksh/sauvc_gz_ws/install/ags_description/share/ags_description/hook/cmake_prefix_path.ps1'
[0.418s] INFO:colcon.colcon_core.shell:Creating environment descriptor '/home/moksh/sauvc_gz_ws/install/ags_description/share/ags_description/hook/cmake_prefix_path.dsv'
[0.419s] INFO:colcon.colcon_core.shell:Creating environment hook '/home/moksh/sauvc_gz_ws/install/ags_description/share/ags_description/hook/cmake_prefix_path.sh'
[0.419s] Level 1:colcon.colcon_core.environment:checking '/home/moksh/sauvc_gz_ws/install/ags_description/bin'
[0.419s] Level 1:colcon.colcon_core.environment:checking '/home/moksh/sauvc_gz_ws/install/ags_description/lib/pkgconfig/ags_description.pc'
[0.419s] Level 1:colcon.colcon_core.environment:checking '/home/moksh/sauvc_gz_ws/install/ags_description/lib/python3.12/site-packages'
[0.419s] Level 1:colcon.colcon_core.environment:checking '/home/moksh/sauvc_gz_ws/install/ags_description/bin'
[0.419s] INFO:colcon.colcon_core.shell:Creating package script '/home/moksh/sauvc_gz_ws/install/ags_description/share/ags_description/package.ps1'
[0.420s] INFO:colcon.colcon_core.shell:Creating package descriptor '/home/moksh/sauvc_gz_ws/install/ags_description/share/ags_description/package.dsv'
[0.420s] INFO:colcon.colcon_core.shell:Creating package script '/home/moksh/sauvc_gz_ws/install/ags_description/share/ags_description/package.sh'
[0.420s] INFO:colcon.colcon_core.shell:Creating package script '/home/moksh/sauvc_gz_ws/install/ags_description/share/ags_description/package.bash'
[0.421s] INFO:colcon.colcon_core.shell:Creating package script '/home/moksh/sauvc_gz_ws/install/ags_description/share/ags_description/package.zsh'
[0.421s] Level 1:colcon.colcon_core.environment:create_file_with_runtime_dependencies(/home/moksh/sauvc_gz_ws/install/ags_description/share/colcon-core/packages/ags_description)
[0.422s] Level 1:colcon.colcon_core.environment:create_environment_scripts_only(ags_env)
[0.422s] Level 1:colcon.colcon_core.environment:checking '/home/moksh/sauvc_gz_ws/install/ags_env' for CMake module files
[0.422s] DEBUG:colcon.colcon_core.event_handler.log_command:Invoked command in '/home/moksh/sauvc_gz_ws/build/ags_env' returned '0': CMAKE_PREFIX_PATH=${CMAKE_PREFIX_PATH}:/home/moksh/ros2_ws/install/talker_listener:/home/moksh/ros2_ws/install/actions_py:/home/moksh/ros2_ws/install/add_integers:/home/moksh/ros2_ws/install/ard_pub:/home/moksh/control_ws/install/bumperbot_py_examples:/home/moksh/sauvc25/install/testing:/opt/ros/jazzy DEBUGINFOD_URLS=https://debuginfod.ubuntu.com /usr/bin/cmake --install /home/moksh/sauvc_gz_ws/build/ags_env
[0.422s] Level 1:colcon.colcon_core.environment:checking '/home/moksh/sauvc_gz_ws/install/ags_env' for CMake config files
[0.423s] Level 1:colcon.colcon_core.shell:create_environment_hook('ags_env', 'cmake_prefix_path')
[0.423s] INFO:colcon.colcon_core.shell:Creating environment hook '/home/moksh/sauvc_gz_ws/install/ags_env/share/ags_env/hook/cmake_prefix_path.ps1'
[0.423s] INFO:colcon.colcon_core.shell:Creating environment descriptor '/home/moksh/sauvc_gz_ws/install/ags_env/share/ags_env/hook/cmake_prefix_path.dsv'
[0.423s] INFO:colcon.colcon_core.shell:Creating environment hook '/home/moksh/sauvc_gz_ws/install/ags_env/share/ags_env/hook/cmake_prefix_path.sh'
[0.424s] Level 1:colcon.colcon_core.environment:checking '/home/moksh/sauvc_gz_ws/install/ags_env/bin'
[0.424s] Level 1:colcon.colcon_core.environment:checking '/home/moksh/sauvc_gz_ws/install/ags_env/lib/pkgconfig/ags_env.pc'
[0.424s] Level 1:colcon.colcon_core.environment:checking '/home/moksh/sauvc_gz_ws/install/ags_env/lib/python3.12/site-packages'
[0.424s] Level 1:colcon.colcon_core.environment:checking '/home/moksh/sauvc_gz_ws/install/ags_env/bin'
[0.424s] INFO:colcon.colcon_core.shell:Creating package script '/home/moksh/sauvc_gz_ws/install/ags_env/share/ags_env/package.ps1'
[0.424s] INFO:colcon.colcon_core.shell:Creating package descriptor '/home/moksh/sauvc_gz_ws/install/ags_env/share/ags_env/package.dsv'
[0.425s] INFO:colcon.colcon_core.shell:Creating package script '/home/moksh/sauvc_gz_ws/install/ags_env/share/ags_env/package.sh'
[0.425s] INFO:colcon.colcon_core.shell:Creating package script '/home/moksh/sauvc_gz_ws/install/ags_env/share/ags_env/package.bash'
[0.425s] INFO:colcon.colcon_core.shell:Creating package script '/home/moksh/sauvc_gz_ws/install/ags_env/share/ags_env/package.zsh'
[0.425s] Level 1:colcon.colcon_core.environment:create_file_with_runtime_dependencies(/home/moksh/sauvc_gz_ws/install/ags_env/share/colcon-core/packages/ags_env)
[0.426s] Level 1:colcon.colcon_core.environment:create_environment_scripts_only(ags_env)
[0.426s] Level 1:colcon.colcon_core.environment:checking '/home/moksh/sauvc_gz_ws/install/ags_env' for CMake module files
[0.426s] Level 1:colcon.colcon_core.environment:checking '/home/moksh/sauvc_gz_ws/install/ags_env' for CMake config files
[0.426s] Level 1:colcon.colcon_core.shell:create_environment_hook('ags_env', 'cmake_prefix_path')
[0.426s] INFO:colcon.colcon_core.shell:Creating environment hook '/home/moksh/sauvc_gz_ws/install/ags_env/share/ags_env/hook/cmake_prefix_path.ps1'
[0.427s] INFO:colcon.colcon_core.shell:Creating environment descriptor '/home/moksh/sauvc_gz_ws/install/ags_env/share/ags_env/hook/cmake_prefix_path.dsv'
[0.427s] INFO:colcon.colcon_core.shell:Creating environment hook '/home/moksh/sauvc_gz_ws/install/ags_env/share/ags_env/hook/cmake_prefix_path.sh'
[0.427s] Level 1:colcon.colcon_core.environment:checking '/home/moksh/sauvc_gz_ws/install/ags_env/bin'
[0.427s] Level 1:colcon.colcon_core.environment:checking '/home/moksh/sauvc_gz_ws/install/ags_env/lib/pkgconfig/ags_env.pc'
[0.427s] Level 1:colcon.colcon_core.environment:checking '/home/moksh/sauvc_gz_ws/install/ags_env/lib/python3.12/site-packages'
[0.428s] Level 1:colcon.colcon_core.environment:checking '/home/moksh/sauvc_gz_ws/install/ags_env/bin'
[0.428s] INFO:colcon.colcon_core.shell:Creating package script '/home/moksh/sauvc_gz_ws/install/ags_env/share/ags_env/package.ps1'
[0.428s] INFO:colcon.colcon_core.shell:Creating package descriptor '/home/moksh/sauvc_gz_ws/install/ags_env/share/ags_env/package.dsv'
[0.429s] INFO:colcon.colcon_core.shell:Creating package script '/home/moksh/sauvc_gz_ws/install/ags_env/share/ags_env/package.sh'
[0.429s] INFO:colcon.colcon_core.shell:Creating package script '/home/moksh/sauvc_gz_ws/install/ags_env/share/ags_env/package.bash'
[0.429s] INFO:colcon.colcon_core.shell:Creating package script '/home/moksh/sauvc_gz_ws/install/ags_env/share/ags_env/package.zsh'
[0.429s] Level 1:colcon.colcon_core.environment:create_file_with_runtime_dependencies(/home/moksh/sauvc_gz_ws/install/ags_env/share/colcon-core/packages/ags_env)
[0.430s] DEBUG:colcon.colcon_parallel_executor.executor.parallel:closing loop
[0.430s] DEBUG:colcon.colcon_parallel_executor.executor.parallel:loop closed
[0.430s] DEBUG:colcon.colcon_parallel_executor.executor.parallel:run_until_complete finished with '0'
[0.430s] DEBUG:colcon.colcon_core.event_reactor:joining thread
[0.437s] INFO:colcon.colcon_core.plugin_system:Skipping extension 'colcon_notification.desktop_notification.terminal_notifier': Not used on non-Darwin systems
[0.437s] INFO:colcon.colcon_core.plugin_system:Skipping extension 'colcon_notification.desktop_notification.win32': Not used on non-Windows systems
[0.437s] INFO:colcon.colcon_notification.desktop_notification:Sending desktop notification using 'notify2'
[0.449s] DEBUG:colcon.colcon_core.event_reactor:joined thread
[0.449s] INFO:colcon.colcon_core.shell:Creating prefix script '/home/moksh/sauvc_gz_ws/install/local_setup.ps1'
[0.450s] INFO:colcon.colcon_core.shell:Creating prefix util module '/home/moksh/sauvc_gz_ws/install/_local_setup_util_ps1.py'
[0.451s] INFO:colcon.colcon_core.shell:Creating prefix chain script '/home/moksh/sauvc_gz_ws/install/setup.ps1'
[0.452s] INFO:colcon.colcon_core.shell:Creating prefix script '/home/moksh/sauvc_gz_ws/install/local_setup.sh'
[0.453s] INFO:colcon.colcon_core.shell:Creating prefix util module '/home/moksh/sauvc_gz_ws/install/_local_setup_util_sh.py'
[0.453s] INFO:colcon.colcon_core.shell:Creating prefix chain script '/home/moksh/sauvc_gz_ws/install/setup.sh'
[0.455s] INFO:colcon.colcon_core.shell:Creating prefix script '/home/moksh/sauvc_gz_ws/install/local_setup.bash'
[0.455s] INFO:colcon.colcon_core.shell:Creating prefix chain script '/home/moksh/sauvc_gz_ws/install/setup.bash'
[0.456s] INFO:colcon.colcon_core.shell:Creating prefix script '/home/moksh/sauvc_gz_ws/install/local_setup.zsh'
[0.457s] INFO:colcon.colcon_core.shell:Creating prefix chain script '/home/moksh/sauvc_gz_ws/install/setup.zsh'
