[0.062s] Invoking command in '/home/idea-22392/sauvc_gz_ws/build/ags_control': CMAKE_PREFIX_PATH=${CMAKE_PREFIX_PATH}:/opt/ros/jazzy DEBUGINFOD_URLS=https://debuginfod.ubuntu.com /usr/bin/cmake /home/idea-22392/sauvc_gz_ws/src/ags_control -DCMAKE_INSTALL_PREFIX=/home/idea-22392/sauvc_gz_ws/install/ags_control
[0.426s] -- The C compiler identification is GNU 13.3.0
[0.746s] -- The CXX compiler identification is GNU 13.3.0
[0.844s] -- Detecting C compiler ABI info
[1.265s] -- Detecting C compiler ABI info - done
[1.320s] -- Check for working C compiler: /usr/bin/cc - skipped
[1.326s] -- Detecting C compile features
[1.332s] -- Detecting C compile features - done
[1.375s] -- Detecting CXX compiler ABI info
[1.887s] -- Detecting CXX compiler ABI info - done
[1.966s] -- Check for working CXX compiler: /usr/bin/c++ - skipped
[1.971s] -- Detecting CXX compile features
[1.973s] -- Detecting CXX compile features - done
[2.008s] -- Found ament_cmake: 2.5.4 (/opt/ros/jazzy/share/ament_cmake/cmake)
[3.010s] -- Found Python3: /usr/bin/python3 (found version "3.12.3") found components: Interpreter 
[3.837s] -- Found ament_lint_auto: 0.17.2 (/opt/ros/jazzy/share/ament_lint_auto/cmake)
[4.655s] -- Added test 'lint_cmake' to check CMake code style
[4.668s] -- Added test 'xmllint' to check XML markup files
[4.679s] -- Configuring done (4.6s)
[4.700s] -- Generating done (0.0s)
[4.716s] -- Build files have been written to: /home/idea-22392/sauvc_gz_ws/build/ags_control
[4.743s] Invoked command in '/home/idea-22392/sauvc_gz_ws/build/ags_control' returned '0': CMAKE_PREFIX_PATH=${CMAKE_PREFIX_PATH}:/opt/ros/jazzy DEBUGINFOD_URLS=https://debuginfod.ubuntu.com /usr/bin/cmake /home/idea-22392/sauvc_gz_ws/src/ags_control -DCMAKE_INSTALL_PREFIX=/home/idea-22392/sauvc_gz_ws/install/ags_control
[4.745s] Invoking command in '/home/idea-22392/sauvc_gz_ws/build/ags_control': CMAKE_PREFIX_PATH=${CMAKE_PREFIX_PATH}:/opt/ros/jazzy DEBUGINFOD_URLS=https://debuginfod.ubuntu.com /usr/bin/cmake --build /home/idea-22392/sauvc_gz_ws/build/ags_control -- -j4 -l4
[5.003s] Invoked command in '/home/idea-22392/sauvc_gz_ws/build/ags_control' returned '0': CMAKE_PREFIX_PATH=${CMAKE_PREFIX_PATH}:/opt/ros/jazzy DEBUGINFOD_URLS=https://debuginfod.ubuntu.com /usr/bin/cmake --build /home/idea-22392/sauvc_gz_ws/build/ags_control -- -j4 -l4
[5.015s] Invoking command in '/home/idea-22392/sauvc_gz_ws/build/ags_control': CMAKE_PREFIX_PATH=${CMAKE_PREFIX_PATH}:/opt/ros/jazzy DEBUGINFOD_URLS=https://debuginfod.ubuntu.com /usr/bin/cmake --install /home/idea-22392/sauvc_gz_ws/build/ags_control
[5.080s] -- Install configuration: ""
[5.083s] -- Installing: /home/idea-22392/sauvc_gz_ws/install/ags_control/share/ament_index/resource_index/package_run_dependencies/ags_control
[5.084s] -- Installing: /home/idea-22392/sauvc_gz_ws/install/ags_control/share/ament_index/resource_index/parent_prefix_path/ags_control
[5.085s] -- Installing: /home/idea-22392/sauvc_gz_ws/install/ags_control/share/ags_control/environment/ament_prefix_path.sh
[5.086s] -- Installing: /home/idea-22392/sauvc_gz_ws/install/ags_control/share/ags_control/environment/ament_prefix_path.dsv
[5.086s] -- Installing: /home/idea-22392/sauvc_gz_ws/install/ags_control/share/ags_control/environment/path.sh
[5.087s] -- Installing: /home/idea-22392/sauvc_gz_ws/install/ags_control/share/ags_control/environment/path.dsv
[5.088s] -- Installing: /home/idea-22392/sauvc_gz_ws/install/ags_control/share/ags_control/local_setup.bash
[5.089s] -- Installing: /home/idea-22392/sauvc_gz_ws/install/ags_control/share/ags_control/local_setup.sh
[5.090s] -- Installing: /home/idea-22392/sauvc_gz_ws/install/ags_control/share/ags_control/local_setup.zsh
[5.092s] -- Installing: /home/idea-22392/sauvc_gz_ws/install/ags_control/share/ags_control/local_setup.dsv
[5.093s] -- Installing: /home/idea-22392/sauvc_gz_ws/install/ags_control/share/ags_control/package.dsv
[5.094s] -- Installing: /home/idea-22392/sauvc_gz_ws/install/ags_control/share/ament_index/resource_index/packages/ags_control
[5.095s] -- Installing: /home/idea-22392/sauvc_gz_ws/install/ags_control/share/ags_control/cmake/ags_controlConfig.cmake
[5.095s] -- Installing: /home/idea-22392/sauvc_gz_ws/install/ags_control/share/ags_control/cmake/ags_controlConfig-version.cmake
[5.096s] -- Up-to-date: /home/idea-22392/sauvc_gz_ws/install/ags_control/share/ags_control/package.xml
[5.097s] Invoked command in '/home/idea-22392/sauvc_gz_ws/build/ags_control' returned '0': CMAKE_PREFIX_PATH=${CMAKE_PREFIX_PATH}:/opt/ros/jazzy DEBUGINFOD_URLS=https://debuginfod.ubuntu.com /usr/bin/cmake --install /home/idea-22392/sauvc_gz_ws/build/ags_control
