[0.341s] DEBUG:colcon:Command line arguments: ['/usr/bin/colcon', 'build']
[0.341s] DEBUG:colcon:Parsed command line arguments: Namespace(log_base=None, log_level=None, verb_name='build', build_base='build', install_base='install', merge_install=False, symlink_install=False, test_result_base=None, continue_on_error=False, executor='parallel', parallel_workers=12, event_handlers=None, ignore_user_meta=False, metas=['./colcon.meta'], base_paths=['.'], packages_ignore=None, packages_ignore_regex=None, paths=None, packages_up_to=None, packages_up_to_regex=None, packages_above=None, packages_above_and_dependencies=None, packages_above_depth=None, packages_select_by_dep=None, packages_skip_by_dep=None, packages_skip_up_to=None, packages_select_build_failed=False, packages_skip_build_finished=False, packages_select_test_failures=False, packages_skip_test_passed=False, packages_select=None, packages_skip=None, packages_select_regex=None, packages_skip_regex=None, packages_start=None, packages_end=None, allow_overriding=[], cmake_args=None, cmake_target=None, cmake_target_skip_unavailable=False, cmake_clean_cache=False, cmake_clean_first=False, cmake_force_configure=False, ament_cmake_args=None, catkin_cmake_args=None, catkin_skip_building_tests=False, mixin_files=None, mixin=None, verb_parser=<colcon_mixin.mixin.mixin_argument.MixinArgumentDecorator object at 0x74b0554171d0>, verb_extension=<colcon_core.verb.build.BuildVerb object at 0x74b055416c60>, main=<bound method BuildVerb.main of <colcon_core.verb.build.BuildVerb object at 0x74b055416c60>>, mixin_verb=('build',))
[0.420s] Level 1:colcon.colcon_core.package_discovery:discover_packages(colcon_meta) check parameters
[0.420s] Level 1:colcon.colcon_core.package_discovery:discover_packages(recursive) check parameters
[0.420s] Level 1:colcon.colcon_core.package_discovery:discover_packages(ignore) check parameters
[0.420s] Level 1:colcon.colcon_core.package_discovery:discover_packages(path) check parameters
[0.420s] Level 1:colcon.colcon_core.package_discovery:discover_packages(colcon_meta) discover
[0.420s] Level 1:colcon.colcon_core.package_discovery:discover_packages(recursive) discover
[0.420s] INFO:colcon.colcon_core.package_discovery:Crawling recursively for packages in '/home/moksh/sauvc_gz_ws'
[0.420s] Level 1:colcon.colcon_core.package_identification:_identify(.) by extensions ['ignore', 'ignore_ament_install']
[0.421s] Level 1:colcon.colcon_core.package_identification:_identify(.) by extension 'ignore'
[0.421s] Level 1:colcon.colcon_core.package_identification:_identify(.) by extension 'ignore_ament_install'
[0.421s] Level 1:colcon.colcon_core.package_identification:_identify(.) by extensions ['colcon_pkg']
[0.421s] Level 1:colcon.colcon_core.package_identification:_identify(.) by extension 'colcon_pkg'
[0.421s] Level 1:colcon.colcon_core.package_identification:_identify(.) by extensions ['colcon_meta']
[0.421s] Level 1:colcon.colcon_core.package_identification:_identify(.) by extension 'colcon_meta'
[0.421s] Level 1:colcon.colcon_core.package_identification:_identify(.) by extensions ['ros']
[0.421s] Level 1:colcon.colcon_core.package_identification:_identify(.) by extension 'ros'
[0.472s] Level 1:colcon.colcon_core.package_identification:_identify(.) by extensions ['cmake', 'python']
[0.472s] Level 1:colcon.colcon_core.package_identification:_identify(.) by extension 'cmake'
[0.472s] Level 1:colcon.colcon_core.package_identification:_identify(.) by extension 'python'
[0.472s] Level 1:colcon.colcon_core.package_identification:_identify(.) by extensions ['python_setup_py']
[0.472s] Level 1:colcon.colcon_core.package_identification:_identify(.) by extension 'python_setup_py'
[0.472s] Level 1:colcon.colcon_core.package_identification:_identify(build) by extensions ['ignore', 'ignore_ament_install']
[0.473s] Level 1:colcon.colcon_core.package_identification:_identify(build) by extension 'ignore'
[0.473s] Level 1:colcon.colcon_core.package_identification:_identify(build) ignored
[0.473s] Level 1:colcon.colcon_core.package_identification:_identify(install) by extensions ['ignore', 'ignore_ament_install']
[0.473s] Level 1:colcon.colcon_core.package_identification:_identify(install) by extension 'ignore'
[0.473s] Level 1:colcon.colcon_core.package_identification:_identify(install) ignored
[0.473s] Level 1:colcon.colcon_core.package_identification:_identify(log) by extensions ['ignore', 'ignore_ament_install']
[0.473s] Level 1:colcon.colcon_core.package_identification:_identify(log) by extension 'ignore'
[0.474s] Level 1:colcon.colcon_core.package_identification:_identify(log) ignored
[0.474s] Level 1:colcon.colcon_core.package_identification:_identify(src) by extensions ['ignore', 'ignore_ament_install']
[0.474s] Level 1:colcon.colcon_core.package_identification:_identify(src) by extension 'ignore'
[0.474s] Level 1:colcon.colcon_core.package_identification:_identify(src) by extension 'ignore_ament_install'
[0.474s] Level 1:colcon.colcon_core.package_identification:_identify(src) by extensions ['colcon_pkg']
[0.474s] Level 1:colcon.colcon_core.package_identification:_identify(src) by extension 'colcon_pkg'
[0.474s] Level 1:colcon.colcon_core.package_identification:_identify(src) by extensions ['colcon_meta']
[0.474s] Level 1:colcon.colcon_core.package_identification:_identify(src) by extension 'colcon_meta'
[0.474s] Level 1:colcon.colcon_core.package_identification:_identify(src) by extensions ['ros']
[0.474s] Level 1:colcon.colcon_core.package_identification:_identify(src) by extension 'ros'
[0.475s] Level 1:colcon.colcon_core.package_identification:_identify(src) by extensions ['cmake', 'python']
[0.475s] Level 1:colcon.colcon_core.package_identification:_identify(src) by extension 'cmake'
[0.475s] Level 1:colcon.colcon_core.package_identification:_identify(src) by extension 'python'
[0.475s] Level 1:colcon.colcon_core.package_identification:_identify(src) by extensions ['python_setup_py']
[0.475s] Level 1:colcon.colcon_core.package_identification:_identify(src) by extension 'python_setup_py'
[0.475s] Level 1:colcon.colcon_core.package_identification:_identify(src/ags_control) by extensions ['ignore', 'ignore_ament_install']
[0.475s] Level 1:colcon.colcon_core.package_identification:_identify(src/ags_control) by extension 'ignore'
[0.475s] Level 1:colcon.colcon_core.package_identification:_identify(src/ags_control) by extension 'ignore_ament_install'
[0.475s] Level 1:colcon.colcon_core.package_identification:_identify(src/ags_control) by extensions ['colcon_pkg']
[0.476s] Level 1:colcon.colcon_core.package_identification:_identify(src/ags_control) by extension 'colcon_pkg'
[0.476s] Level 1:colcon.colcon_core.package_identification:_identify(src/ags_control) by extensions ['colcon_meta']
[0.476s] Level 1:colcon.colcon_core.package_identification:_identify(src/ags_control) by extension 'colcon_meta'
[0.476s] Level 1:colcon.colcon_core.package_identification:_identify(src/ags_control) by extensions ['ros']
[0.476s] Level 1:colcon.colcon_core.package_identification:_identify(src/ags_control) by extension 'ros'
[0.481s] DEBUG:colcon.colcon_core.package_identification:Package 'src/ags_control' with type 'ros.ament_cmake' and name 'ags_control'
[0.481s] Level 1:colcon.colcon_core.package_identification:_identify(src/ags_description) by extensions ['ignore', 'ignore_ament_install']
[0.481s] Level 1:colcon.colcon_core.package_identification:_identify(src/ags_description) by extension 'ignore'
[0.481s] Level 1:colcon.colcon_core.package_identification:_identify(src/ags_description) by extension 'ignore_ament_install'
[0.481s] Level 1:colcon.colcon_core.package_identification:_identify(src/ags_description) by extensions ['colcon_pkg']
[0.481s] Level 1:colcon.colcon_core.package_identification:_identify(src/ags_description) by extension 'colcon_pkg'
[0.481s] Level 1:colcon.colcon_core.package_identification:_identify(src/ags_description) by extensions ['colcon_meta']
[0.481s] Level 1:colcon.colcon_core.package_identification:_identify(src/ags_description) by extension 'colcon_meta'
[0.481s] Level 1:colcon.colcon_core.package_identification:_identify(src/ags_description) by extensions ['ros']
[0.482s] Level 1:colcon.colcon_core.package_identification:_identify(src/ags_description) by extension 'ros'
[0.482s] DEBUG:colcon.colcon_core.package_identification:Package 'src/ags_description' with type 'ros.ament_cmake' and name 'ags_description'
[0.482s] Level 1:colcon.colcon_core.package_identification:_identify(src/ags_env) by extensions ['ignore', 'ignore_ament_install']
[0.483s] Level 1:colcon.colcon_core.package_identification:_identify(src/ags_env) by extension 'ignore'
[0.483s] Level 1:colcon.colcon_core.package_identification:_identify(src/ags_env) by extension 'ignore_ament_install'
[0.483s] Level 1:colcon.colcon_core.package_identification:_identify(src/ags_env) by extensions ['colcon_pkg']
[0.483s] Level 1:colcon.colcon_core.package_identification:_identify(src/ags_env) by extension 'colcon_pkg'
[0.483s] Level 1:colcon.colcon_core.package_identification:_identify(src/ags_env) by extensions ['colcon_meta']
[0.483s] Level 1:colcon.colcon_core.package_identification:_identify(src/ags_env) by extension 'colcon_meta'
[0.483s] Level 1:colcon.colcon_core.package_identification:_identify(src/ags_env) by extensions ['ros']
[0.483s] Level 1:colcon.colcon_core.package_identification:_identify(src/ags_env) by extension 'ros'
[0.484s] DEBUG:colcon.colcon_core.package_identification:Package 'src/ags_env' with type 'ros.ament_cmake' and name 'ags_env'
[0.484s] Level 1:colcon.colcon_core.package_identification:_identify(src/ags_models) by extensions ['ignore', 'ignore_ament_install']
[0.484s] Level 1:colcon.colcon_core.package_identification:_identify(src/ags_models) by extension 'ignore'
[0.484s] Level 1:colcon.colcon_core.package_identification:_identify(src/ags_models) by extension 'ignore_ament_install'
[0.484s] Level 1:colcon.colcon_core.package_identification:_identify(src/ags_models) by extensions ['colcon_pkg']
[0.484s] Level 1:colcon.colcon_core.package_identification:_identify(src/ags_models) by extension 'colcon_pkg'
[0.485s] Level 1:colcon.colcon_core.package_identification:_identify(src/ags_models) by extensions ['colcon_meta']
[0.485s] Level 1:colcon.colcon_core.package_identification:_identify(src/ags_models) by extension 'colcon_meta'
[0.485s] Level 1:colcon.colcon_core.package_identification:_identify(src/ags_models) by extensions ['ros']
[0.485s] Level 1:colcon.colcon_core.package_identification:_identify(src/ags_models) by extension 'ros'
[0.485s] Level 1:colcon.colcon_core.package_identification:_identify(src/ags_models) by extensions ['cmake', 'python']
[0.485s] Level 1:colcon.colcon_core.package_identification:_identify(src/ags_models) by extension 'cmake'
[0.485s] Level 1:colcon.colcon_core.package_identification:_identify(src/ags_models) by extension 'python'
[0.485s] Level 1:colcon.colcon_core.package_identification:_identify(src/ags_models) by extensions ['python_setup_py']
[0.485s] Level 1:colcon.colcon_core.package_identification:_identify(src/ags_models) by extension 'python_setup_py'
[0.485s] Level 1:colcon.colcon_core.package_identification:_identify(src/ags_models/sauvc_pool) by extensions ['ignore', 'ignore_ament_install']
[0.485s] Level 1:colcon.colcon_core.package_identification:_identify(src/ags_models/sauvc_pool) by extension 'ignore'
[0.486s] Level 1:colcon.colcon_core.package_identification:_identify(src/ags_models/sauvc_pool) by extension 'ignore_ament_install'
[0.486s] Level 1:colcon.colcon_core.package_identification:_identify(src/ags_models/sauvc_pool) by extensions ['colcon_pkg']
[0.486s] Level 1:colcon.colcon_core.package_identification:_identify(src/ags_models/sauvc_pool) by extension 'colcon_pkg'
[0.486s] Level 1:colcon.colcon_core.package_identification:_identify(src/ags_models/sauvc_pool) by extensions ['colcon_meta']
[0.486s] Level 1:colcon.colcon_core.package_identification:_identify(src/ags_models/sauvc_pool) by extension 'colcon_meta'
[0.486s] Level 1:colcon.colcon_core.package_identification:_identify(src/ags_models/sauvc_pool) by extensions ['ros']
[0.486s] Level 1:colcon.colcon_core.package_identification:_identify(src/ags_models/sauvc_pool) by extension 'ros'
[0.486s] Level 1:colcon.colcon_core.package_identification:_identify(src/ags_models/sauvc_pool) by extensions ['cmake', 'python']
[0.486s] Level 1:colcon.colcon_core.package_identification:_identify(src/ags_models/sauvc_pool) by extension 'cmake'
[0.486s] Level 1:colcon.colcon_core.package_identification:_identify(src/ags_models/sauvc_pool) by extension 'python'
[0.486s] Level 1:colcon.colcon_core.package_identification:_identify(src/ags_models/sauvc_pool) by extensions ['python_setup_py']
[0.486s] Level 1:colcon.colcon_core.package_identification:_identify(src/ags_models/sauvc_pool) by extension 'python_setup_py'
[0.487s] Level 1:colcon.colcon_core.package_identification:_identify(src/ags_models/sauvc_pool/materials) by extensions ['ignore', 'ignore_ament_install']
[0.487s] Level 1:colcon.colcon_core.package_identification:_identify(src/ags_models/sauvc_pool/materials) by extension 'ignore'
[0.487s] Level 1:colcon.colcon_core.package_identification:_identify(src/ags_models/sauvc_pool/materials) by extension 'ignore_ament_install'
[0.487s] Level 1:colcon.colcon_core.package_identification:_identify(src/ags_models/sauvc_pool/materials) by extensions ['colcon_pkg']
[0.487s] Level 1:colcon.colcon_core.package_identification:_identify(src/ags_models/sauvc_pool/materials) by extension 'colcon_pkg'
[0.487s] Level 1:colcon.colcon_core.package_identification:_identify(src/ags_models/sauvc_pool/materials) by extensions ['colcon_meta']
[0.487s] Level 1:colcon.colcon_core.package_identification:_identify(src/ags_models/sauvc_pool/materials) by extension 'colcon_meta'
[0.487s] Level 1:colcon.colcon_core.package_identification:_identify(src/ags_models/sauvc_pool/materials) by extensions ['ros']
[0.487s] Level 1:colcon.colcon_core.package_identification:_identify(src/ags_models/sauvc_pool/materials) by extension 'ros'
[0.488s] Level 1:colcon.colcon_core.package_identification:_identify(src/ags_models/sauvc_pool/materials) by extensions ['cmake', 'python']
[0.488s] Level 1:colcon.colcon_core.package_identification:_identify(src/ags_models/sauvc_pool/materials) by extension 'cmake'
[0.488s] Level 1:colcon.colcon_core.package_identification:_identify(src/ags_models/sauvc_pool/materials) by extension 'python'
[0.488s] Level 1:colcon.colcon_core.package_identification:_identify(src/ags_models/sauvc_pool/materials) by extensions ['python_setup_py']
[0.488s] Level 1:colcon.colcon_core.package_identification:_identify(src/ags_models/sauvc_pool/materials) by extension 'python_setup_py'
[0.488s] Level 1:colcon.colcon_core.package_identification:_identify(src/ags_models/sauvc_pool/materials/scripts) by extensions ['ignore', 'ignore_ament_install']
[0.488s] Level 1:colcon.colcon_core.package_identification:_identify(src/ags_models/sauvc_pool/materials/scripts) by extension 'ignore'
[0.489s] Level 1:colcon.colcon_core.package_identification:_identify(src/ags_models/sauvc_pool/materials/scripts) by extension 'ignore_ament_install'
[0.489s] Level 1:colcon.colcon_core.package_identification:_identify(src/ags_models/sauvc_pool/materials/scripts) by extensions ['colcon_pkg']
[0.489s] Level 1:colcon.colcon_core.package_identification:_identify(src/ags_models/sauvc_pool/materials/scripts) by extension 'colcon_pkg'
[0.489s] Level 1:colcon.colcon_core.package_identification:_identify(src/ags_models/sauvc_pool/materials/scripts) by extensions ['colcon_meta']
[0.489s] Level 1:colcon.colcon_core.package_identification:_identify(src/ags_models/sauvc_pool/materials/scripts) by extension 'colcon_meta'
[0.489s] Level 1:colcon.colcon_core.package_identification:_identify(src/ags_models/sauvc_pool/materials/scripts) by extensions ['ros']
[0.489s] Level 1:colcon.colcon_core.package_identification:_identify(src/ags_models/sauvc_pool/materials/scripts) by extension 'ros'
[0.489s] Level 1:colcon.colcon_core.package_identification:_identify(src/ags_models/sauvc_pool/materials/scripts) by extensions ['cmake', 'python']
[0.489s] Level 1:colcon.colcon_core.package_identification:_identify(src/ags_models/sauvc_pool/materials/scripts) by extension 'cmake'
[0.489s] Level 1:colcon.colcon_core.package_identification:_identify(src/ags_models/sauvc_pool/materials/scripts) by extension 'python'
[0.490s] Level 1:colcon.colcon_core.package_identification:_identify(src/ags_models/sauvc_pool/materials/scripts) by extensions ['python_setup_py']
[0.490s] Level 1:colcon.colcon_core.package_identification:_identify(src/ags_models/sauvc_pool/materials/scripts) by extension 'python_setup_py'
[0.490s] Level 1:colcon.colcon_core.package_identification:_identify(src/ags_models/sauvc_pool/materials/textures) by extensions ['ignore', 'ignore_ament_install']
[0.490s] Level 1:colcon.colcon_core.package_identification:_identify(src/ags_models/sauvc_pool/materials/textures) by extension 'ignore'
[0.490s] Level 1:colcon.colcon_core.package_identification:_identify(src/ags_models/sauvc_pool/materials/textures) by extension 'ignore_ament_install'
[0.490s] Level 1:colcon.colcon_core.package_identification:_identify(src/ags_models/sauvc_pool/materials/textures) by extensions ['colcon_pkg']
[0.490s] Level 1:colcon.colcon_core.package_identification:_identify(src/ags_models/sauvc_pool/materials/textures) by extension 'colcon_pkg'
[0.490s] Level 1:colcon.colcon_core.package_identification:_identify(src/ags_models/sauvc_pool/materials/textures) by extensions ['colcon_meta']
[0.490s] Level 1:colcon.colcon_core.package_identification:_identify(src/ags_models/sauvc_pool/materials/textures) by extension 'colcon_meta'
[0.490s] Level 1:colcon.colcon_core.package_identification:_identify(src/ags_models/sauvc_pool/materials/textures) by extensions ['ros']
[0.490s] Level 1:colcon.colcon_core.package_identification:_identify(src/ags_models/sauvc_pool/materials/textures) by extension 'ros'
[0.491s] Level 1:colcon.colcon_core.package_identification:_identify(src/ags_models/sauvc_pool/materials/textures) by extensions ['cmake', 'python']
[0.491s] Level 1:colcon.colcon_core.package_identification:_identify(src/ags_models/sauvc_pool/materials/textures) by extension 'cmake'
[0.491s] Level 1:colcon.colcon_core.package_identification:_identify(src/ags_models/sauvc_pool/materials/textures) by extension 'python'
[0.491s] Level 1:colcon.colcon_core.package_identification:_identify(src/ags_models/sauvc_pool/materials/textures) by extensions ['python_setup_py']
[0.491s] Level 1:colcon.colcon_core.package_identification:_identify(src/ags_models/sauvc_pool/materials/textures) by extension 'python_setup_py'
[0.491s] Level 1:colcon.colcon_core.package_discovery:discover_packages(recursive) using defaults
[0.491s] Level 1:colcon.colcon_core.package_discovery:discover_packages(ignore) discover
[0.491s] Level 1:colcon.colcon_core.package_discovery:discover_packages(ignore) using defaults
[0.491s] Level 1:colcon.colcon_core.package_discovery:discover_packages(path) discover
[0.491s] Level 1:colcon.colcon_core.package_discovery:discover_packages(path) using defaults
[0.535s] Level 1:colcon.colcon_core.package_discovery:discover_packages(prefix_path) check parameters
[0.535s] Level 1:colcon.colcon_core.package_discovery:discover_packages(prefix_path) discover
[0.544s] DEBUG:colcon.colcon_installed_package_information.package_discovery:Found 4 installed packages in /home/moksh/cpp_ws/install
[0.545s] DEBUG:colcon.colcon_installed_package_information.package_discovery:Found 4 installed packages in /home/moksh/control_ws/install
[0.546s] DEBUG:colcon.colcon_installed_package_information.package_discovery:Found 1 installed packages in /home/moksh/gz_ws/install
[0.546s] DEBUG:colcon.colcon_installed_package_information.package_discovery:Found 1 installed packages in /home/moksh/sauvc25/install
[0.547s] DEBUG:colcon.colcon_installed_package_information.package_discovery:Found 6 installed packages in /home/moksh/ros2_ws/install
[0.550s] DEBUG:colcon.colcon_installed_package_information.package_discovery:Found 318 installed packages in /opt/ros/jazzy
[0.551s] Level 1:colcon.colcon_core.package_discovery:discover_packages(prefix_path) using defaults
[0.634s] Level 5:colcon.colcon_core.verb:set package 'ags_control' build argument 'cmake_args' from command line to 'None'
[0.634s] Level 5:colcon.colcon_core.verb:set package 'ags_control' build argument 'cmake_target' from command line to 'None'
[0.634s] Level 5:colcon.colcon_core.verb:set package 'ags_control' build argument 'cmake_target_skip_unavailable' from command line to 'False'
[0.634s] Level 5:colcon.colcon_core.verb:set package 'ags_control' build argument 'cmake_clean_cache' from command line to 'False'
[0.634s] Level 5:colcon.colcon_core.verb:set package 'ags_control' build argument 'cmake_clean_first' from command line to 'False'
[0.634s] Level 5:colcon.colcon_core.verb:set package 'ags_control' build argument 'cmake_force_configure' from command line to 'False'
[0.634s] Level 5:colcon.colcon_core.verb:set package 'ags_control' build argument 'ament_cmake_args' from command line to 'None'
[0.634s] Level 5:colcon.colcon_core.verb:set package 'ags_control' build argument 'catkin_cmake_args' from command line to 'None'
[0.634s] Level 5:colcon.colcon_core.verb:set package 'ags_control' build argument 'catkin_skip_building_tests' from command line to 'False'
[0.634s] DEBUG:colcon.colcon_core.verb:Building package 'ags_control' with the following arguments: {'ament_cmake_args': None, 'build_base': '/home/moksh/sauvc_gz_ws/build/ags_control', 'catkin_cmake_args': None, 'catkin_skip_building_tests': False, 'cmake_args': None, 'cmake_clean_cache': False, 'cmake_clean_first': False, 'cmake_force_configure': False, 'cmake_target': None, 'cmake_target_skip_unavailable': False, 'install_base': '/home/moksh/sauvc_gz_ws/install/ags_control', 'merge_install': False, 'path': '/home/moksh/sauvc_gz_ws/src/ags_control', 'symlink_install': False, 'test_result_base': None}
[0.635s] Level 5:colcon.colcon_core.verb:set package 'ags_description' build argument 'cmake_args' from command line to 'None'
[0.635s] Level 5:colcon.colcon_core.verb:set package 'ags_description' build argument 'cmake_target' from command line to 'None'
[0.635s] Level 5:colcon.colcon_core.verb:set package 'ags_description' build argument 'cmake_target_skip_unavailable' from command line to 'False'
[0.635s] Level 5:colcon.colcon_core.verb:set package 'ags_description' build argument 'cmake_clean_cache' from command line to 'False'
[0.635s] Level 5:colcon.colcon_core.verb:set package 'ags_description' build argument 'cmake_clean_first' from command line to 'False'
[0.635s] Level 5:colcon.colcon_core.verb:set package 'ags_description' build argument 'cmake_force_configure' from command line to 'False'
[0.635s] Level 5:colcon.colcon_core.verb:set package 'ags_description' build argument 'ament_cmake_args' from command line to 'None'
[0.635s] Level 5:colcon.colcon_core.verb:set package 'ags_description' build argument 'catkin_cmake_args' from command line to 'None'
[0.635s] Level 5:colcon.colcon_core.verb:set package 'ags_description' build argument 'catkin_skip_building_tests' from command line to 'False'
[0.635s] DEBUG:colcon.colcon_core.verb:Building package 'ags_description' with the following arguments: {'ament_cmake_args': None, 'build_base': '/home/moksh/sauvc_gz_ws/build/ags_description', 'catkin_cmake_args': None, 'catkin_skip_building_tests': False, 'cmake_args': None, 'cmake_clean_cache': False, 'cmake_clean_first': False, 'cmake_force_configure': False, 'cmake_target': None, 'cmake_target_skip_unavailable': False, 'install_base': '/home/moksh/sauvc_gz_ws/install/ags_description', 'merge_install': False, 'path': '/home/moksh/sauvc_gz_ws/src/ags_description', 'symlink_install': False, 'test_result_base': None}
[0.636s] Level 5:colcon.colcon_core.verb:set package 'ags_env' build argument 'cmake_args' from command line to 'None'
[0.636s] Level 5:colcon.colcon_core.verb:set package 'ags_env' build argument 'cmake_target' from command line to 'None'
[0.636s] Level 5:colcon.colcon_core.verb:set package 'ags_env' build argument 'cmake_target_skip_unavailable' from command line to 'False'
[0.636s] Level 5:colcon.colcon_core.verb:set package 'ags_env' build argument 'cmake_clean_cache' from command line to 'False'
[0.636s] Level 5:colcon.colcon_core.verb:set package 'ags_env' build argument 'cmake_clean_first' from command line to 'False'
[0.636s] Level 5:colcon.colcon_core.verb:set package 'ags_env' build argument 'cmake_force_configure' from command line to 'False'
[0.636s] Level 5:colcon.colcon_core.verb:set package 'ags_env' build argument 'ament_cmake_args' from command line to 'None'
[0.636s] Level 5:colcon.colcon_core.verb:set package 'ags_env' build argument 'catkin_cmake_args' from command line to 'None'
[0.636s] Level 5:colcon.colcon_core.verb:set package 'ags_env' build argument 'catkin_skip_building_tests' from command line to 'False'
[0.636s] DEBUG:colcon.colcon_core.verb:Building package 'ags_env' with the following arguments: {'ament_cmake_args': None, 'build_base': '/home/moksh/sauvc_gz_ws/build/ags_env', 'catkin_cmake_args': None, 'catkin_skip_building_tests': False, 'cmake_args': None, 'cmake_clean_cache': False, 'cmake_clean_first': False, 'cmake_force_configure': False, 'cmake_target': None, 'cmake_target_skip_unavailable': False, 'install_base': '/home/moksh/sauvc_gz_ws/install/ags_env', 'merge_install': False, 'path': '/home/moksh/sauvc_gz_ws/src/ags_env', 'symlink_install': False, 'test_result_base': None}
[0.636s] INFO:colcon.colcon_core.executor:Executing jobs using 'parallel' executor
[0.638s] DEBUG:colcon.colcon_parallel_executor.executor.parallel:run_until_complete
[0.638s] INFO:colcon.colcon_ros.task.ament_cmake.build:Building ROS package in '/home/moksh/sauvc_gz_ws/src/ags_control' with build type 'ament_cmake'
[0.638s] INFO:colcon.colcon_cmake.task.cmake.build:Building CMake package in '/home/moksh/sauvc_gz_ws/src/ags_control'
[0.648s] INFO:colcon.colcon_core.plugin_system:Skipping extension 'colcon_core.shell.bat': Not used on non-Windows systems
[0.649s] INFO:colcon.colcon_core.shell:Skip shell extension 'powershell' for command environment: Not usable outside of PowerShell
[0.649s] DEBUG:colcon.colcon_core.shell:Skip shell extension 'dsv' for command environment
[0.658s] INFO:colcon.colcon_ros.task.ament_cmake.build:Building ROS package in '/home/moksh/sauvc_gz_ws/src/ags_description' with build type 'ament_cmake'
[0.658s] INFO:colcon.colcon_cmake.task.cmake.build:Building CMake package in '/home/moksh/sauvc_gz_ws/src/ags_description'
[0.659s] INFO:colcon.colcon_core.shell:Skip shell extension 'powershell' for command environment: Not usable outside of PowerShell
[0.659s] DEBUG:colcon.colcon_core.shell:Skip shell extension 'dsv' for command environment
[0.668s] INFO:colcon.colcon_ros.task.ament_cmake.build:Building ROS package in '/home/moksh/sauvc_gz_ws/src/ags_env' with build type 'ament_cmake'
[0.669s] INFO:colcon.colcon_cmake.task.cmake.build:Building CMake package in '/home/moksh/sauvc_gz_ws/src/ags_env'
[0.669s] INFO:colcon.colcon_core.shell:Skip shell extension 'powershell' for command environment: Not usable outside of PowerShell
[0.669s] DEBUG:colcon.colcon_core.shell:Skip shell extension 'dsv' for command environment
[0.684s] DEBUG:colcon.colcon_core.event_handler.log_command:Invoking command in '/home/moksh/sauvc_gz_ws/build/ags_control': CMAKE_PREFIX_PATH=${CMAKE_PREFIX_PATH}:/home/moksh/ros2_ws/install/talker_listener:/home/moksh/ros2_ws/install/actions_py:/home/moksh/ros2_ws/install/add_integers:/home/moksh/ros2_ws/install/ard_pub:/home/moksh/control_ws/install/bumperbot_py_examples:/home/moksh/sauvc25/install/testing:/opt/ros/jazzy DEBUGINFOD_URLS=https://debuginfod.ubuntu.com /usr/bin/cmake /home/moksh/sauvc_gz_ws/src/ags_control -DCMAKE_INSTALL_PREFIX=/home/moksh/sauvc_gz_ws/install/ags_control
[0.691s] DEBUG:colcon.colcon_core.event_handler.log_command:Invoking command in '/home/moksh/sauvc_gz_ws/build/ags_description': CMAKE_PREFIX_PATH=${CMAKE_PREFIX_PATH}:/home/moksh/ros2_ws/install/talker_listener:/home/moksh/ros2_ws/install/actions_py:/home/moksh/ros2_ws/install/add_integers:/home/moksh/ros2_ws/install/ard_pub:/home/moksh/control_ws/install/bumperbot_py_examples:/home/moksh/sauvc25/install/testing:/opt/ros/jazzy DEBUGINFOD_URLS=https://debuginfod.ubuntu.com /usr/bin/cmake /home/moksh/sauvc_gz_ws/src/ags_description -DCMAKE_INSTALL_PREFIX=/home/moksh/sauvc_gz_ws/install/ags_description
[0.696s] DEBUG:colcon.colcon_core.event_handler.log_command:Invoking command in '/home/moksh/sauvc_gz_ws/build/ags_env': CMAKE_PREFIX_PATH=${CMAKE_PREFIX_PATH}:/home/moksh/ros2_ws/install/talker_listener:/home/moksh/ros2_ws/install/actions_py:/home/moksh/ros2_ws/install/add_integers:/home/moksh/ros2_ws/install/ard_pub:/home/moksh/control_ws/install/bumperbot_py_examples:/home/moksh/sauvc25/install/testing:/opt/ros/jazzy DEBUGINFOD_URLS=https://debuginfod.ubuntu.com /usr/bin/cmake /home/moksh/sauvc_gz_ws/src/ags_env -DCMAKE_INSTALL_PREFIX=/home/moksh/sauvc_gz_ws/install/ags_env
[2.359s] DEBUG:colcon.colcon_core.event_handler.log_command:Invoked command in '/home/moksh/sauvc_gz_ws/build/ags_env' returned '0': CMAKE_PREFIX_PATH=${CMAKE_PREFIX_PATH}:/home/moksh/ros2_ws/install/talker_listener:/home/moksh/ros2_ws/install/actions_py:/home/moksh/ros2_ws/install/add_integers:/home/moksh/ros2_ws/install/ard_pub:/home/moksh/control_ws/install/bumperbot_py_examples:/home/moksh/sauvc25/install/testing:/opt/ros/jazzy DEBUGINFOD_URLS=https://debuginfod.ubuntu.com /usr/bin/cmake /home/moksh/sauvc_gz_ws/src/ags_env -DCMAKE_INSTALL_PREFIX=/home/moksh/sauvc_gz_ws/install/ags_env
[2.360s] DEBUG:colcon.colcon_core.event_handler.log_command:Invoking command in '/home/moksh/sauvc_gz_ws/build/ags_env': CMAKE_PREFIX_PATH=${CMAKE_PREFIX_PATH}:/home/moksh/ros2_ws/install/talker_listener:/home/moksh/ros2_ws/install/actions_py:/home/moksh/ros2_ws/install/add_integers:/home/moksh/ros2_ws/install/ard_pub:/home/moksh/control_ws/install/bumperbot_py_examples:/home/moksh/sauvc25/install/testing:/opt/ros/jazzy DEBUGINFOD_URLS=https://debuginfod.ubuntu.com /usr/bin/cmake --build /home/moksh/sauvc_gz_ws/build/ags_env -- -j12 -l12
[2.360s] DEBUG:colcon.colcon_core.event_handler.log_command:Invoked command in '/home/moksh/sauvc_gz_ws/build/ags_description' returned '0': CMAKE_PREFIX_PATH=${CMAKE_PREFIX_PATH}:/home/moksh/ros2_ws/install/talker_listener:/home/moksh/ros2_ws/install/actions_py:/home/moksh/ros2_ws/install/add_integers:/home/moksh/ros2_ws/install/ard_pub:/home/moksh/control_ws/install/bumperbot_py_examples:/home/moksh/sauvc25/install/testing:/opt/ros/jazzy DEBUGINFOD_URLS=https://debuginfod.ubuntu.com /usr/bin/cmake /home/moksh/sauvc_gz_ws/src/ags_description -DCMAKE_INSTALL_PREFIX=/home/moksh/sauvc_gz_ws/install/ags_description
[2.362s] DEBUG:colcon.colcon_core.event_handler.log_command:Invoking command in '/home/moksh/sauvc_gz_ws/build/ags_description': CMAKE_PREFIX_PATH=${CMAKE_PREFIX_PATH}:/home/moksh/ros2_ws/install/talker_listener:/home/moksh/ros2_ws/install/actions_py:/home/moksh/ros2_ws/install/add_integers:/home/moksh/ros2_ws/install/ard_pub:/home/moksh/control_ws/install/bumperbot_py_examples:/home/moksh/sauvc25/install/testing:/opt/ros/jazzy DEBUGINFOD_URLS=https://debuginfod.ubuntu.com /usr/bin/cmake --build /home/moksh/sauvc_gz_ws/build/ags_description -- -j12 -l12
[2.363s] DEBUG:colcon.colcon_core.event_handler.log_command:Invoked command in '/home/moksh/sauvc_gz_ws/build/ags_control' returned '0': CMAKE_PREFIX_PATH=${CMAKE_PREFIX_PATH}:/home/moksh/ros2_ws/install/talker_listener:/home/moksh/ros2_ws/install/actions_py:/home/moksh/ros2_ws/install/add_integers:/home/moksh/ros2_ws/install/ard_pub:/home/moksh/control_ws/install/bumperbot_py_examples:/home/moksh/sauvc25/install/testing:/opt/ros/jazzy DEBUGINFOD_URLS=https://debuginfod.ubuntu.com /usr/bin/cmake /home/moksh/sauvc_gz_ws/src/ags_control -DCMAKE_INSTALL_PREFIX=/home/moksh/sauvc_gz_ws/install/ags_control
[2.364s] DEBUG:colcon.colcon_core.event_handler.log_command:Invoking command in '/home/moksh/sauvc_gz_ws/build/ags_control': CMAKE_PREFIX_PATH=${CMAKE_PREFIX_PATH}:/home/moksh/ros2_ws/install/talker_listener:/home/moksh/ros2_ws/install/actions_py:/home/moksh/ros2_ws/install/add_integers:/home/moksh/ros2_ws/install/ard_pub:/home/moksh/control_ws/install/bumperbot_py_examples:/home/moksh/sauvc25/install/testing:/opt/ros/jazzy DEBUGINFOD_URLS=https://debuginfod.ubuntu.com /usr/bin/cmake --build /home/moksh/sauvc_gz_ws/build/ags_control -- -j12 -l12
[2.440s] DEBUG:colcon.colcon_core.event_handler.log_command:Invoked command in '/home/moksh/sauvc_gz_ws/build/ags_control' returned '0': CMAKE_PREFIX_PATH=${CMAKE_PREFIX_PATH}:/home/moksh/ros2_ws/install/talker_listener:/home/moksh/ros2_ws/install/actions_py:/home/moksh/ros2_ws/install/add_integers:/home/moksh/ros2_ws/install/ard_pub:/home/moksh/control_ws/install/bumperbot_py_examples:/home/moksh/sauvc25/install/testing:/opt/ros/jazzy DEBUGINFOD_URLS=https://debuginfod.ubuntu.com /usr/bin/cmake --build /home/moksh/sauvc_gz_ws/build/ags_control -- -j12 -l12
[2.461s] DEBUG:colcon.colcon_core.event_handler.log_command:Invoking command in '/home/moksh/sauvc_gz_ws/build/ags_control': CMAKE_PREFIX_PATH=${CMAKE_PREFIX_PATH}:/home/moksh/ros2_ws/install/talker_listener:/home/moksh/ros2_ws/install/actions_py:/home/moksh/ros2_ws/install/add_integers:/home/moksh/ros2_ws/install/ard_pub:/home/moksh/control_ws/install/bumperbot_py_examples:/home/moksh/sauvc25/install/testing:/opt/ros/jazzy DEBUGINFOD_URLS=https://debuginfod.ubuntu.com /usr/bin/cmake --install /home/moksh/sauvc_gz_ws/build/ags_control
[2.462s] DEBUG:colcon.colcon_core.event_handler.log_command:Invoked command in '/home/moksh/sauvc_gz_ws/build/ags_description' returned '0': CMAKE_PREFIX_PATH=${CMAKE_PREFIX_PATH}:/home/moksh/ros2_ws/install/talker_listener:/home/moksh/ros2_ws/install/actions_py:/home/moksh/ros2_ws/install/add_integers:/home/moksh/ros2_ws/install/ard_pub:/home/moksh/control_ws/install/bumperbot_py_examples:/home/moksh/sauvc25/install/testing:/opt/ros/jazzy DEBUGINFOD_URLS=https://debuginfod.ubuntu.com /usr/bin/cmake --build /home/moksh/sauvc_gz_ws/build/ags_description -- -j12 -l12
[2.464s] DEBUG:colcon.colcon_core.event_handler.log_command:Invoking command in '/home/moksh/sauvc_gz_ws/build/ags_description': CMAKE_PREFIX_PATH=${CMAKE_PREFIX_PATH}:/home/moksh/ros2_ws/install/talker_listener:/home/moksh/ros2_ws/install/actions_py:/home/moksh/ros2_ws/install/add_integers:/home/moksh/ros2_ws/install/ard_pub:/home/moksh/control_ws/install/bumperbot_py_examples:/home/moksh/sauvc25/install/testing:/opt/ros/jazzy DEBUGINFOD_URLS=https://debuginfod.ubuntu.com /usr/bin/cmake --install /home/moksh/sauvc_gz_ws/build/ags_description
[2.466s] DEBUG:colcon.colcon_core.event_handler.log_command:Invoked command in '/home/moksh/sauvc_gz_ws/build/ags_env' returned '0': CMAKE_PREFIX_PATH=${CMAKE_PREFIX_PATH}:/home/moksh/ros2_ws/install/talker_listener:/home/moksh/ros2_ws/install/actions_py:/home/moksh/ros2_ws/install/add_integers:/home/moksh/ros2_ws/install/ard_pub:/home/moksh/control_ws/install/bumperbot_py_examples:/home/moksh/sauvc25/install/testing:/opt/ros/jazzy DEBUGINFOD_URLS=https://debuginfod.ubuntu.com /usr/bin/cmake --build /home/moksh/sauvc_gz_ws/build/ags_env -- -j12 -l12
[2.468s] DEBUG:colcon.colcon_core.event_handler.log_command:Invoking command in '/home/moksh/sauvc_gz_ws/build/ags_env': CMAKE_PREFIX_PATH=${CMAKE_PREFIX_PATH}:/home/moksh/ros2_ws/install/talker_listener:/home/moksh/ros2_ws/install/actions_py:/home/moksh/ros2_ws/install/add_integers:/home/moksh/ros2_ws/install/ard_pub:/home/moksh/control_ws/install/bumperbot_py_examples:/home/moksh/sauvc25/install/testing:/opt/ros/jazzy DEBUGINFOD_URLS=https://debuginfod.ubuntu.com /usr/bin/cmake --install /home/moksh/sauvc_gz_ws/build/ags_env
[2.492s] Level 1:colcon.colcon_core.environment:create_environment_scripts_only(ags_description)
[2.493s] DEBUG:colcon.colcon_core.event_handler.log_command:Invoked command in '/home/moksh/sauvc_gz_ws/build/ags_description' returned '0': CMAKE_PREFIX_PATH=${CMAKE_PREFIX_PATH}:/home/moksh/ros2_ws/install/talker_listener:/home/moksh/ros2_ws/install/actions_py:/home/moksh/ros2_ws/install/add_integers:/home/moksh/ros2_ws/install/ard_pub:/home/moksh/control_ws/install/bumperbot_py_examples:/home/moksh/sauvc25/install/testing:/opt/ros/jazzy DEBUGINFOD_URLS=https://debuginfod.ubuntu.com /usr/bin/cmake --install /home/moksh/sauvc_gz_ws/build/ags_description
[2.511s] Level 1:colcon.colcon_core.environment:checking '/home/moksh/sauvc_gz_ws/install/ags_description' for CMake module files
[2.512s] Level 1:colcon.colcon_core.environment:checking '/home/moksh/sauvc_gz_ws/install/ags_description' for CMake config files
[2.513s] Level 1:colcon.colcon_core.shell:create_environment_hook('ags_description', 'cmake_prefix_path')
[2.513s] INFO:colcon.colcon_core.shell:Creating environment hook '/home/moksh/sauvc_gz_ws/install/ags_description/share/ags_description/hook/cmake_prefix_path.ps1'
[2.514s] INFO:colcon.colcon_core.shell:Creating environment descriptor '/home/moksh/sauvc_gz_ws/install/ags_description/share/ags_description/hook/cmake_prefix_path.dsv'
[2.515s] INFO:colcon.colcon_core.shell:Creating environment hook '/home/moksh/sauvc_gz_ws/install/ags_description/share/ags_description/hook/cmake_prefix_path.sh'
[2.516s] Level 1:colcon.colcon_core.environment:checking '/home/moksh/sauvc_gz_ws/install/ags_description/bin'
[2.516s] Level 1:colcon.colcon_core.environment:checking '/home/moksh/sauvc_gz_ws/install/ags_description/lib/pkgconfig/ags_description.pc'
[2.517s] Level 1:colcon.colcon_core.environment:checking '/home/moksh/sauvc_gz_ws/install/ags_description/lib/python3.12/site-packages'
[2.517s] Level 1:colcon.colcon_core.environment:checking '/home/moksh/sauvc_gz_ws/install/ags_description/bin'
[2.517s] INFO:colcon.colcon_core.shell:Creating package script '/home/moksh/sauvc_gz_ws/install/ags_description/share/ags_description/package.ps1'
[2.519s] INFO:colcon.colcon_core.shell:Creating package descriptor '/home/moksh/sauvc_gz_ws/install/ags_description/share/ags_description/package.dsv'
[2.519s] INFO:colcon.colcon_core.shell:Creating package script '/home/moksh/sauvc_gz_ws/install/ags_description/share/ags_description/package.sh'
[2.521s] INFO:colcon.colcon_core.shell:Creating package script '/home/moksh/sauvc_gz_ws/install/ags_description/share/ags_description/package.bash'
[2.522s] INFO:colcon.colcon_core.shell:Creating package script '/home/moksh/sauvc_gz_ws/install/ags_description/share/ags_description/package.zsh'
[2.523s] Level 1:colcon.colcon_core.environment:create_file_with_runtime_dependencies(/home/moksh/sauvc_gz_ws/install/ags_description/share/colcon-core/packages/ags_description)
[2.524s] Level 1:colcon.colcon_core.environment:create_environment_scripts_only(ags_description)
[2.524s] Level 1:colcon.colcon_core.environment:checking '/home/moksh/sauvc_gz_ws/install/ags_description' for CMake module files
[2.525s] Level 1:colcon.colcon_core.environment:checking '/home/moksh/sauvc_gz_ws/install/ags_description' for CMake config files
[2.525s] Level 1:colcon.colcon_core.shell:create_environment_hook('ags_description', 'cmake_prefix_path')
[2.525s] INFO:colcon.colcon_core.shell:Creating environment hook '/home/moksh/sauvc_gz_ws/install/ags_description/share/ags_description/hook/cmake_prefix_path.ps1'
[2.526s] INFO:colcon.colcon_core.shell:Creating environment descriptor '/home/moksh/sauvc_gz_ws/install/ags_description/share/ags_description/hook/cmake_prefix_path.dsv'
[2.526s] INFO:colcon.colcon_core.shell:Creating environment hook '/home/moksh/sauvc_gz_ws/install/ags_description/share/ags_description/hook/cmake_prefix_path.sh'
[2.527s] Level 1:colcon.colcon_core.environment:checking '/home/moksh/sauvc_gz_ws/install/ags_description/bin'
[2.527s] Level 1:colcon.colcon_core.environment:checking '/home/moksh/sauvc_gz_ws/install/ags_description/lib/pkgconfig/ags_description.pc'
[2.528s] Level 1:colcon.colcon_core.environment:checking '/home/moksh/sauvc_gz_ws/install/ags_description/lib/python3.12/site-packages'
[2.528s] Level 1:colcon.colcon_core.environment:checking '/home/moksh/sauvc_gz_ws/install/ags_description/bin'
[2.528s] INFO:colcon.colcon_core.shell:Creating package script '/home/moksh/sauvc_gz_ws/install/ags_description/share/ags_description/package.ps1'
[2.529s] INFO:colcon.colcon_core.shell:Creating package descriptor '/home/moksh/sauvc_gz_ws/install/ags_description/share/ags_description/package.dsv'
[2.529s] INFO:colcon.colcon_core.shell:Creating package script '/home/moksh/sauvc_gz_ws/install/ags_description/share/ags_description/package.sh'
[2.530s] INFO:colcon.colcon_core.shell:Creating package script '/home/moksh/sauvc_gz_ws/install/ags_description/share/ags_description/package.bash'
[2.531s] INFO:colcon.colcon_core.shell:Creating package script '/home/moksh/sauvc_gz_ws/install/ags_description/share/ags_description/package.zsh'
[2.532s] Level 1:colcon.colcon_core.environment:create_file_with_runtime_dependencies(/home/moksh/sauvc_gz_ws/install/ags_description/share/colcon-core/packages/ags_description)
[2.533s] Level 1:colcon.colcon_core.environment:create_environment_scripts_only(ags_control)
[2.533s] Level 1:colcon.colcon_core.environment:checking '/home/moksh/sauvc_gz_ws/install/ags_control' for CMake module files
[2.534s] DEBUG:colcon.colcon_core.event_handler.log_command:Invoked command in '/home/moksh/sauvc_gz_ws/build/ags_control' returned '0': CMAKE_PREFIX_PATH=${CMAKE_PREFIX_PATH}:/home/moksh/ros2_ws/install/talker_listener:/home/moksh/ros2_ws/install/actions_py:/home/moksh/ros2_ws/install/add_integers:/home/moksh/ros2_ws/install/ard_pub:/home/moksh/control_ws/install/bumperbot_py_examples:/home/moksh/sauvc25/install/testing:/opt/ros/jazzy DEBUGINFOD_URLS=https://debuginfod.ubuntu.com /usr/bin/cmake --install /home/moksh/sauvc_gz_ws/build/ags_control
[2.535s] Level 1:colcon.colcon_core.environment:checking '/home/moksh/sauvc_gz_ws/install/ags_control' for CMake config files
[2.535s] Level 1:colcon.colcon_core.shell:create_environment_hook('ags_control', 'cmake_prefix_path')
[2.536s] INFO:colcon.colcon_core.shell:Creating environment hook '/home/moksh/sauvc_gz_ws/install/ags_control/share/ags_control/hook/cmake_prefix_path.ps1'
[2.536s] INFO:colcon.colcon_core.shell:Creating environment descriptor '/home/moksh/sauvc_gz_ws/install/ags_control/share/ags_control/hook/cmake_prefix_path.dsv'
[2.537s] INFO:colcon.colcon_core.shell:Creating environment hook '/home/moksh/sauvc_gz_ws/install/ags_control/share/ags_control/hook/cmake_prefix_path.sh'
[2.538s] Level 1:colcon.colcon_core.environment:checking '/home/moksh/sauvc_gz_ws/install/ags_control/bin'
[2.539s] Level 1:colcon.colcon_core.environment:checking '/home/moksh/sauvc_gz_ws/install/ags_control/lib/pkgconfig/ags_control.pc'
[2.539s] Level 1:colcon.colcon_core.environment:checking '/home/moksh/sauvc_gz_ws/install/ags_control/lib/python3.12/site-packages'
[2.539s] Level 1:colcon.colcon_core.environment:checking '/home/moksh/sauvc_gz_ws/install/ags_control/bin'
[2.540s] INFO:colcon.colcon_core.shell:Creating package script '/home/moksh/sauvc_gz_ws/install/ags_control/share/ags_control/package.ps1'
[2.541s] INFO:colcon.colcon_core.shell:Creating package descriptor '/home/moksh/sauvc_gz_ws/install/ags_control/share/ags_control/package.dsv'
[2.541s] INFO:colcon.colcon_core.shell:Creating package script '/home/moksh/sauvc_gz_ws/install/ags_control/share/ags_control/package.sh'
[2.542s] INFO:colcon.colcon_core.shell:Creating package script '/home/moksh/sauvc_gz_ws/install/ags_control/share/ags_control/package.bash'
[2.543s] INFO:colcon.colcon_core.shell:Creating package script '/home/moksh/sauvc_gz_ws/install/ags_control/share/ags_control/package.zsh'
[2.544s] Level 1:colcon.colcon_core.environment:create_file_with_runtime_dependencies(/home/moksh/sauvc_gz_ws/install/ags_control/share/colcon-core/packages/ags_control)
[2.544s] Level 1:colcon.colcon_core.environment:create_environment_scripts_only(ags_control)
[2.545s] Level 1:colcon.colcon_core.environment:checking '/home/moksh/sauvc_gz_ws/install/ags_control' for CMake module files
[2.546s] Level 1:colcon.colcon_core.environment:checking '/home/moksh/sauvc_gz_ws/install/ags_control' for CMake config files
[2.546s] Level 1:colcon.colcon_core.shell:create_environment_hook('ags_control', 'cmake_prefix_path')
[2.547s] INFO:colcon.colcon_core.shell:Creating environment hook '/home/moksh/sauvc_gz_ws/install/ags_control/share/ags_control/hook/cmake_prefix_path.ps1'
[2.548s] INFO:colcon.colcon_core.shell:Creating environment descriptor '/home/moksh/sauvc_gz_ws/install/ags_control/share/ags_control/hook/cmake_prefix_path.dsv'
[2.548s] INFO:colcon.colcon_core.shell:Creating environment hook '/home/moksh/sauvc_gz_ws/install/ags_control/share/ags_control/hook/cmake_prefix_path.sh'
[2.550s] Level 1:colcon.colcon_core.environment:checking '/home/moksh/sauvc_gz_ws/install/ags_control/bin'
[2.550s] Level 1:colcon.colcon_core.environment:checking '/home/moksh/sauvc_gz_ws/install/ags_control/lib/pkgconfig/ags_control.pc'
[2.550s] Level 1:colcon.colcon_core.environment:checking '/home/moksh/sauvc_gz_ws/install/ags_control/lib/python3.12/site-packages'
[2.551s] Level 1:colcon.colcon_core.environment:checking '/home/moksh/sauvc_gz_ws/install/ags_control/bin'
[2.551s] INFO:colcon.colcon_core.shell:Creating package script '/home/moksh/sauvc_gz_ws/install/ags_control/share/ags_control/package.ps1'
[2.552s] INFO:colcon.colcon_core.shell:Creating package descriptor '/home/moksh/sauvc_gz_ws/install/ags_control/share/ags_control/package.dsv'
[2.553s] INFO:colcon.colcon_core.shell:Creating package script '/home/moksh/sauvc_gz_ws/install/ags_control/share/ags_control/package.sh'
[2.554s] INFO:colcon.colcon_core.shell:Creating package script '/home/moksh/sauvc_gz_ws/install/ags_control/share/ags_control/package.bash'
[2.555s] INFO:colcon.colcon_core.shell:Creating package script '/home/moksh/sauvc_gz_ws/install/ags_control/share/ags_control/package.zsh'
[2.555s] Level 1:colcon.colcon_core.environment:create_file_with_runtime_dependencies(/home/moksh/sauvc_gz_ws/install/ags_control/share/colcon-core/packages/ags_control)
[2.557s] Level 1:colcon.colcon_core.environment:create_environment_scripts_only(ags_env)
[2.557s] Level 1:colcon.colcon_core.environment:checking '/home/moksh/sauvc_gz_ws/install/ags_env' for CMake module files
[2.558s] DEBUG:colcon.colcon_core.event_handler.log_command:Invoked command in '/home/moksh/sauvc_gz_ws/build/ags_env' returned '0': CMAKE_PREFIX_PATH=${CMAKE_PREFIX_PATH}:/home/moksh/ros2_ws/install/talker_listener:/home/moksh/ros2_ws/install/actions_py:/home/moksh/ros2_ws/install/add_integers:/home/moksh/ros2_ws/install/ard_pub:/home/moksh/control_ws/install/bumperbot_py_examples:/home/moksh/sauvc25/install/testing:/opt/ros/jazzy DEBUGINFOD_URLS=https://debuginfod.ubuntu.com /usr/bin/cmake --install /home/moksh/sauvc_gz_ws/build/ags_env
[2.559s] Level 1:colcon.colcon_core.environment:checking '/home/moksh/sauvc_gz_ws/install/ags_env' for CMake config files
[2.559s] Level 1:colcon.colcon_core.shell:create_environment_hook('ags_env', 'cmake_prefix_path')
[2.560s] INFO:colcon.colcon_core.shell:Creating environment hook '/home/moksh/sauvc_gz_ws/install/ags_env/share/ags_env/hook/cmake_prefix_path.ps1'
[2.561s] INFO:colcon.colcon_core.shell:Creating environment descriptor '/home/moksh/sauvc_gz_ws/install/ags_env/share/ags_env/hook/cmake_prefix_path.dsv'
[2.561s] INFO:colcon.colcon_core.shell:Creating environment hook '/home/moksh/sauvc_gz_ws/install/ags_env/share/ags_env/hook/cmake_prefix_path.sh'
[2.562s] Level 1:colcon.colcon_core.environment:checking '/home/moksh/sauvc_gz_ws/install/ags_env/bin'
[2.562s] Level 1:colcon.colcon_core.environment:checking '/home/moksh/sauvc_gz_ws/install/ags_env/lib/pkgconfig/ags_env.pc'
[2.563s] Level 1:colcon.colcon_core.environment:checking '/home/moksh/sauvc_gz_ws/install/ags_env/lib/python3.12/site-packages'
[2.563s] Level 1:colcon.colcon_core.environment:checking '/home/moksh/sauvc_gz_ws/install/ags_env/bin'
[2.564s] INFO:colcon.colcon_core.shell:Creating package script '/home/moksh/sauvc_gz_ws/install/ags_env/share/ags_env/package.ps1'
[2.564s] INFO:colcon.colcon_core.shell:Creating package descriptor '/home/moksh/sauvc_gz_ws/install/ags_env/share/ags_env/package.dsv'
[2.565s] INFO:colcon.colcon_core.shell:Creating package script '/home/moksh/sauvc_gz_ws/install/ags_env/share/ags_env/package.sh'
[2.566s] INFO:colcon.colcon_core.shell:Creating package script '/home/moksh/sauvc_gz_ws/install/ags_env/share/ags_env/package.bash'
[2.567s] INFO:colcon.colcon_core.shell:Creating package script '/home/moksh/sauvc_gz_ws/install/ags_env/share/ags_env/package.zsh'
[2.567s] Level 1:colcon.colcon_core.environment:create_file_with_runtime_dependencies(/home/moksh/sauvc_gz_ws/install/ags_env/share/colcon-core/packages/ags_env)
[2.568s] Level 1:colcon.colcon_core.environment:create_environment_scripts_only(ags_env)
[2.568s] Level 1:colcon.colcon_core.environment:checking '/home/moksh/sauvc_gz_ws/install/ags_env' for CMake module files
[2.569s] Level 1:colcon.colcon_core.environment:checking '/home/moksh/sauvc_gz_ws/install/ags_env' for CMake config files
[2.569s] Level 1:colcon.colcon_core.shell:create_environment_hook('ags_env', 'cmake_prefix_path')
[2.570s] INFO:colcon.colcon_core.shell:Creating environment hook '/home/moksh/sauvc_gz_ws/install/ags_env/share/ags_env/hook/cmake_prefix_path.ps1'
[2.570s] INFO:colcon.colcon_core.shell:Creating environment descriptor '/home/moksh/sauvc_gz_ws/install/ags_env/share/ags_env/hook/cmake_prefix_path.dsv'
[2.571s] INFO:colcon.colcon_core.shell:Creating environment hook '/home/moksh/sauvc_gz_ws/install/ags_env/share/ags_env/hook/cmake_prefix_path.sh'
[2.572s] Level 1:colcon.colcon_core.environment:checking '/home/moksh/sauvc_gz_ws/install/ags_env/bin'
[2.572s] Level 1:colcon.colcon_core.environment:checking '/home/moksh/sauvc_gz_ws/install/ags_env/lib/pkgconfig/ags_env.pc'
[2.573s] Level 1:colcon.colcon_core.environment:checking '/home/moksh/sauvc_gz_ws/install/ags_env/lib/python3.12/site-packages'
[2.573s] Level 1:colcon.colcon_core.environment:checking '/home/moksh/sauvc_gz_ws/install/ags_env/bin'
[2.574s] INFO:colcon.colcon_core.shell:Creating package script '/home/moksh/sauvc_gz_ws/install/ags_env/share/ags_env/package.ps1'
[2.574s] INFO:colcon.colcon_core.shell:Creating package descriptor '/home/moksh/sauvc_gz_ws/install/ags_env/share/ags_env/package.dsv'
[2.575s] INFO:colcon.colcon_core.shell:Creating package script '/home/moksh/sauvc_gz_ws/install/ags_env/share/ags_env/package.sh'
[2.576s] INFO:colcon.colcon_core.shell:Creating package script '/home/moksh/sauvc_gz_ws/install/ags_env/share/ags_env/package.bash'
[2.577s] INFO:colcon.colcon_core.shell:Creating package script '/home/moksh/sauvc_gz_ws/install/ags_env/share/ags_env/package.zsh'
[2.578s] Level 1:colcon.colcon_core.environment:create_file_with_runtime_dependencies(/home/moksh/sauvc_gz_ws/install/ags_env/share/colcon-core/packages/ags_env)
[2.578s] DEBUG:colcon.colcon_parallel_executor.executor.parallel:closing loop
[2.579s] DEBUG:colcon.colcon_parallel_executor.executor.parallel:loop closed
[2.579s] DEBUG:colcon.colcon_parallel_executor.executor.parallel:run_until_complete finished with '0'
[2.579s] DEBUG:colcon.colcon_core.event_reactor:joining thread
[2.596s] INFO:colcon.colcon_core.plugin_system:Skipping extension 'colcon_notification.desktop_notification.terminal_notifier': Not used on non-Darwin systems
[2.596s] INFO:colcon.colcon_core.plugin_system:Skipping extension 'colcon_notification.desktop_notification.win32': Not used on non-Windows systems
[2.596s] INFO:colcon.colcon_notification.desktop_notification:Sending desktop notification using 'notify2'
[2.625s] DEBUG:colcon.colcon_core.event_reactor:joined thread
[2.626s] INFO:colcon.colcon_core.shell:Creating prefix script '/home/moksh/sauvc_gz_ws/install/local_setup.ps1'
[2.627s] INFO:colcon.colcon_core.shell:Creating prefix util module '/home/moksh/sauvc_gz_ws/install/_local_setup_util_ps1.py'
[2.629s] INFO:colcon.colcon_core.shell:Creating prefix chain script '/home/moksh/sauvc_gz_ws/install/setup.ps1'
[2.632s] INFO:colcon.colcon_core.shell:Creating prefix script '/home/moksh/sauvc_gz_ws/install/local_setup.sh'
[2.633s] INFO:colcon.colcon_core.shell:Creating prefix util module '/home/moksh/sauvc_gz_ws/install/_local_setup_util_sh.py'
[2.634s] INFO:colcon.colcon_core.shell:Creating prefix chain script '/home/moksh/sauvc_gz_ws/install/setup.sh'
[2.637s] INFO:colcon.colcon_core.shell:Creating prefix script '/home/moksh/sauvc_gz_ws/install/local_setup.bash'
[2.637s] INFO:colcon.colcon_core.shell:Creating prefix chain script '/home/moksh/sauvc_gz_ws/install/setup.bash'
[2.640s] INFO:colcon.colcon_core.shell:Creating prefix script '/home/moksh/sauvc_gz_ws/install/local_setup.zsh'
[2.641s] INFO:colcon.colcon_core.shell:Creating prefix chain script '/home/moksh/sauvc_gz_ws/install/setup.zsh'
