[0.051s] Invoking command in '/home/idea-22392/sauvc_gz_ws/build/ags_env': CMAKE_PREFIX_PATH=${CMAKE_PREFIX_PATH}:/opt/ros/jazzy DEBUGINFOD_URLS=https://debuginfod.ubuntu.com /usr/bin/cmake /home/idea-22392/sauvc_gz_ws/src/ags_env -DCMAKE_INSTALL_PREFIX=/home/idea-22392/sauvc_gz_ws/install/ags_env
[0.398s] -- The C compiler identification is GNU 13.3.0
[0.762s] -- The CXX compiler identification is GNU 13.3.0
[0.846s] -- Detecting C compiler ABI info
[1.278s] -- Detecting C compiler ABI info - done
[1.351s] -- Check for working C compiler: /usr/bin/cc - skipped
[1.353s] -- Detecting C compile features
[1.355s] -- Detecting C compile features - done
[1.408s] -- Detecting CXX compiler ABI info
[1.923s] -- Detecting CXX compiler ABI info - done
[2.008s] -- Check for working CXX compiler: /usr/bin/c++ - skipped
[2.010s] -- Detecting CXX compile features
[2.020s] -- Detecting CXX compile features - done
[2.058s] -- Found ament_cmake: 2.5.4 (/opt/ros/jazzy/share/ament_cmake/cmake)
[2.917s] -- Found Python3: /usr/bin/python3 (found version "3.12.3") found components: Interpreter 
[3.652s] -- Found ament_lint_auto: 0.17.2 (/opt/ros/jazzy/share/ament_lint_auto/cmake)
[4.358s] -- Added test 'lint_cmake' to check CMake code style
[4.368s] -- Added test 'xmllint' to check XML markup files
[4.406s] -- Configuring done (4.3s)
[4.421s] -- Generating done (0.0s)
[4.435s] -- Build files have been written to: /home/idea-22392/sauvc_gz_ws/build/ags_env
[4.464s] Invoked command in '/home/idea-22392/sauvc_gz_ws/build/ags_env' returned '0': CMAKE_PREFIX_PATH=${CMAKE_PREFIX_PATH}:/opt/ros/jazzy DEBUGINFOD_URLS=https://debuginfod.ubuntu.com /usr/bin/cmake /home/idea-22392/sauvc_gz_ws/src/ags_env -DCMAKE_INSTALL_PREFIX=/home/idea-22392/sauvc_gz_ws/install/ags_env
[4.475s] Invoking command in '/home/idea-22392/sauvc_gz_ws/build/ags_env': CMAKE_PREFIX_PATH=${CMAKE_PREFIX_PATH}:/opt/ros/jazzy DEBUGINFOD_URLS=https://debuginfod.ubuntu.com /usr/bin/cmake --build /home/idea-22392/sauvc_gz_ws/build/ags_env -- -j4 -l4
[4.734s] Invoked command in '/home/idea-22392/sauvc_gz_ws/build/ags_env' returned '0': CMAKE_PREFIX_PATH=${CMAKE_PREFIX_PATH}:/opt/ros/jazzy DEBUGINFOD_URLS=https://debuginfod.ubuntu.com /usr/bin/cmake --build /home/idea-22392/sauvc_gz_ws/build/ags_env -- -j4 -l4
[4.795s] Invoking command in '/home/idea-22392/sauvc_gz_ws/build/ags_env': CMAKE_PREFIX_PATH=${CMAKE_PREFIX_PATH}:/opt/ros/jazzy DEBUGINFOD_URLS=https://debuginfod.ubuntu.com /usr/bin/cmake --install /home/idea-22392/sauvc_gz_ws/build/ags_env
[4.846s] -- Install configuration: ""
[4.848s] -- Installing: /home/idea-22392/sauvc_gz_ws/install/ags_env/share/ament_index/resource_index/package_run_dependencies/ags_env
[4.849s] -- Installing: /home/idea-22392/sauvc_gz_ws/install/ags_env/share/ament_index/resource_index/parent_prefix_path/ags_env
[4.850s] -- Installing: /home/idea-22392/sauvc_gz_ws/install/ags_env/share/ags_env/environment/ament_prefix_path.sh
[4.851s] -- Installing: /home/idea-22392/sauvc_gz_ws/install/ags_env/share/ags_env/environment/ament_prefix_path.dsv
[4.856s] -- Installing: /home/idea-22392/sauvc_gz_ws/install/ags_env/share/ags_env/environment/path.sh
[4.857s] -- Installing: /home/idea-22392/sauvc_gz_ws/install/ags_env/share/ags_env/environment/path.dsv
[4.858s] -- Installing: /home/idea-22392/sauvc_gz_ws/install/ags_env/share/ags_env/local_setup.bash
[4.863s] -- Installing: /home/idea-22392/sauvc_gz_ws/install/ags_env/share/ags_env/local_setup.sh
[4.864s] -- Installing: /home/idea-22392/sauvc_gz_ws/install/ags_env/share/ags_env/local_setup.zsh
[4.869s] -- Installing: /home/idea-22392/sauvc_gz_ws/install/ags_env/share/ags_env/local_setup.dsv
[4.870s] -- Installing: /home/idea-22392/sauvc_gz_ws/install/ags_env/share/ags_env/package.dsv
[4.870s] -- Installing: /home/idea-22392/sauvc_gz_ws/install/ags_env/share/ament_index/resource_index/packages/ags_env
[4.871s] -- Installing: /home/idea-22392/sauvc_gz_ws/install/ags_env/share/ags_env/cmake/ags_envConfig.cmake
[4.876s] -- Installing: /home/idea-22392/sauvc_gz_ws/install/ags_env/share/ags_env/cmake/ags_envConfig-version.cmake
[4.876s] -- Up-to-date: /home/idea-22392/sauvc_gz_ws/install/ags_env/share/ags_env/package.xml
[4.884s] Invoked command in '/home/idea-22392/sauvc_gz_ws/build/ags_env' returned '0': CMAKE_PREFIX_PATH=${CMAKE_PREFIX_PATH}:/opt/ros/jazzy DEBUGINFOD_URLS=https://debuginfod.ubuntu.com /usr/bin/cmake --install /home/idea-22392/sauvc_gz_ws/build/ags_env
