[0.034s] Invoking command in '/home/moksh/sauvc_gz_ws/build/ags_env': CMAKE_PREFIX_PATH=${CMAKE_PREFIX_PATH}:/home/moksh/ros2_ws/install/talker_listener:/home/moksh/ros2_ws/install/actions_py:/home/moksh/ros2_ws/install/add_integers:/home/moksh/ros2_ws/install/ard_pub:/home/moksh/control_ws/install/bumperbot_py_examples:/home/moksh/sauvc25/install/testing:/opt/ros/jazzy DEBUGINFOD_URLS=https://debuginfod.ubuntu.com /usr/bin/cmake /home/moksh/sauvc_gz_ws/src/ags_env -DCMAKE_INSTALL_PREFIX=/home/moksh/sauvc_gz_ws/install/ags_env
[0.139s] -- The C compiler identification is GNU 13.3.0
[0.236s] -- The CXX compiler identification is GNU 13.3.0
[0.267s] -- Detecting C compiler ABI info
[0.447s] -- Detecting C compiler ABI info - done
[0.462s] -- Check for working C compiler: /usr/bin/cc - skipped
[0.463s] -- Detecting C compile features
[0.464s] -- Detecting C compile features - done
[0.481s] -- Detecting CXX compiler ABI info
[0.677s] -- Detecting CXX compiler ABI info - done
[0.692s] -- Check for working CXX compiler: /usr/bin/c++ - skipped
[0.692s] -- Detecting CXX compile features
[0.693s] -- Detecting CXX compile features - done
[0.704s] -- Found ament_cmake: 2.5.4 (/opt/ros/jazzy/share/ament_cmake/cmake)
[1.020s] -- Found Python3: /usr/bin/python3 (found version "3.12.3") found components: Interpreter 
[1.289s] -- Found ament_lint_auto: 0.17.2 (/opt/ros/jazzy/share/ament_lint_auto/cmake)
[1.525s] -- Added test 'lint_cmake' to check CMake code style
[1.528s] -- Added test 'xmllint' to check XML markup files
[1.532s] -- Configuring done (1.5s)
[1.538s] -- Generating done (0.0s)
[1.540s] -- Build files have been written to: /home/moksh/sauvc_gz_ws/build/ags_env
[1.551s] Invoked command in '/home/moksh/sauvc_gz_ws/build/ags_env' returned '0': CMAKE_PREFIX_PATH=${CMAKE_PREFIX_PATH}:/home/moksh/ros2_ws/install/talker_listener:/home/moksh/ros2_ws/install/actions_py:/home/moksh/ros2_ws/install/add_integers:/home/moksh/ros2_ws/install/ard_pub:/home/moksh/control_ws/install/bumperbot_py_examples:/home/moksh/sauvc25/install/testing:/opt/ros/jazzy DEBUGINFOD_URLS=https://debuginfod.ubuntu.com /usr/bin/cmake /home/moksh/sauvc_gz_ws/src/ags_env -DCMAKE_INSTALL_PREFIX=/home/moksh/sauvc_gz_ws/install/ags_env
[1.553s] Invoking command in '/home/moksh/sauvc_gz_ws/build/ags_env': CMAKE_PREFIX_PATH=${CMAKE_PREFIX_PATH}:/home/moksh/ros2_ws/install/talker_listener:/home/moksh/ros2_ws/install/actions_py:/home/moksh/ros2_ws/install/add_integers:/home/moksh/ros2_ws/install/ard_pub:/home/moksh/control_ws/install/bumperbot_py_examples:/home/moksh/sauvc25/install/testing:/opt/ros/jazzy DEBUGINFOD_URLS=https://debuginfod.ubuntu.com /usr/bin/cmake --build /home/moksh/sauvc_gz_ws/build/ags_env -- -j12 -l12
[1.650s] Invoked command in '/home/moksh/sauvc_gz_ws/build/ags_env' returned '0': CMAKE_PREFIX_PATH=${CMAKE_PREFIX_PATH}:/home/moksh/ros2_ws/install/talker_listener:/home/moksh/ros2_ws/install/actions_py:/home/moksh/ros2_ws/install/add_integers:/home/moksh/ros2_ws/install/ard_pub:/home/moksh/control_ws/install/bumperbot_py_examples:/home/moksh/sauvc25/install/testing:/opt/ros/jazzy DEBUGINFOD_URLS=https://debuginfod.ubuntu.com /usr/bin/cmake --build /home/moksh/sauvc_gz_ws/build/ags_env -- -j12 -l12
[1.652s] Invoking command in '/home/moksh/sauvc_gz_ws/build/ags_env': CMAKE_PREFIX_PATH=${CMAKE_PREFIX_PATH}:/home/moksh/ros2_ws/install/talker_listener:/home/moksh/ros2_ws/install/actions_py:/home/moksh/ros2_ws/install/add_integers:/home/moksh/ros2_ws/install/ard_pub:/home/moksh/control_ws/install/bumperbot_py_examples:/home/moksh/sauvc25/install/testing:/opt/ros/jazzy DEBUGINFOD_URLS=https://debuginfod.ubuntu.com /usr/bin/cmake --install /home/moksh/sauvc_gz_ws/build/ags_env
[1.670s] -- Install configuration: ""
[1.670s] -- Installing: /home/moksh/sauvc_gz_ws/install/ags_env/share/ament_index/resource_index/package_run_dependencies/ags_env
[1.671s] -- Installing: /home/moksh/sauvc_gz_ws/install/ags_env/share/ament_index/resource_index/parent_prefix_path/ags_env
[1.672s] -- Installing: /home/moksh/sauvc_gz_ws/install/ags_env/share/ags_env/environment/ament_prefix_path.sh
[1.672s] -- Installing: /home/moksh/sauvc_gz_ws/install/ags_env/share/ags_env/environment/ament_prefix_path.dsv
[1.672s] -- Installing: /home/moksh/sauvc_gz_ws/install/ags_env/share/ags_env/environment/path.sh
[1.672s] -- Installing: /home/moksh/sauvc_gz_ws/install/ags_env/share/ags_env/environment/path.dsv
[1.673s] -- Installing: /home/moksh/sauvc_gz_ws/install/ags_env/share/ags_env/local_setup.bash
[1.673s] -- Installing: /home/moksh/sauvc_gz_ws/install/ags_env/share/ags_env/local_setup.sh
[1.673s] -- Installing: /home/moksh/sauvc_gz_ws/install/ags_env/share/ags_env/local_setup.zsh
[1.674s] -- Installing: /home/moksh/sauvc_gz_ws/install/ags_env/share/ags_env/local_setup.dsv
[1.674s] -- Installing: /home/moksh/sauvc_gz_ws/install/ags_env/share/ags_env/package.dsv
[1.674s] -- Installing: /home/moksh/sauvc_gz_ws/install/ags_env/share/ament_index/resource_index/packages/ags_env
[1.674s] -- Installing: /home/moksh/sauvc_gz_ws/install/ags_env/share/ags_env/cmake/ags_envConfig.cmake
[1.676s] -- Installing: /home/moksh/sauvc_gz_ws/install/ags_env/share/ags_env/cmake/ags_envConfig-version.cmake
[1.676s] -- Installing: /home/moksh/sauvc_gz_ws/install/ags_env/share/ags_env/package.xml
[1.722s] Invoked command in '/home/moksh/sauvc_gz_ws/build/ags_env' returned '0': CMAKE_PREFIX_PATH=${CMAKE_PREFIX_PATH}:/home/moksh/ros2_ws/install/talker_listener:/home/moksh/ros2_ws/install/actions_py:/home/moksh/ros2_ws/install/add_integers:/home/moksh/ros2_ws/install/ard_pub:/home/moksh/control_ws/install/bumperbot_py_examples:/home/moksh/sauvc25/install/testing:/opt/ros/jazzy DEBUGINFOD_URLS=https://debuginfod.ubuntu.com /usr/bin/cmake --install /home/moksh/sauvc_gz_ws/build/ags_env
