[0.034s] Invoking command in '/home/moksh/sauvc_gz_ws/build/gz_tna': CMAKE_PREFIX_PATH=${CMAKE_PREFIX_PATH}:/home/moksh/ros2_ws/install/talker_listener:/home/moksh/ros2_ws/install/actions_py:/home/moksh/ros2_ws/install/add_integers:/home/moksh/ros2_ws/install/ard_pub:/home/moksh/control_ws/install/bumperbot_py_examples:/home/moksh/sauvc25/install/testing:/opt/ros/jazzy DEBUGINFOD_URLS=https://debuginfod.ubuntu.com /usr/bin/cmake /home/moksh/sauvc_gz_ws/src/gz_tna -DCMAKE_INSTALL_PREFIX=/home/moksh/sauvc_gz_ws/install/gz_tna
[0.190s] -- The C compiler identification is GNU 13.3.0
[0.332s] -- The CXX compiler identification is GNU 13.3.0
[0.369s] -- Detecting C compiler ABI info
[0.552s] -- Detecting C compiler ABI info - done
[0.567s] -- Check for working C compiler: /usr/bin/cc - skipped
[0.567s] -- Detecting C compile features
[0.568s] -- Detecting C compile features - done
[0.588s] -- Detecting CXX compiler ABI info
[0.786s] -- Detecting CXX compiler ABI info - done
[0.802s] -- Check for working CXX compiler: /usr/bin/c++ - skipped
[0.803s] -- Detecting CXX compile features
[0.804s] -- Detecting CXX compile features - done
[0.828s] -- Found ament_cmake: 2.5.4 (/opt/ros/jazzy/share/ament_cmake/cmake)
[1.153s] -- Found Python3: /usr/bin/python3 (found version "3.12.3") found components: Interpreter 
[1.442s] -- Found ament_lint_auto: 0.17.2 (/opt/ros/jazzy/share/ament_lint_auto/cmake)
[1.684s] -- Added test 'lint_cmake' to check CMake code style
[1.688s] -- Added test 'xmllint' to check XML markup files
[1.693s] -- Configuring done (1.6s)
[1.699s] -- Generating done (0.0s)
[1.702s] -- Build files have been written to: /home/moksh/sauvc_gz_ws/build/gz_tna
[1.712s] Invoked command in '/home/moksh/sauvc_gz_ws/build/gz_tna' returned '0': CMAKE_PREFIX_PATH=${CMAKE_PREFIX_PATH}:/home/moksh/ros2_ws/install/talker_listener:/home/moksh/ros2_ws/install/actions_py:/home/moksh/ros2_ws/install/add_integers:/home/moksh/ros2_ws/install/ard_pub:/home/moksh/control_ws/install/bumperbot_py_examples:/home/moksh/sauvc25/install/testing:/opt/ros/jazzy DEBUGINFOD_URLS=https://debuginfod.ubuntu.com /usr/bin/cmake /home/moksh/sauvc_gz_ws/src/gz_tna -DCMAKE_INSTALL_PREFIX=/home/moksh/sauvc_gz_ws/install/gz_tna
[1.715s] Invoking command in '/home/moksh/sauvc_gz_ws/build/gz_tna': CMAKE_PREFIX_PATH=${CMAKE_PREFIX_PATH}:/home/moksh/ros2_ws/install/talker_listener:/home/moksh/ros2_ws/install/actions_py:/home/moksh/ros2_ws/install/add_integers:/home/moksh/ros2_ws/install/ard_pub:/home/moksh/control_ws/install/bumperbot_py_examples:/home/moksh/sauvc25/install/testing:/opt/ros/jazzy DEBUGINFOD_URLS=https://debuginfod.ubuntu.com /usr/bin/cmake --build /home/moksh/sauvc_gz_ws/build/gz_tna -- -j12 -l12
[1.805s] Invoked command in '/home/moksh/sauvc_gz_ws/build/gz_tna' returned '0': CMAKE_PREFIX_PATH=${CMAKE_PREFIX_PATH}:/home/moksh/ros2_ws/install/talker_listener:/home/moksh/ros2_ws/install/actions_py:/home/moksh/ros2_ws/install/add_integers:/home/moksh/ros2_ws/install/ard_pub:/home/moksh/control_ws/install/bumperbot_py_examples:/home/moksh/sauvc25/install/testing:/opt/ros/jazzy DEBUGINFOD_URLS=https://debuginfod.ubuntu.com /usr/bin/cmake --build /home/moksh/sauvc_gz_ws/build/gz_tna -- -j12 -l12
[1.827s] Invoking command in '/home/moksh/sauvc_gz_ws/build/gz_tna': CMAKE_PREFIX_PATH=${CMAKE_PREFIX_PATH}:/home/moksh/ros2_ws/install/talker_listener:/home/moksh/ros2_ws/install/actions_py:/home/moksh/ros2_ws/install/add_integers:/home/moksh/ros2_ws/install/ard_pub:/home/moksh/control_ws/install/bumperbot_py_examples:/home/moksh/sauvc25/install/testing:/opt/ros/jazzy DEBUGINFOD_URLS=https://debuginfod.ubuntu.com /usr/bin/cmake --install /home/moksh/sauvc_gz_ws/build/gz_tna
[1.843s] -- Install configuration: ""
[1.844s] -- Installing: /home/moksh/sauvc_gz_ws/install/gz_tna/share/ament_index/resource_index/package_run_dependencies/gz_tna
[1.845s] -- Installing: /home/moksh/sauvc_gz_ws/install/gz_tna/share/ament_index/resource_index/parent_prefix_path/gz_tna
[1.845s] -- Installing: /home/moksh/sauvc_gz_ws/install/gz_tna/share/gz_tna/environment/ament_prefix_path.sh
[1.845s] -- Installing: /home/moksh/sauvc_gz_ws/install/gz_tna/share/gz_tna/environment/ament_prefix_path.dsv
[1.845s] -- Installing: /home/moksh/sauvc_gz_ws/install/gz_tna/share/gz_tna/environment/path.sh
[1.846s] -- Installing: /home/moksh/sauvc_gz_ws/install/gz_tna/share/gz_tna/environment/path.dsv
[1.846s] -- Installing: /home/moksh/sauvc_gz_ws/install/gz_tna/share/gz_tna/local_setup.bash
[1.846s] -- Installing: /home/moksh/sauvc_gz_ws/install/gz_tna/share/gz_tna/local_setup.sh
[1.846s] -- Installing: /home/moksh/sauvc_gz_ws/install/gz_tna/share/gz_tna/local_setup.zsh
[1.847s] -- Installing: /home/moksh/sauvc_gz_ws/install/gz_tna/share/gz_tna/local_setup.dsv
[1.847s] -- Installing: /home/moksh/sauvc_gz_ws/install/gz_tna/share/gz_tna/package.dsv
[1.847s] -- Installing: /home/moksh/sauvc_gz_ws/install/gz_tna/share/ament_index/resource_index/packages/gz_tna
[1.848s] -- Installing: /home/moksh/sauvc_gz_ws/install/gz_tna/share/gz_tna/cmake/gz_tnaConfig.cmake
[1.848s] -- Installing: /home/moksh/sauvc_gz_ws/install/gz_tna/share/gz_tna/cmake/gz_tnaConfig-version.cmake
[1.848s] -- Installing: /home/moksh/sauvc_gz_ws/install/gz_tna/share/gz_tna/package.xml
[1.852s] Invoked command in '/home/moksh/sauvc_gz_ws/build/gz_tna' returned '0': CMAKE_PREFIX_PATH=${CMAKE_PREFIX_PATH}:/home/moksh/ros2_ws/install/talker_listener:/home/moksh/ros2_ws/install/actions_py:/home/moksh/ros2_ws/install/add_integers:/home/moksh/ros2_ws/install/ard_pub:/home/moksh/control_ws/install/bumperbot_py_examples:/home/moksh/sauvc25/install/testing:/opt/ros/jazzy DEBUGINFOD_URLS=https://debuginfod.ubuntu.com /usr/bin/cmake --install /home/moksh/sauvc_gz_ws/build/gz_tna
