[0.021s] Invoking command in '/home/moksh/sauvc_gz_ws/build/ags_control': CMAKE_PREFIX_PATH=${CMAKE_PREFIX_PATH}:/home/moksh/ros2_ws/install/talker_listener:/home/moksh/ros2_ws/install/actions_py:/home/moksh/ros2_ws/install/add_integers:/home/moksh/ros2_ws/install/ard_pub:/home/moksh/control_ws/install/bumperbot_py_examples:/home/moksh/sauvc25/install/testing:/opt/ros/jazzy DEBUGINFOD_URLS=https://debuginfod.ubuntu.com /usr/bin/cmake --build /home/moksh/sauvc_gz_ws/build/ags_control -- -j12 -l12
[0.082s] Invoked command in '/home/moksh/sauvc_gz_ws/build/ags_control' returned '0': CMAKE_PREFIX_PATH=${CMAKE_PREFIX_PATH}:/home/moksh/ros2_ws/install/talker_listener:/home/moksh/ros2_ws/install/actions_py:/home/moksh/ros2_ws/install/add_integers:/home/moksh/ros2_ws/install/ard_pub:/home/moksh/control_ws/install/bumperbot_py_examples:/home/moksh/sauvc25/install/testing:/opt/ros/jazzy DEBUGINFOD_URLS=https://debuginfod.ubuntu.com /usr/bin/cmake --build /home/moksh/sauvc_gz_ws/build/ags_control -- -j12 -l12
[0.083s] Invoking command in '/home/moksh/sauvc_gz_ws/build/ags_control': CMAKE_PREFIX_PATH=${CMAKE_PREFIX_PATH}:/home/moksh/ros2_ws/install/talker_listener:/home/moksh/ros2_ws/install/actions_py:/home/moksh/ros2_ws/install/add_integers:/home/moksh/ros2_ws/install/ard_pub:/home/moksh/control_ws/install/bumperbot_py_examples:/home/moksh/sauvc25/install/testing:/opt/ros/jazzy DEBUGINFOD_URLS=https://debuginfod.ubuntu.com /usr/bin/cmake --install /home/moksh/sauvc_gz_ws/build/ags_control
[0.090s] -- Install configuration: ""
[0.091s] -- Up-to-date: /home/moksh/sauvc_gz_ws/install/ags_control/share/ament_index/resource_index/package_run_dependencies/ags_control
[0.091s] -- Up-to-date: /home/moksh/sauvc_gz_ws/install/ags_control/share/ament_index/resource_index/parent_prefix_path/ags_control
[0.091s] -- Up-to-date: /home/moksh/sauvc_gz_ws/install/ags_control/share/ags_control/environment/ament_prefix_path.sh
[0.091s] -- Up-to-date: /home/moksh/sauvc_gz_ws/install/ags_control/share/ags_control/environment/ament_prefix_path.dsv
[0.091s] -- Up-to-date: /home/moksh/sauvc_gz_ws/install/ags_control/share/ags_control/environment/path.sh
[0.091s] -- Up-to-date: /home/moksh/sauvc_gz_ws/install/ags_control/share/ags_control/environment/path.dsv
[0.091s] -- Up-to-date: /home/moksh/sauvc_gz_ws/install/ags_control/share/ags_control/local_setup.bash
[0.091s] -- Up-to-date: /home/moksh/sauvc_gz_ws/install/ags_control/share/ags_control/local_setup.sh
[0.091s] -- Up-to-date: /home/moksh/sauvc_gz_ws/install/ags_control/share/ags_control/local_setup.zsh
[0.091s] -- Up-to-date: /home/moksh/sauvc_gz_ws/install/ags_control/share/ags_control/local_setup.dsv
[0.092s] -- Up-to-date: /home/moksh/sauvc_gz_ws/install/ags_control/share/ags_control/package.dsv
[0.092s] -- Up-to-date: /home/moksh/sauvc_gz_ws/install/ags_control/share/ament_index/resource_index/packages/ags_control
[0.092s] -- Up-to-date: /home/moksh/sauvc_gz_ws/install/ags_control/share/ags_control/cmake/ags_controlConfig.cmake
[0.092s] -- Up-to-date: /home/moksh/sauvc_gz_ws/install/ags_control/share/ags_control/cmake/ags_controlConfig-version.cmake
[0.092s] -- Up-to-date: /home/moksh/sauvc_gz_ws/install/ags_control/share/ags_control/package.xml
[0.093s] Invoked command in '/home/moksh/sauvc_gz_ws/build/ags_control' returned '0': CMAKE_PREFIX_PATH=${CMAKE_PREFIX_PATH}:/home/moksh/ros2_ws/install/talker_listener:/home/moksh/ros2_ws/install/actions_py:/home/moksh/ros2_ws/install/add_integers:/home/moksh/ros2_ws/install/ard_pub:/home/moksh/control_ws/install/bumperbot_py_examples:/home/moksh/sauvc25/install/testing:/opt/ros/jazzy DEBUGINFOD_URLS=https://debuginfod.ubuntu.com /usr/bin/cmake --install /home/moksh/sauvc_gz_ws/build/ags_control
