[0.015s] Invoking command in '/home/moksh/sauvc_gz_ws/build/ags_description': CMAKE_PREFIX_PATH=${CMAKE_PREFIX_PATH}:/home/moksh/ros2_ws/install/talker_listener:/home/moksh/ros2_ws/install/actions_py:/home/moksh/ros2_ws/install/add_integers:/home/moksh/ros2_ws/install/ard_pub:/home/moksh/control_ws/install/bumperbot_py_examples:/home/moksh/sauvc25/install/testing:/opt/ros/jazzy DEBUGINFOD_URLS=https://debuginfod.ubuntu.com /usr/bin/cmake --build /home/moksh/sauvc_gz_ws/build/ags_description -- -j12 -l12
[0.061s] Invoked command in '/home/moksh/sauvc_gz_ws/build/ags_description' returned '0': CMAKE_PREFIX_PATH=${CMAKE_PREFIX_PATH}:/home/moksh/ros2_ws/install/talker_listener:/home/moksh/ros2_ws/install/actions_py:/home/moksh/ros2_ws/install/add_integers:/home/moksh/ros2_ws/install/ard_pub:/home/moksh/control_ws/install/bumperbot_py_examples:/home/moksh/sauvc25/install/testing:/opt/ros/jazzy DEBUGINFOD_URLS=https://debuginfod.ubuntu.com /usr/bin/cmake --build /home/moksh/sauvc_gz_ws/build/ags_description -- -j12 -l12
[0.071s] Invoking command in '/home/moksh/sauvc_gz_ws/build/ags_description': CMAKE_PREFIX_PATH=${CMAKE_PREFIX_PATH}:/home/moksh/ros2_ws/install/talker_listener:/home/moksh/ros2_ws/install/actions_py:/home/moksh/ros2_ws/install/add_integers:/home/moksh/ros2_ws/install/ard_pub:/home/moksh/control_ws/install/bumperbot_py_examples:/home/moksh/sauvc25/install/testing:/opt/ros/jazzy DEBUGINFOD_URLS=https://debuginfod.ubuntu.com /usr/bin/cmake --install /home/moksh/sauvc_gz_ws/build/ags_description
[0.080s] -- Install configuration: ""
[0.081s] -- Up-to-date: /home/moksh/sauvc_gz_ws/install/ags_description/share/ament_index/resource_index/package_run_dependencies/ags_description
[0.081s] -- Up-to-date: /home/moksh/sauvc_gz_ws/install/ags_description/share/ament_index/resource_index/parent_prefix_path/ags_description
[0.081s] -- Up-to-date: /home/moksh/sauvc_gz_ws/install/ags_description/share/ags_description/environment/ament_prefix_path.sh
[0.081s] -- Up-to-date: /home/moksh/sauvc_gz_ws/install/ags_description/share/ags_description/environment/ament_prefix_path.dsv
[0.081s] -- Up-to-date: /home/moksh/sauvc_gz_ws/install/ags_description/share/ags_description/environment/path.sh
[0.081s] -- Up-to-date: /home/moksh/sauvc_gz_ws/install/ags_description/share/ags_description/environment/path.dsv
[0.082s] -- Up-to-date: /home/moksh/sauvc_gz_ws/install/ags_description/share/ags_description/local_setup.bash
[0.082s] -- Up-to-date: /home/moksh/sauvc_gz_ws/install/ags_description/share/ags_description/local_setup.sh
[0.082s] -- Up-to-date: /home/moksh/sauvc_gz_ws/install/ags_description/share/ags_description/local_setup.zsh
[0.082s] -- Up-to-date: /home/moksh/sauvc_gz_ws/install/ags_description/share/ags_description/local_setup.dsv
[0.082s] -- Up-to-date: /home/moksh/sauvc_gz_ws/install/ags_description/share/ags_description/package.dsv
[0.082s] -- Up-to-date: /home/moksh/sauvc_gz_ws/install/ags_description/share/ament_index/resource_index/packages/ags_description
[0.082s] -- Up-to-date: /home/moksh/sauvc_gz_ws/install/ags_description/share/ags_description/cmake/ags_descriptionConfig.cmake
[0.082s] -- Up-to-date: /home/moksh/sauvc_gz_ws/install/ags_description/share/ags_description/cmake/ags_descriptionConfig-version.cmake
[0.082s] -- Up-to-date: /home/moksh/sauvc_gz_ws/install/ags_description/share/ags_description/package.xml
[0.100s] Invoked command in '/home/moksh/sauvc_gz_ws/build/ags_description' returned '0': CMAKE_PREFIX_PATH=${CMAKE_PREFIX_PATH}:/home/moksh/ros2_ws/install/talker_listener:/home/moksh/ros2_ws/install/actions_py:/home/moksh/ros2_ws/install/add_integers:/home/moksh/ros2_ws/install/ard_pub:/home/moksh/control_ws/install/bumperbot_py_examples:/home/moksh/sauvc25/install/testing:/opt/ros/jazzy DEBUGINFOD_URLS=https://debuginfod.ubuntu.com /usr/bin/cmake --install /home/moksh/sauvc_gz_ws/build/ags_description
