[0.019s] Invoking command in '/home/idea-22392/sauvc_gz_ws/build/ags_env': CMAKE_PREFIX_PATH=${CMAKE_PREFIX_PATH}:/opt/ros/jazzy DEBUGINFOD_URLS=https://debuginfod.ubuntu.com /usr/bin/cmake --build /home/idea-22392/sauvc_gz_ws/build/ags_env -- -j4 -l4
[0.111s] Invoked command in '/home/idea-22392/sauvc_gz_ws/build/ags_env' returned '0': CMAKE_PREFIX_PATH=${CMAKE_PREFIX_PATH}:/opt/ros/jazzy DEBUGINFOD_URLS=https://debuginfod.ubuntu.com /usr/bin/cmake --build /home/idea-22392/sauvc_gz_ws/build/ags_env -- -j4 -l4
[0.113s] Invoking command in '/home/idea-22392/sauvc_gz_ws/build/ags_env': CMAKE_PREFIX_PATH=${CMAKE_PREFIX_PATH}:/opt/ros/jazzy DEBUGINFOD_URLS=https://debuginfod.ubuntu.com /usr/bin/cmake --install /home/idea-22392/sauvc_gz_ws/build/ags_env
[0.125s] -- Install configuration: ""
[0.125s] -- Up-to-date: /home/idea-22392/sauvc_gz_ws/install/ags_env/share/ament_index/resource_index/package_run_dependencies/ags_env
[0.126s] -- Up-to-date: /home/idea-22392/sauvc_gz_ws/install/ags_env/share/ament_index/resource_index/parent_prefix_path/ags_env
[0.126s] -- Up-to-date: /home/idea-22392/sauvc_gz_ws/install/ags_env/share/ags_env/environment/ament_prefix_path.sh
[0.126s] -- Up-to-date: /home/idea-22392/sauvc_gz_ws/install/ags_env/share/ags_env/environment/ament_prefix_path.dsv
[0.126s] -- Up-to-date: /home/idea-22392/sauvc_gz_ws/install/ags_env/share/ags_env/environment/path.sh
[0.126s] -- Up-to-date: /home/idea-22392/sauvc_gz_ws/install/ags_env/share/ags_env/environment/path.dsv
[0.126s] -- Up-to-date: /home/idea-22392/sauvc_gz_ws/install/ags_env/share/ags_env/local_setup.bash
[0.127s] -- Up-to-date: /home/idea-22392/sauvc_gz_ws/install/ags_env/share/ags_env/local_setup.sh
[0.127s] -- Up-to-date: /home/idea-22392/sauvc_gz_ws/install/ags_env/share/ags_env/local_setup.zsh
[0.127s] -- Up-to-date: /home/idea-22392/sauvc_gz_ws/install/ags_env/share/ags_env/local_setup.dsv
[0.127s] -- Up-to-date: /home/idea-22392/sauvc_gz_ws/install/ags_env/share/ags_env/package.dsv
[0.127s] -- Up-to-date: /home/idea-22392/sauvc_gz_ws/install/ags_env/share/ament_index/resource_index/packages/ags_env
[0.127s] -- Up-to-date: /home/idea-22392/sauvc_gz_ws/install/ags_env/share/ags_env/cmake/ags_envConfig.cmake
[0.127s] -- Up-to-date: /home/idea-22392/sauvc_gz_ws/install/ags_env/share/ags_env/cmake/ags_envConfig-version.cmake
[0.127s] -- Up-to-date: /home/idea-22392/sauvc_gz_ws/install/ags_env/share/ags_env/package.xml
[0.161s] Invoked command in '/home/idea-22392/sauvc_gz_ws/build/ags_env' returned '0': CMAKE_PREFIX_PATH=${CMAKE_PREFIX_PATH}:/opt/ros/jazzy DEBUGINFOD_URLS=https://debuginfod.ubuntu.com /usr/bin/cmake --install /home/idea-22392/sauvc_gz_ws/build/ags_env
