[0.270s] DEBUG:colcon:Command line arguments: ['/usr/bin/colcon', 'build']
[0.270s] DEBUG:colcon:Parsed command line arguments: Namespace(log_base=None, log_level=None, verb_name='build', build_base='build', install_base='install', merge_install=False, symlink_install=False, test_result_base=None, continue_on_error=False, executor='parallel', parallel_workers=4, event_handlers=None, ignore_user_meta=False, metas=['./colcon.meta'], base_paths=['.'], packages_ignore=None, packages_ignore_regex=None, paths=None, packages_up_to=None, packages_up_to_regex=None, packages_above=None, packages_above_and_dependencies=None, packages_above_depth=None, packages_select_by_dep=None, packages_skip_by_dep=None, packages_skip_up_to=None, packages_select_build_failed=False, packages_skip_build_finished=False, packages_select_test_failures=False, packages_skip_test_passed=False, packages_select=None, packages_skip=None, packages_select_regex=None, packages_skip_regex=None, packages_start=None, packages_end=None, allow_overriding=[], cmake_args=None, cmake_target=None, cmake_target_skip_unavailable=False, cmake_clean_cache=False, cmake_clean_first=False, cmake_force_configure=False, ament_cmake_args=None, catkin_cmake_args=None, catkin_skip_building_tests=False, mixin_files=None, mixin=None, verb_parser=<colcon_mixin.mixin.mixin_argument.MixinArgumentDecorator object at 0x72610b4a9580>, verb_extension=<colcon_core.verb.build.BuildVerb object at 0x72610b4a8d70>, main=<bound method BuildVerb.main of <colcon_core.verb.build.BuildVerb object at 0x72610b4a8d70>>, mixin_verb=('build',))
[0.337s] Level 1:colcon.colcon_core.package_discovery:discover_packages(colcon_meta) check parameters
[0.337s] Level 1:colcon.colcon_core.package_discovery:discover_packages(recursive) check parameters
[0.337s] Level 1:colcon.colcon_core.package_discovery:discover_packages(ignore) check parameters
[0.337s] Level 1:colcon.colcon_core.package_discovery:discover_packages(path) check parameters
[0.337s] Level 1:colcon.colcon_core.package_discovery:discover_packages(colcon_meta) discover
[0.337s] Level 1:colcon.colcon_core.package_discovery:discover_packages(recursive) discover
[0.337s] INFO:colcon.colcon_core.package_discovery:Crawling recursively for packages in '/home/idea-22392/sauvc_gz_ws'
[0.337s] Level 1:colcon.colcon_core.package_identification:_identify(.) by extensions ['ignore', 'ignore_ament_install']
[0.337s] Level 1:colcon.colcon_core.package_identification:_identify(.) by extension 'ignore'
[0.337s] Level 1:colcon.colcon_core.package_identification:_identify(.) by extension 'ignore_ament_install'
[0.337s] Level 1:colcon.colcon_core.package_identification:_identify(.) by extensions ['colcon_pkg']
[0.337s] Level 1:colcon.colcon_core.package_identification:_identify(.) by extension 'colcon_pkg'
[0.337s] Level 1:colcon.colcon_core.package_identification:_identify(.) by extensions ['colcon_meta']
[0.338s] Level 1:colcon.colcon_core.package_identification:_identify(.) by extension 'colcon_meta'
[0.338s] Level 1:colcon.colcon_core.package_identification:_identify(.) by extensions ['ros']
[0.338s] Level 1:colcon.colcon_core.package_identification:_identify(.) by extension 'ros'
[0.366s] Level 1:colcon.colcon_core.package_identification:_identify(.) by extensions ['cmake', 'python']
[0.366s] Level 1:colcon.colcon_core.package_identification:_identify(.) by extension 'cmake'
[0.366s] Level 1:colcon.colcon_core.package_identification:_identify(.) by extension 'python'
[0.366s] Level 1:colcon.colcon_core.package_identification:_identify(.) by extensions ['python_setup_py']
[0.366s] Level 1:colcon.colcon_core.package_identification:_identify(.) by extension 'python_setup_py'
[0.366s] Level 1:colcon.colcon_core.package_identification:_identify(build) by extensions ['ignore', 'ignore_ament_install']
[0.367s] Level 1:colcon.colcon_core.package_identification:_identify(build) by extension 'ignore'
[0.367s] Level 1:colcon.colcon_core.package_identification:_identify(build) ignored
[0.367s] Level 1:colcon.colcon_core.package_identification:_identify(install) by extensions ['ignore', 'ignore_ament_install']
[0.367s] Level 1:colcon.colcon_core.package_identification:_identify(install) by extension 'ignore'
[0.367s] Level 1:colcon.colcon_core.package_identification:_identify(install) ignored
[0.367s] Level 1:colcon.colcon_core.package_identification:_identify(log) by extensions ['ignore', 'ignore_ament_install']
[0.367s] Level 1:colcon.colcon_core.package_identification:_identify(log) by extension 'ignore'
[0.367s] Level 1:colcon.colcon_core.package_identification:_identify(log) ignored
[0.367s] Level 1:colcon.colcon_core.package_identification:_identify(src) by extensions ['ignore', 'ignore_ament_install']
[0.367s] Level 1:colcon.colcon_core.package_identification:_identify(src) by extension 'ignore'
[0.367s] Level 1:colcon.colcon_core.package_identification:_identify(src) by extension 'ignore_ament_install'
[0.367s] Level 1:colcon.colcon_core.package_identification:_identify(src) by extensions ['colcon_pkg']
[0.367s] Level 1:colcon.colcon_core.package_identification:_identify(src) by extension 'colcon_pkg'
[0.368s] Level 1:colcon.colcon_core.package_identification:_identify(src) by extensions ['colcon_meta']
[0.368s] Level 1:colcon.colcon_core.package_identification:_identify(src) by extension 'colcon_meta'
[0.368s] Level 1:colcon.colcon_core.package_identification:_identify(src) by extensions ['ros']
[0.368s] Level 1:colcon.colcon_core.package_identification:_identify(src) by extension 'ros'
[0.368s] Level 1:colcon.colcon_core.package_identification:_identify(src) by extensions ['cmake', 'python']
[0.368s] Level 1:colcon.colcon_core.package_identification:_identify(src) by extension 'cmake'
[0.368s] Level 1:colcon.colcon_core.package_identification:_identify(src) by extension 'python'
[0.368s] Level 1:colcon.colcon_core.package_identification:_identify(src) by extensions ['python_setup_py']
[0.368s] Level 1:colcon.colcon_core.package_identification:_identify(src) by extension 'python_setup_py'
[0.368s] Level 1:colcon.colcon_core.package_identification:_identify(src/ags_control) by extensions ['ignore', 'ignore_ament_install']
[0.368s] Level 1:colcon.colcon_core.package_identification:_identify(src/ags_control) by extension 'ignore'
[0.368s] Level 1:colcon.colcon_core.package_identification:_identify(src/ags_control) by extension 'ignore_ament_install'
[0.368s] Level 1:colcon.colcon_core.package_identification:_identify(src/ags_control) by extensions ['colcon_pkg']
[0.368s] Level 1:colcon.colcon_core.package_identification:_identify(src/ags_control) by extension 'colcon_pkg'
[0.368s] Level 1:colcon.colcon_core.package_identification:_identify(src/ags_control) by extensions ['colcon_meta']
[0.368s] Level 1:colcon.colcon_core.package_identification:_identify(src/ags_control) by extension 'colcon_meta'
[0.368s] Level 1:colcon.colcon_core.package_identification:_identify(src/ags_control) by extensions ['ros']
[0.368s] Level 1:colcon.colcon_core.package_identification:_identify(src/ags_control) by extension 'ros'
[0.372s] DEBUG:colcon.colcon_core.package_identification:Package 'src/ags_control' with type 'ros.ament_cmake' and name 'ags_control'
[0.372s] Level 1:colcon.colcon_core.package_identification:_identify(src/ags_description) by extensions ['ignore', 'ignore_ament_install']
[0.372s] Level 1:colcon.colcon_core.package_identification:_identify(src/ags_description) by extension 'ignore'
[0.372s] Level 1:colcon.colcon_core.package_identification:_identify(src/ags_description) by extension 'ignore_ament_install'
[0.372s] Level 1:colcon.colcon_core.package_identification:_identify(src/ags_description) by extensions ['colcon_pkg']
[0.372s] Level 1:colcon.colcon_core.package_identification:_identify(src/ags_description) by extension 'colcon_pkg'
[0.372s] Level 1:colcon.colcon_core.package_identification:_identify(src/ags_description) by extensions ['colcon_meta']
[0.372s] Level 1:colcon.colcon_core.package_identification:_identify(src/ags_description) by extension 'colcon_meta'
[0.372s] Level 1:colcon.colcon_core.package_identification:_identify(src/ags_description) by extensions ['ros']
[0.373s] Level 1:colcon.colcon_core.package_identification:_identify(src/ags_description) by extension 'ros'
[0.373s] DEBUG:colcon.colcon_core.package_identification:Package 'src/ags_description' with type 'ros.ament_cmake' and name 'ags_description'
[0.373s] Level 1:colcon.colcon_core.package_identification:_identify(src/ags_env) by extensions ['ignore', 'ignore_ament_install']
[0.373s] Level 1:colcon.colcon_core.package_identification:_identify(src/ags_env) by extension 'ignore'
[0.373s] Level 1:colcon.colcon_core.package_identification:_identify(src/ags_env) by extension 'ignore_ament_install'
[0.373s] Level 1:colcon.colcon_core.package_identification:_identify(src/ags_env) by extensions ['colcon_pkg']
[0.373s] Level 1:colcon.colcon_core.package_identification:_identify(src/ags_env) by extension 'colcon_pkg'
[0.374s] Level 1:colcon.colcon_core.package_identification:_identify(src/ags_env) by extensions ['colcon_meta']
[0.374s] Level 1:colcon.colcon_core.package_identification:_identify(src/ags_env) by extension 'colcon_meta'
[0.374s] Level 1:colcon.colcon_core.package_identification:_identify(src/ags_env) by extensions ['ros']
[0.374s] Level 1:colcon.colcon_core.package_identification:_identify(src/ags_env) by extension 'ros'
[0.374s] DEBUG:colcon.colcon_core.package_identification:Package 'src/ags_env' with type 'ros.ament_cmake' and name 'ags_env'
[0.374s] Level 1:colcon.colcon_core.package_identification:_identify(src/ags_launch) by extensions ['ignore', 'ignore_ament_install']
[0.374s] Level 1:colcon.colcon_core.package_identification:_identify(src/ags_launch) by extension 'ignore'
[0.374s] Level 1:colcon.colcon_core.package_identification:_identify(src/ags_launch) by extension 'ignore_ament_install'
[0.374s] Level 1:colcon.colcon_core.package_identification:_identify(src/ags_launch) by extensions ['colcon_pkg']
[0.375s] Level 1:colcon.colcon_core.package_identification:_identify(src/ags_launch) by extension 'colcon_pkg'
[0.375s] Level 1:colcon.colcon_core.package_identification:_identify(src/ags_launch) by extensions ['colcon_meta']
[0.375s] Level 1:colcon.colcon_core.package_identification:_identify(src/ags_launch) by extension 'colcon_meta'
[0.375s] Level 1:colcon.colcon_core.package_identification:_identify(src/ags_launch) by extensions ['ros']
[0.375s] Level 1:colcon.colcon_core.package_identification:_identify(src/ags_launch) by extension 'ros'
[0.375s] Level 1:colcon.colcon_core.package_identification:_identify(src/ags_launch) by extensions ['cmake', 'python']
[0.375s] Level 1:colcon.colcon_core.package_identification:_identify(src/ags_launch) by extension 'cmake'
[0.375s] Level 1:colcon.colcon_core.package_identification:_identify(src/ags_launch) by extension 'python'
[0.375s] Level 1:colcon.colcon_core.package_identification:_identify(src/ags_launch) by extensions ['python_setup_py']
[0.375s] Level 1:colcon.colcon_core.package_identification:_identify(src/ags_launch) by extension 'python_setup_py'
[0.375s] Level 1:colcon.colcon_core.package_identification:_identify(src/ags_models) by extensions ['ignore', 'ignore_ament_install']
[0.375s] Level 1:colcon.colcon_core.package_identification:_identify(src/ags_models) by extension 'ignore'
[0.375s] Level 1:colcon.colcon_core.package_identification:_identify(src/ags_models) by extension 'ignore_ament_install'
[0.375s] Level 1:colcon.colcon_core.package_identification:_identify(src/ags_models) by extensions ['colcon_pkg']
[0.375s] Level 1:colcon.colcon_core.package_identification:_identify(src/ags_models) by extension 'colcon_pkg'
[0.375s] Level 1:colcon.colcon_core.package_identification:_identify(src/ags_models) by extensions ['colcon_meta']
[0.375s] Level 1:colcon.colcon_core.package_identification:_identify(src/ags_models) by extension 'colcon_meta'
[0.375s] Level 1:colcon.colcon_core.package_identification:_identify(src/ags_models) by extensions ['ros']
[0.375s] Level 1:colcon.colcon_core.package_identification:_identify(src/ags_models) by extension 'ros'
[0.376s] Level 1:colcon.colcon_core.package_identification:_identify(src/ags_models) by extensions ['cmake', 'python']
[0.376s] Level 1:colcon.colcon_core.package_identification:_identify(src/ags_models) by extension 'cmake'
[0.376s] Level 1:colcon.colcon_core.package_identification:_identify(src/ags_models) by extension 'python'
[0.376s] Level 1:colcon.colcon_core.package_identification:_identify(src/ags_models) by extensions ['python_setup_py']
[0.376s] Level 1:colcon.colcon_core.package_identification:_identify(src/ags_models) by extension 'python_setup_py'
[0.376s] Level 1:colcon.colcon_core.package_identification:_identify(src/ags_models/ags) by extensions ['ignore', 'ignore_ament_install']
[0.376s] Level 1:colcon.colcon_core.package_identification:_identify(src/ags_models/ags) by extension 'ignore'
[0.376s] Level 1:colcon.colcon_core.package_identification:_identify(src/ags_models/ags) by extension 'ignore_ament_install'
[0.376s] Level 1:colcon.colcon_core.package_identification:_identify(src/ags_models/ags) by extensions ['colcon_pkg']
[0.376s] Level 1:colcon.colcon_core.package_identification:_identify(src/ags_models/ags) by extension 'colcon_pkg'
[0.376s] Level 1:colcon.colcon_core.package_identification:_identify(src/ags_models/ags) by extensions ['colcon_meta']
[0.376s] Level 1:colcon.colcon_core.package_identification:_identify(src/ags_models/ags) by extension 'colcon_meta'
[0.376s] Level 1:colcon.colcon_core.package_identification:_identify(src/ags_models/ags) by extensions ['ros']
[0.376s] Level 1:colcon.colcon_core.package_identification:_identify(src/ags_models/ags) by extension 'ros'
[0.376s] Level 1:colcon.colcon_core.package_identification:_identify(src/ags_models/ags) by extensions ['cmake', 'python']
[0.376s] Level 1:colcon.colcon_core.package_identification:_identify(src/ags_models/ags) by extension 'cmake'
[0.376s] Level 1:colcon.colcon_core.package_identification:_identify(src/ags_models/ags) by extension 'python'
[0.376s] Level 1:colcon.colcon_core.package_identification:_identify(src/ags_models/ags) by extensions ['python_setup_py']
[0.377s] Level 1:colcon.colcon_core.package_identification:_identify(src/ags_models/ags) by extension 'python_setup_py'
[0.377s] Level 1:colcon.colcon_core.package_identification:_identify(src/ags_models/meshes) by extensions ['ignore', 'ignore_ament_install']
[0.377s] Level 1:colcon.colcon_core.package_identification:_identify(src/ags_models/meshes) by extension 'ignore'
[0.377s] Level 1:colcon.colcon_core.package_identification:_identify(src/ags_models/meshes) by extension 'ignore_ament_install'
[0.377s] Level 1:colcon.colcon_core.package_identification:_identify(src/ags_models/meshes) by extensions ['colcon_pkg']
[0.377s] Level 1:colcon.colcon_core.package_identification:_identify(src/ags_models/meshes) by extension 'colcon_pkg'
[0.377s] Level 1:colcon.colcon_core.package_identification:_identify(src/ags_models/meshes) by extensions ['colcon_meta']
[0.377s] Level 1:colcon.colcon_core.package_identification:_identify(src/ags_models/meshes) by extension 'colcon_meta'
[0.377s] Level 1:colcon.colcon_core.package_identification:_identify(src/ags_models/meshes) by extensions ['ros']
[0.377s] Level 1:colcon.colcon_core.package_identification:_identify(src/ags_models/meshes) by extension 'ros'
[0.377s] Level 1:colcon.colcon_core.package_identification:_identify(src/ags_models/meshes) by extensions ['cmake', 'python']
[0.377s] Level 1:colcon.colcon_core.package_identification:_identify(src/ags_models/meshes) by extension 'cmake'
[0.377s] Level 1:colcon.colcon_core.package_identification:_identify(src/ags_models/meshes) by extension 'python'
[0.377s] Level 1:colcon.colcon_core.package_identification:_identify(src/ags_models/meshes) by extensions ['python_setup_py']
[0.377s] Level 1:colcon.colcon_core.package_identification:_identify(src/ags_models/meshes) by extension 'python_setup_py'
[0.377s] Level 1:colcon.colcon_core.package_identification:_identify(src/ags_models/sauvc_pool) by extensions ['ignore', 'ignore_ament_install']
[0.378s] Level 1:colcon.colcon_core.package_identification:_identify(src/ags_models/sauvc_pool) by extension 'ignore'
[0.378s] Level 1:colcon.colcon_core.package_identification:_identify(src/ags_models/sauvc_pool) by extension 'ignore_ament_install'
[0.378s] Level 1:colcon.colcon_core.package_identification:_identify(src/ags_models/sauvc_pool) by extensions ['colcon_pkg']
[0.378s] Level 1:colcon.colcon_core.package_identification:_identify(src/ags_models/sauvc_pool) by extension 'colcon_pkg'
[0.378s] Level 1:colcon.colcon_core.package_identification:_identify(src/ags_models/sauvc_pool) by extensions ['colcon_meta']
[0.378s] Level 1:colcon.colcon_core.package_identification:_identify(src/ags_models/sauvc_pool) by extension 'colcon_meta'
[0.378s] Level 1:colcon.colcon_core.package_identification:_identify(src/ags_models/sauvc_pool) by extensions ['ros']
[0.378s] Level 1:colcon.colcon_core.package_identification:_identify(src/ags_models/sauvc_pool) by extension 'ros'
[0.378s] Level 1:colcon.colcon_core.package_identification:_identify(src/ags_models/sauvc_pool) by extensions ['cmake', 'python']
[0.378s] Level 1:colcon.colcon_core.package_identification:_identify(src/ags_models/sauvc_pool) by extension 'cmake'
[0.378s] Level 1:colcon.colcon_core.package_identification:_identify(src/ags_models/sauvc_pool) by extension 'python'
[0.378s] Level 1:colcon.colcon_core.package_identification:_identify(src/ags_models/sauvc_pool) by extensions ['python_setup_py']
[0.378s] Level 1:colcon.colcon_core.package_identification:_identify(src/ags_models/sauvc_pool) by extension 'python_setup_py'
[0.378s] Level 1:colcon.colcon_core.package_identification:_identify(src/ags_models/sauvc_pool/materials) by extensions ['ignore', 'ignore_ament_install']
[0.378s] Level 1:colcon.colcon_core.package_identification:_identify(src/ags_models/sauvc_pool/materials) by extension 'ignore'
[0.378s] Level 1:colcon.colcon_core.package_identification:_identify(src/ags_models/sauvc_pool/materials) by extension 'ignore_ament_install'
[0.378s] Level 1:colcon.colcon_core.package_identification:_identify(src/ags_models/sauvc_pool/materials) by extensions ['colcon_pkg']
[0.378s] Level 1:colcon.colcon_core.package_identification:_identify(src/ags_models/sauvc_pool/materials) by extension 'colcon_pkg'
[0.379s] Level 1:colcon.colcon_core.package_identification:_identify(src/ags_models/sauvc_pool/materials) by extensions ['colcon_meta']
[0.379s] Level 1:colcon.colcon_core.package_identification:_identify(src/ags_models/sauvc_pool/materials) by extension 'colcon_meta'
[0.379s] Level 1:colcon.colcon_core.package_identification:_identify(src/ags_models/sauvc_pool/materials) by extensions ['ros']
[0.379s] Level 1:colcon.colcon_core.package_identification:_identify(src/ags_models/sauvc_pool/materials) by extension 'ros'
[0.379s] Level 1:colcon.colcon_core.package_identification:_identify(src/ags_models/sauvc_pool/materials) by extensions ['cmake', 'python']
[0.379s] Level 1:colcon.colcon_core.package_identification:_identify(src/ags_models/sauvc_pool/materials) by extension 'cmake'
[0.379s] Level 1:colcon.colcon_core.package_identification:_identify(src/ags_models/sauvc_pool/materials) by extension 'python'
[0.379s] Level 1:colcon.colcon_core.package_identification:_identify(src/ags_models/sauvc_pool/materials) by extensions ['python_setup_py']
[0.379s] Level 1:colcon.colcon_core.package_identification:_identify(src/ags_models/sauvc_pool/materials) by extension 'python_setup_py'
[0.379s] Level 1:colcon.colcon_core.package_identification:_identify(src/ags_models/sauvc_pool/materials/scripts) by extensions ['ignore', 'ignore_ament_install']
[0.379s] Level 1:colcon.colcon_core.package_identification:_identify(src/ags_models/sauvc_pool/materials/scripts) by extension 'ignore'
[0.379s] Level 1:colcon.colcon_core.package_identification:_identify(src/ags_models/sauvc_pool/materials/scripts) by extension 'ignore_ament_install'
[0.379s] Level 1:colcon.colcon_core.package_identification:_identify(src/ags_models/sauvc_pool/materials/scripts) by extensions ['colcon_pkg']
[0.379s] Level 1:colcon.colcon_core.package_identification:_identify(src/ags_models/sauvc_pool/materials/scripts) by extension 'colcon_pkg'
[0.379s] Level 1:colcon.colcon_core.package_identification:_identify(src/ags_models/sauvc_pool/materials/scripts) by extensions ['colcon_meta']
[0.379s] Level 1:colcon.colcon_core.package_identification:_identify(src/ags_models/sauvc_pool/materials/scripts) by extension 'colcon_meta'
[0.379s] Level 1:colcon.colcon_core.package_identification:_identify(src/ags_models/sauvc_pool/materials/scripts) by extensions ['ros']
[0.379s] Level 1:colcon.colcon_core.package_identification:_identify(src/ags_models/sauvc_pool/materials/scripts) by extension 'ros'
[0.380s] Level 1:colcon.colcon_core.package_identification:_identify(src/ags_models/sauvc_pool/materials/scripts) by extensions ['cmake', 'python']
[0.380s] Level 1:colcon.colcon_core.package_identification:_identify(src/ags_models/sauvc_pool/materials/scripts) by extension 'cmake'
[0.380s] Level 1:colcon.colcon_core.package_identification:_identify(src/ags_models/sauvc_pool/materials/scripts) by extension 'python'
[0.380s] Level 1:colcon.colcon_core.package_identification:_identify(src/ags_models/sauvc_pool/materials/scripts) by extensions ['python_setup_py']
[0.380s] Level 1:colcon.colcon_core.package_identification:_identify(src/ags_models/sauvc_pool/materials/scripts) by extension 'python_setup_py'
[0.380s] Level 1:colcon.colcon_core.package_identification:_identify(src/ags_models/sauvc_pool/materials/textures) by extensions ['ignore', 'ignore_ament_install']
[0.380s] Level 1:colcon.colcon_core.package_identification:_identify(src/ags_models/sauvc_pool/materials/textures) by extension 'ignore'
[0.380s] Level 1:colcon.colcon_core.package_identification:_identify(src/ags_models/sauvc_pool/materials/textures) by extension 'ignore_ament_install'
[0.380s] Level 1:colcon.colcon_core.package_identification:_identify(src/ags_models/sauvc_pool/materials/textures) by extensions ['colcon_pkg']
[0.380s] Level 1:colcon.colcon_core.package_identification:_identify(src/ags_models/sauvc_pool/materials/textures) by extension 'colcon_pkg'
[0.380s] Level 1:colcon.colcon_core.package_identification:_identify(src/ags_models/sauvc_pool/materials/textures) by extensions ['colcon_meta']
[0.380s] Level 1:colcon.colcon_core.package_identification:_identify(src/ags_models/sauvc_pool/materials/textures) by extension 'colcon_meta'
[0.380s] Level 1:colcon.colcon_core.package_identification:_identify(src/ags_models/sauvc_pool/materials/textures) by extensions ['ros']
[0.380s] Level 1:colcon.colcon_core.package_identification:_identify(src/ags_models/sauvc_pool/materials/textures) by extension 'ros'
[0.380s] Level 1:colcon.colcon_core.package_identification:_identify(src/ags_models/sauvc_pool/materials/textures) by extensions ['cmake', 'python']
[0.380s] Level 1:colcon.colcon_core.package_identification:_identify(src/ags_models/sauvc_pool/materials/textures) by extension 'cmake'
[0.380s] Level 1:colcon.colcon_core.package_identification:_identify(src/ags_models/sauvc_pool/materials/textures) by extension 'python'
[0.381s] Level 1:colcon.colcon_core.package_identification:_identify(src/ags_models/sauvc_pool/materials/textures) by extensions ['python_setup_py']
[0.381s] Level 1:colcon.colcon_core.package_identification:_identify(src/ags_models/sauvc_pool/materials/textures) by extension 'python_setup_py'
[0.381s] Level 1:colcon.colcon_core.package_discovery:discover_packages(recursive) using defaults
[0.381s] Level 1:colcon.colcon_core.package_discovery:discover_packages(ignore) discover
[0.381s] Level 1:colcon.colcon_core.package_discovery:discover_packages(ignore) using defaults
[0.381s] Level 1:colcon.colcon_core.package_discovery:discover_packages(path) discover
[0.381s] Level 1:colcon.colcon_core.package_discovery:discover_packages(path) using defaults
[0.405s] Level 1:colcon.colcon_core.package_discovery:discover_packages(prefix_path) check parameters
[0.405s] Level 1:colcon.colcon_core.package_discovery:discover_packages(prefix_path) discover
[0.409s] DEBUG:colcon.colcon_installed_package_information.package_discovery:Found 1 installed packages in /home/idea-22392/sauvc_tna/install
[0.410s] DEBUG:colcon.colcon_installed_package_information.package_discovery:Found 347 installed packages in /opt/ros/jazzy
[0.412s] Level 1:colcon.colcon_core.package_discovery:discover_packages(prefix_path) using defaults
[0.468s] Level 5:colcon.colcon_core.verb:set package 'ags_control' build argument 'cmake_args' from command line to 'None'
[0.468s] Level 5:colcon.colcon_core.verb:set package 'ags_control' build argument 'cmake_target' from command line to 'None'
[0.468s] Level 5:colcon.colcon_core.verb:set package 'ags_control' build argument 'cmake_target_skip_unavailable' from command line to 'False'
[0.468s] Level 5:colcon.colcon_core.verb:set package 'ags_control' build argument 'cmake_clean_cache' from command line to 'False'
[0.468s] Level 5:colcon.colcon_core.verb:set package 'ags_control' build argument 'cmake_clean_first' from command line to 'False'
[0.468s] Level 5:colcon.colcon_core.verb:set package 'ags_control' build argument 'cmake_force_configure' from command line to 'False'
[0.468s] Level 5:colcon.colcon_core.verb:set package 'ags_control' build argument 'ament_cmake_args' from command line to 'None'
[0.468s] Level 5:colcon.colcon_core.verb:set package 'ags_control' build argument 'catkin_cmake_args' from command line to 'None'
[0.468s] Level 5:colcon.colcon_core.verb:set package 'ags_control' build argument 'catkin_skip_building_tests' from command line to 'False'
[0.468s] DEBUG:colcon.colcon_core.verb:Building package 'ags_control' with the following arguments: {'ament_cmake_args': None, 'build_base': '/home/idea-22392/sauvc_gz_ws/build/ags_control', 'catkin_cmake_args': None, 'catkin_skip_building_tests': False, 'cmake_args': None, 'cmake_clean_cache': False, 'cmake_clean_first': False, 'cmake_force_configure': False, 'cmake_target': None, 'cmake_target_skip_unavailable': False, 'install_base': '/home/idea-22392/sauvc_gz_ws/install/ags_control', 'merge_install': False, 'path': '/home/idea-22392/sauvc_gz_ws/src/ags_control', 'symlink_install': False, 'test_result_base': None}
[0.468s] Level 5:colcon.colcon_core.verb:set package 'ags_description' build argument 'cmake_args' from command line to 'None'
[0.469s] Level 5:colcon.colcon_core.verb:set package 'ags_description' build argument 'cmake_target' from command line to 'None'
[0.469s] Level 5:colcon.colcon_core.verb:set package 'ags_description' build argument 'cmake_target_skip_unavailable' from command line to 'False'
[0.469s] Level 5:colcon.colcon_core.verb:set package 'ags_description' build argument 'cmake_clean_cache' from command line to 'False'
[0.469s] Level 5:colcon.colcon_core.verb:set package 'ags_description' build argument 'cmake_clean_first' from command line to 'False'
[0.469s] Level 5:colcon.colcon_core.verb:set package 'ags_description' build argument 'cmake_force_configure' from command line to 'False'
[0.469s] Level 5:colcon.colcon_core.verb:set package 'ags_description' build argument 'ament_cmake_args' from command line to 'None'
[0.469s] Level 5:colcon.colcon_core.verb:set package 'ags_description' build argument 'catkin_cmake_args' from command line to 'None'
[0.469s] Level 5:colcon.colcon_core.verb:set package 'ags_description' build argument 'catkin_skip_building_tests' from command line to 'False'
[0.469s] DEBUG:colcon.colcon_core.verb:Building package 'ags_description' with the following arguments: {'ament_cmake_args': None, 'build_base': '/home/idea-22392/sauvc_gz_ws/build/ags_description', 'catkin_cmake_args': None, 'catkin_skip_building_tests': False, 'cmake_args': None, 'cmake_clean_cache': False, 'cmake_clean_first': False, 'cmake_force_configure': False, 'cmake_target': None, 'cmake_target_skip_unavailable': False, 'install_base': '/home/idea-22392/sauvc_gz_ws/install/ags_description', 'merge_install': False, 'path': '/home/idea-22392/sauvc_gz_ws/src/ags_description', 'symlink_install': False, 'test_result_base': None}
[0.469s] Level 5:colcon.colcon_core.verb:set package 'ags_env' build argument 'cmake_args' from command line to 'None'
[0.469s] Level 5:colcon.colcon_core.verb:set package 'ags_env' build argument 'cmake_target' from command line to 'None'
[0.469s] Level 5:colcon.colcon_core.verb:set package 'ags_env' build argument 'cmake_target_skip_unavailable' from command line to 'False'
[0.469s] Level 5:colcon.colcon_core.verb:set package 'ags_env' build argument 'cmake_clean_cache' from command line to 'False'
[0.469s] Level 5:colcon.colcon_core.verb:set package 'ags_env' build argument 'cmake_clean_first' from command line to 'False'
[0.469s] Level 5:colcon.colcon_core.verb:set package 'ags_env' build argument 'cmake_force_configure' from command line to 'False'
[0.469s] Level 5:colcon.colcon_core.verb:set package 'ags_env' build argument 'ament_cmake_args' from command line to 'None'
[0.469s] Level 5:colcon.colcon_core.verb:set package 'ags_env' build argument 'catkin_cmake_args' from command line to 'None'
[0.469s] Level 5:colcon.colcon_core.verb:set package 'ags_env' build argument 'catkin_skip_building_tests' from command line to 'False'
[0.469s] DEBUG:colcon.colcon_core.verb:Building package 'ags_env' with the following arguments: {'ament_cmake_args': None, 'build_base': '/home/idea-22392/sauvc_gz_ws/build/ags_env', 'catkin_cmake_args': None, 'catkin_skip_building_tests': False, 'cmake_args': None, 'cmake_clean_cache': False, 'cmake_clean_first': False, 'cmake_force_configure': False, 'cmake_target': None, 'cmake_target_skip_unavailable': False, 'install_base': '/home/idea-22392/sauvc_gz_ws/install/ags_env', 'merge_install': False, 'path': '/home/idea-22392/sauvc_gz_ws/src/ags_env', 'symlink_install': False, 'test_result_base': None}
[0.469s] INFO:colcon.colcon_core.executor:Executing jobs using 'parallel' executor
[0.470s] DEBUG:colcon.colcon_parallel_executor.executor.parallel:run_until_complete
[0.470s] INFO:colcon.colcon_ros.task.ament_cmake.build:Building ROS package in '/home/idea-22392/sauvc_gz_ws/src/ags_control' with build type 'ament_cmake'
[0.470s] INFO:colcon.colcon_cmake.task.cmake.build:Building CMake package in '/home/idea-22392/sauvc_gz_ws/src/ags_control'
[0.476s] INFO:colcon.colcon_core.plugin_system:Skipping extension 'colcon_core.shell.bat': Not used on non-Windows systems
[0.476s] INFO:colcon.colcon_core.shell:Skip shell extension 'powershell' for command environment: Not usable outside of PowerShell
[0.476s] DEBUG:colcon.colcon_core.shell:Skip shell extension 'dsv' for command environment
[0.481s] INFO:colcon.colcon_ros.task.ament_cmake.build:Building ROS package in '/home/idea-22392/sauvc_gz_ws/src/ags_description' with build type 'ament_cmake'
[0.482s] INFO:colcon.colcon_cmake.task.cmake.build:Building CMake package in '/home/idea-22392/sauvc_gz_ws/src/ags_description'
[0.482s] INFO:colcon.colcon_core.shell:Skip shell extension 'powershell' for command environment: Not usable outside of PowerShell
[0.482s] DEBUG:colcon.colcon_core.shell:Skip shell extension 'dsv' for command environment
[0.485s] INFO:colcon.colcon_ros.task.ament_cmake.build:Building ROS package in '/home/idea-22392/sauvc_gz_ws/src/ags_env' with build type 'ament_cmake'
[0.486s] INFO:colcon.colcon_cmake.task.cmake.build:Building CMake package in '/home/idea-22392/sauvc_gz_ws/src/ags_env'
[0.486s] INFO:colcon.colcon_core.shell:Skip shell extension 'powershell' for command environment: Not usable outside of PowerShell
[0.486s] DEBUG:colcon.colcon_core.shell:Skip shell extension 'dsv' for command environment
[0.493s] DEBUG:colcon.colcon_core.event_handler.log_command:Invoking command in '/home/idea-22392/sauvc_gz_ws/build/ags_control': CMAKE_PREFIX_PATH=${CMAKE_PREFIX_PATH}:/opt/ros/jazzy DEBUGINFOD_URLS=https://debuginfod.ubuntu.com /usr/bin/cmake --build /home/idea-22392/sauvc_gz_ws/build/ags_control -- -j4 -l4
[0.498s] DEBUG:colcon.colcon_core.event_handler.log_command:Invoking command in '/home/idea-22392/sauvc_gz_ws/build/ags_description': CMAKE_PREFIX_PATH=${CMAKE_PREFIX_PATH}:/opt/ros/jazzy DEBUGINFOD_URLS=https://debuginfod.ubuntu.com /usr/bin/cmake --build /home/idea-22392/sauvc_gz_ws/build/ags_description -- -j4 -l4
[0.505s] DEBUG:colcon.colcon_core.event_handler.log_command:Invoking command in '/home/idea-22392/sauvc_gz_ws/build/ags_env': CMAKE_PREFIX_PATH=${CMAKE_PREFIX_PATH}:/opt/ros/jazzy DEBUGINFOD_URLS=https://debuginfod.ubuntu.com /usr/bin/cmake --build /home/idea-22392/sauvc_gz_ws/build/ags_env -- -j4 -l4
[0.582s] DEBUG:colcon.colcon_core.event_handler.log_command:Invoked command in '/home/idea-22392/sauvc_gz_ws/build/ags_description' returned '0': CMAKE_PREFIX_PATH=${CMAKE_PREFIX_PATH}:/opt/ros/jazzy DEBUGINFOD_URLS=https://debuginfod.ubuntu.com /usr/bin/cmake --build /home/idea-22392/sauvc_gz_ws/build/ags_description -- -j4 -l4
[0.593s] DEBUG:colcon.colcon_core.event_handler.log_command:Invoking command in '/home/idea-22392/sauvc_gz_ws/build/ags_description': CMAKE_PREFIX_PATH=${CMAKE_PREFIX_PATH}:/opt/ros/jazzy DEBUGINFOD_URLS=https://debuginfod.ubuntu.com /usr/bin/cmake --install /home/idea-22392/sauvc_gz_ws/build/ags_description
[0.595s] DEBUG:colcon.colcon_core.event_handler.log_command:Invoked command in '/home/idea-22392/sauvc_gz_ws/build/ags_control' returned '0': CMAKE_PREFIX_PATH=${CMAKE_PREFIX_PATH}:/opt/ros/jazzy DEBUGINFOD_URLS=https://debuginfod.ubuntu.com /usr/bin/cmake --build /home/idea-22392/sauvc_gz_ws/build/ags_control -- -j4 -l4
[0.596s] DEBUG:colcon.colcon_core.event_handler.log_command:Invoking command in '/home/idea-22392/sauvc_gz_ws/build/ags_control': CMAKE_PREFIX_PATH=${CMAKE_PREFIX_PATH}:/opt/ros/jazzy DEBUGINFOD_URLS=https://debuginfod.ubuntu.com /usr/bin/cmake --install /home/idea-22392/sauvc_gz_ws/build/ags_control
[0.597s] DEBUG:colcon.colcon_core.event_handler.log_command:Invoked command in '/home/idea-22392/sauvc_gz_ws/build/ags_env' returned '0': CMAKE_PREFIX_PATH=${CMAKE_PREFIX_PATH}:/opt/ros/jazzy DEBUGINFOD_URLS=https://debuginfod.ubuntu.com /usr/bin/cmake --build /home/idea-22392/sauvc_gz_ws/build/ags_env -- -j4 -l4
[0.599s] DEBUG:colcon.colcon_core.event_handler.log_command:Invoking command in '/home/idea-22392/sauvc_gz_ws/build/ags_env': CMAKE_PREFIX_PATH=${CMAKE_PREFIX_PATH}:/opt/ros/jazzy DEBUGINFOD_URLS=https://debuginfod.ubuntu.com /usr/bin/cmake --install /home/idea-22392/sauvc_gz_ws/build/ags_env
[0.610s] Level 1:colcon.colcon_core.environment:create_environment_scripts_only(ags_control)
[0.611s] DEBUG:colcon.colcon_core.event_handler.log_command:Invoked command in '/home/idea-22392/sauvc_gz_ws/build/ags_control' returned '0': CMAKE_PREFIX_PATH=${CMAKE_PREFIX_PATH}:/opt/ros/jazzy DEBUGINFOD_URLS=https://debuginfod.ubuntu.com /usr/bin/cmake --install /home/idea-22392/sauvc_gz_ws/build/ags_control
[0.617s] Level 1:colcon.colcon_core.environment:checking '/home/idea-22392/sauvc_gz_ws/install/ags_control' for CMake module files
[0.618s] Level 1:colcon.colcon_core.environment:checking '/home/idea-22392/sauvc_gz_ws/install/ags_control' for CMake config files
[0.618s] Level 1:colcon.colcon_core.shell:create_environment_hook('ags_control', 'cmake_prefix_path')
[0.618s] INFO:colcon.colcon_core.shell:Creating environment hook '/home/idea-22392/sauvc_gz_ws/install/ags_control/share/ags_control/hook/cmake_prefix_path.ps1'
[0.619s] INFO:colcon.colcon_core.shell:Creating environment descriptor '/home/idea-22392/sauvc_gz_ws/install/ags_control/share/ags_control/hook/cmake_prefix_path.dsv'
[0.619s] INFO:colcon.colcon_core.shell:Creating environment hook '/home/idea-22392/sauvc_gz_ws/install/ags_control/share/ags_control/hook/cmake_prefix_path.sh'
[0.620s] Level 1:colcon.colcon_core.environment:checking '/home/idea-22392/sauvc_gz_ws/install/ags_control/bin'
[0.620s] Level 1:colcon.colcon_core.environment:checking '/home/idea-22392/sauvc_gz_ws/install/ags_control/lib/pkgconfig/ags_control.pc'
[0.620s] Level 1:colcon.colcon_core.environment:checking '/home/idea-22392/sauvc_gz_ws/install/ags_control/lib/python3.12/site-packages'
[0.621s] Level 1:colcon.colcon_core.environment:checking '/home/idea-22392/sauvc_gz_ws/install/ags_control/bin'
[0.621s] INFO:colcon.colcon_core.shell:Creating package script '/home/idea-22392/sauvc_gz_ws/install/ags_control/share/ags_control/package.ps1'
[0.622s] INFO:colcon.colcon_core.shell:Creating package descriptor '/home/idea-22392/sauvc_gz_ws/install/ags_control/share/ags_control/package.dsv'
[0.622s] INFO:colcon.colcon_core.shell:Creating package script '/home/idea-22392/sauvc_gz_ws/install/ags_control/share/ags_control/package.sh'
[0.623s] INFO:colcon.colcon_core.shell:Creating package script '/home/idea-22392/sauvc_gz_ws/install/ags_control/share/ags_control/package.bash'
[0.624s] INFO:colcon.colcon_core.shell:Creating package script '/home/idea-22392/sauvc_gz_ws/install/ags_control/share/ags_control/package.zsh'
[0.624s] Level 1:colcon.colcon_core.environment:create_file_with_runtime_dependencies(/home/idea-22392/sauvc_gz_ws/install/ags_control/share/colcon-core/packages/ags_control)
[0.625s] Level 1:colcon.colcon_core.environment:create_environment_scripts_only(ags_control)
[0.625s] Level 1:colcon.colcon_core.environment:checking '/home/idea-22392/sauvc_gz_ws/install/ags_control' for CMake module files
[0.625s] Level 1:colcon.colcon_core.environment:checking '/home/idea-22392/sauvc_gz_ws/install/ags_control' for CMake config files
[0.626s] Level 1:colcon.colcon_core.shell:create_environment_hook('ags_control', 'cmake_prefix_path')
[0.626s] INFO:colcon.colcon_core.shell:Creating environment hook '/home/idea-22392/sauvc_gz_ws/install/ags_control/share/ags_control/hook/cmake_prefix_path.ps1'
[0.626s] INFO:colcon.colcon_core.shell:Creating environment descriptor '/home/idea-22392/sauvc_gz_ws/install/ags_control/share/ags_control/hook/cmake_prefix_path.dsv'
[0.626s] INFO:colcon.colcon_core.shell:Creating environment hook '/home/idea-22392/sauvc_gz_ws/install/ags_control/share/ags_control/hook/cmake_prefix_path.sh'
[0.627s] Level 1:colcon.colcon_core.environment:checking '/home/idea-22392/sauvc_gz_ws/install/ags_control/bin'
[0.627s] Level 1:colcon.colcon_core.environment:checking '/home/idea-22392/sauvc_gz_ws/install/ags_control/lib/pkgconfig/ags_control.pc'
[0.627s] Level 1:colcon.colcon_core.environment:checking '/home/idea-22392/sauvc_gz_ws/install/ags_control/lib/python3.12/site-packages'
[0.628s] Level 1:colcon.colcon_core.environment:checking '/home/idea-22392/sauvc_gz_ws/install/ags_control/bin'
[0.628s] INFO:colcon.colcon_core.shell:Creating package script '/home/idea-22392/sauvc_gz_ws/install/ags_control/share/ags_control/package.ps1'
[0.628s] INFO:colcon.colcon_core.shell:Creating package descriptor '/home/idea-22392/sauvc_gz_ws/install/ags_control/share/ags_control/package.dsv'
[0.629s] INFO:colcon.colcon_core.shell:Creating package script '/home/idea-22392/sauvc_gz_ws/install/ags_control/share/ags_control/package.sh'
[0.629s] INFO:colcon.colcon_core.shell:Creating package script '/home/idea-22392/sauvc_gz_ws/install/ags_control/share/ags_control/package.bash'
[0.630s] INFO:colcon.colcon_core.shell:Creating package script '/home/idea-22392/sauvc_gz_ws/install/ags_control/share/ags_control/package.zsh'
[0.630s] Level 1:colcon.colcon_core.environment:create_file_with_runtime_dependencies(/home/idea-22392/sauvc_gz_ws/install/ags_control/share/colcon-core/packages/ags_control)
[0.631s] Level 1:colcon.colcon_core.environment:create_environment_scripts_only(ags_description)
[0.631s] Level 1:colcon.colcon_core.environment:checking '/home/idea-22392/sauvc_gz_ws/install/ags_description' for CMake module files
[0.632s] DEBUG:colcon.colcon_core.event_handler.log_command:Invoked command in '/home/idea-22392/sauvc_gz_ws/build/ags_description' returned '0': CMAKE_PREFIX_PATH=${CMAKE_PREFIX_PATH}:/opt/ros/jazzy DEBUGINFOD_URLS=https://debuginfod.ubuntu.com /usr/bin/cmake --install /home/idea-22392/sauvc_gz_ws/build/ags_description
[0.633s] Level 1:colcon.colcon_core.environment:checking '/home/idea-22392/sauvc_gz_ws/install/ags_description' for CMake config files
[0.633s] Level 1:colcon.colcon_core.shell:create_environment_hook('ags_description', 'cmake_prefix_path')
[0.633s] INFO:colcon.colcon_core.shell:Creating environment hook '/home/idea-22392/sauvc_gz_ws/install/ags_description/share/ags_description/hook/cmake_prefix_path.ps1'
[0.634s] INFO:colcon.colcon_core.shell:Creating environment descriptor '/home/idea-22392/sauvc_gz_ws/install/ags_description/share/ags_description/hook/cmake_prefix_path.dsv'
[0.635s] INFO:colcon.colcon_core.shell:Creating environment hook '/home/idea-22392/sauvc_gz_ws/install/ags_description/share/ags_description/hook/cmake_prefix_path.sh'
[0.636s] Level 1:colcon.colcon_core.environment:checking '/home/idea-22392/sauvc_gz_ws/install/ags_description/bin'
[0.636s] Level 1:colcon.colcon_core.environment:checking '/home/idea-22392/sauvc_gz_ws/install/ags_description/lib/pkgconfig/ags_description.pc'
[0.636s] Level 1:colcon.colcon_core.environment:checking '/home/idea-22392/sauvc_gz_ws/install/ags_description/lib/python3.12/site-packages'
[0.637s] Level 1:colcon.colcon_core.environment:checking '/home/idea-22392/sauvc_gz_ws/install/ags_description/bin'
[0.637s] INFO:colcon.colcon_core.shell:Creating package script '/home/idea-22392/sauvc_gz_ws/install/ags_description/share/ags_description/package.ps1'
[0.638s] INFO:colcon.colcon_core.shell:Creating package descriptor '/home/idea-22392/sauvc_gz_ws/install/ags_description/share/ags_description/package.dsv'
[0.638s] INFO:colcon.colcon_core.shell:Creating package script '/home/idea-22392/sauvc_gz_ws/install/ags_description/share/ags_description/package.sh'
[0.639s] INFO:colcon.colcon_core.shell:Creating package script '/home/idea-22392/sauvc_gz_ws/install/ags_description/share/ags_description/package.bash'
[0.639s] INFO:colcon.colcon_core.shell:Creating package script '/home/idea-22392/sauvc_gz_ws/install/ags_description/share/ags_description/package.zsh'
[0.640s] Level 1:colcon.colcon_core.environment:create_file_with_runtime_dependencies(/home/idea-22392/sauvc_gz_ws/install/ags_description/share/colcon-core/packages/ags_description)
[0.640s] Level 1:colcon.colcon_core.environment:create_environment_scripts_only(ags_description)
[0.640s] Level 1:colcon.colcon_core.environment:checking '/home/idea-22392/sauvc_gz_ws/install/ags_description' for CMake module files
[0.641s] Level 1:colcon.colcon_core.environment:checking '/home/idea-22392/sauvc_gz_ws/install/ags_description' for CMake config files
[0.641s] Level 1:colcon.colcon_core.shell:create_environment_hook('ags_description', 'cmake_prefix_path')
[0.641s] INFO:colcon.colcon_core.shell:Creating environment hook '/home/idea-22392/sauvc_gz_ws/install/ags_description/share/ags_description/hook/cmake_prefix_path.ps1'
[0.641s] INFO:colcon.colcon_core.shell:Creating environment descriptor '/home/idea-22392/sauvc_gz_ws/install/ags_description/share/ags_description/hook/cmake_prefix_path.dsv'
[0.642s] INFO:colcon.colcon_core.shell:Creating environment hook '/home/idea-22392/sauvc_gz_ws/install/ags_description/share/ags_description/hook/cmake_prefix_path.sh'
[0.642s] Level 1:colcon.colcon_core.environment:checking '/home/idea-22392/sauvc_gz_ws/install/ags_description/bin'
[0.642s] Level 1:colcon.colcon_core.environment:checking '/home/idea-22392/sauvc_gz_ws/install/ags_description/lib/pkgconfig/ags_description.pc'
[0.643s] Level 1:colcon.colcon_core.environment:checking '/home/idea-22392/sauvc_gz_ws/install/ags_description/lib/python3.12/site-packages'
[0.643s] Level 1:colcon.colcon_core.environment:checking '/home/idea-22392/sauvc_gz_ws/install/ags_description/bin'
[0.643s] INFO:colcon.colcon_core.shell:Creating package script '/home/idea-22392/sauvc_gz_ws/install/ags_description/share/ags_description/package.ps1'
[0.644s] INFO:colcon.colcon_core.shell:Creating package descriptor '/home/idea-22392/sauvc_gz_ws/install/ags_description/share/ags_description/package.dsv'
[0.644s] INFO:colcon.colcon_core.shell:Creating package script '/home/idea-22392/sauvc_gz_ws/install/ags_description/share/ags_description/package.sh'
[0.644s] INFO:colcon.colcon_core.shell:Creating package script '/home/idea-22392/sauvc_gz_ws/install/ags_description/share/ags_description/package.bash'
[0.645s] INFO:colcon.colcon_core.shell:Creating package script '/home/idea-22392/sauvc_gz_ws/install/ags_description/share/ags_description/package.zsh'
[0.645s] Level 1:colcon.colcon_core.environment:create_file_with_runtime_dependencies(/home/idea-22392/sauvc_gz_ws/install/ags_description/share/colcon-core/packages/ags_description)
[0.646s] Level 1:colcon.colcon_core.environment:create_environment_scripts_only(ags_env)
[0.646s] Level 1:colcon.colcon_core.environment:checking '/home/idea-22392/sauvc_gz_ws/install/ags_env' for CMake module files
[0.647s] DEBUG:colcon.colcon_core.event_handler.log_command:Invoked command in '/home/idea-22392/sauvc_gz_ws/build/ags_env' returned '0': CMAKE_PREFIX_PATH=${CMAKE_PREFIX_PATH}:/opt/ros/jazzy DEBUGINFOD_URLS=https://debuginfod.ubuntu.com /usr/bin/cmake --install /home/idea-22392/sauvc_gz_ws/build/ags_env
[0.647s] Level 1:colcon.colcon_core.environment:checking '/home/idea-22392/sauvc_gz_ws/install/ags_env' for CMake config files
[0.648s] Level 1:colcon.colcon_core.shell:create_environment_hook('ags_env', 'cmake_prefix_path')
[0.648s] INFO:colcon.colcon_core.shell:Creating environment hook '/home/idea-22392/sauvc_gz_ws/install/ags_env/share/ags_env/hook/cmake_prefix_path.ps1'
[0.648s] INFO:colcon.colcon_core.shell:Creating environment descriptor '/home/idea-22392/sauvc_gz_ws/install/ags_env/share/ags_env/hook/cmake_prefix_path.dsv'
[0.649s] INFO:colcon.colcon_core.shell:Creating environment hook '/home/idea-22392/sauvc_gz_ws/install/ags_env/share/ags_env/hook/cmake_prefix_path.sh'
[0.649s] Level 1:colcon.colcon_core.environment:checking '/home/idea-22392/sauvc_gz_ws/install/ags_env/bin'
[0.649s] Level 1:colcon.colcon_core.environment:checking '/home/idea-22392/sauvc_gz_ws/install/ags_env/lib/pkgconfig/ags_env.pc'
[0.650s] Level 1:colcon.colcon_core.environment:checking '/home/idea-22392/sauvc_gz_ws/install/ags_env/lib/python3.12/site-packages'
[0.650s] Level 1:colcon.colcon_core.environment:checking '/home/idea-22392/sauvc_gz_ws/install/ags_env/bin'
[0.650s] INFO:colcon.colcon_core.shell:Creating package script '/home/idea-22392/sauvc_gz_ws/install/ags_env/share/ags_env/package.ps1'
[0.651s] INFO:colcon.colcon_core.shell:Creating package descriptor '/home/idea-22392/sauvc_gz_ws/install/ags_env/share/ags_env/package.dsv'
[0.651s] INFO:colcon.colcon_core.shell:Creating package script '/home/idea-22392/sauvc_gz_ws/install/ags_env/share/ags_env/package.sh'
[0.652s] INFO:colcon.colcon_core.shell:Creating package script '/home/idea-22392/sauvc_gz_ws/install/ags_env/share/ags_env/package.bash'
[0.652s] INFO:colcon.colcon_core.shell:Creating package script '/home/idea-22392/sauvc_gz_ws/install/ags_env/share/ags_env/package.zsh'
[0.652s] Level 1:colcon.colcon_core.environment:create_file_with_runtime_dependencies(/home/idea-22392/sauvc_gz_ws/install/ags_env/share/colcon-core/packages/ags_env)
[0.653s] Level 1:colcon.colcon_core.environment:create_environment_scripts_only(ags_env)
[0.653s] Level 1:colcon.colcon_core.environment:checking '/home/idea-22392/sauvc_gz_ws/install/ags_env' for CMake module files
[0.654s] Level 1:colcon.colcon_core.environment:checking '/home/idea-22392/sauvc_gz_ws/install/ags_env' for CMake config files
[0.654s] Level 1:colcon.colcon_core.shell:create_environment_hook('ags_env', 'cmake_prefix_path')
[0.654s] INFO:colcon.colcon_core.shell:Creating environment hook '/home/idea-22392/sauvc_gz_ws/install/ags_env/share/ags_env/hook/cmake_prefix_path.ps1'
[0.655s] INFO:colcon.colcon_core.shell:Creating environment descriptor '/home/idea-22392/sauvc_gz_ws/install/ags_env/share/ags_env/hook/cmake_prefix_path.dsv'
[0.655s] INFO:colcon.colcon_core.shell:Creating environment hook '/home/idea-22392/sauvc_gz_ws/install/ags_env/share/ags_env/hook/cmake_prefix_path.sh'
[0.656s] Level 1:colcon.colcon_core.environment:checking '/home/idea-22392/sauvc_gz_ws/install/ags_env/bin'
[0.656s] Level 1:colcon.colcon_core.environment:checking '/home/idea-22392/sauvc_gz_ws/install/ags_env/lib/pkgconfig/ags_env.pc'
[0.656s] Level 1:colcon.colcon_core.environment:checking '/home/idea-22392/sauvc_gz_ws/install/ags_env/lib/python3.12/site-packages'
[0.657s] Level 1:colcon.colcon_core.environment:checking '/home/idea-22392/sauvc_gz_ws/install/ags_env/bin'
[0.657s] INFO:colcon.colcon_core.shell:Creating package script '/home/idea-22392/sauvc_gz_ws/install/ags_env/share/ags_env/package.ps1'
[0.658s] INFO:colcon.colcon_core.shell:Creating package descriptor '/home/idea-22392/sauvc_gz_ws/install/ags_env/share/ags_env/package.dsv'
[0.658s] INFO:colcon.colcon_core.shell:Creating package script '/home/idea-22392/sauvc_gz_ws/install/ags_env/share/ags_env/package.sh'
[0.659s] INFO:colcon.colcon_core.shell:Creating package script '/home/idea-22392/sauvc_gz_ws/install/ags_env/share/ags_env/package.bash'
[0.659s] INFO:colcon.colcon_core.shell:Creating package script '/home/idea-22392/sauvc_gz_ws/install/ags_env/share/ags_env/package.zsh'
[0.660s] Level 1:colcon.colcon_core.environment:create_file_with_runtime_dependencies(/home/idea-22392/sauvc_gz_ws/install/ags_env/share/colcon-core/packages/ags_env)
[0.660s] DEBUG:colcon.colcon_parallel_executor.executor.parallel:closing loop
[0.660s] DEBUG:colcon.colcon_parallel_executor.executor.parallel:loop closed
[0.661s] DEBUG:colcon.colcon_parallel_executor.executor.parallel:run_until_complete finished with '0'
[0.661s] DEBUG:colcon.colcon_core.event_reactor:joining thread
[0.668s] INFO:colcon.colcon_core.plugin_system:Skipping extension 'colcon_notification.desktop_notification.terminal_notifier': Not used on non-Darwin systems
[0.668s] INFO:colcon.colcon_core.plugin_system:Skipping extension 'colcon_notification.desktop_notification.win32': Not used on non-Windows systems
[0.669s] INFO:colcon.colcon_notification.desktop_notification:Sending desktop notification using 'notify2'
[0.686s] DEBUG:colcon.colcon_core.event_reactor:joined thread
[0.686s] INFO:colcon.colcon_core.shell:Creating prefix script '/home/idea-22392/sauvc_gz_ws/install/local_setup.ps1'
[0.688s] INFO:colcon.colcon_core.shell:Creating prefix util module '/home/idea-22392/sauvc_gz_ws/install/_local_setup_util_ps1.py'
[0.689s] INFO:colcon.colcon_core.shell:Creating prefix chain script '/home/idea-22392/sauvc_gz_ws/install/setup.ps1'
[0.691s] INFO:colcon.colcon_core.shell:Creating prefix script '/home/idea-22392/sauvc_gz_ws/install/local_setup.sh'
[0.692s] INFO:colcon.colcon_core.shell:Creating prefix util module '/home/idea-22392/sauvc_gz_ws/install/_local_setup_util_sh.py'
[0.693s] INFO:colcon.colcon_core.shell:Creating prefix chain script '/home/idea-22392/sauvc_gz_ws/install/setup.sh'
[0.694s] INFO:colcon.colcon_core.shell:Creating prefix script '/home/idea-22392/sauvc_gz_ws/install/local_setup.bash'
[0.694s] INFO:colcon.colcon_core.shell:Creating prefix chain script '/home/idea-22392/sauvc_gz_ws/install/setup.bash'
[0.696s] INFO:colcon.colcon_core.shell:Creating prefix script '/home/idea-22392/sauvc_gz_ws/install/local_setup.zsh'
[0.696s] INFO:colcon.colcon_core.shell:Creating prefix chain script '/home/idea-22392/sauvc_gz_ws/install/setup.zsh'
