[0.260s] DEBUG:colcon:Command line arguments: ['/usr/bin/colcon', 'list', '-p', '--base-paths', '/home/moksh/sauvc_gz_ws']
[0.261s] DEBUG:colcon:Parsed command line arguments: Namespace(log_base=None, log_level=None, verb_name='list', build_base='build', ignore_user_meta=False, metas=['./colcon.meta'], base_paths=['/home/moksh/sauvc_gz_ws'], packages_ignore=None, packages_ignore_regex=None, paths=None, packages_up_to=None, packages_up_to_regex=None, packages_above=None, packages_above_and_dependencies=None, packages_above_depth=None, packages_select_by_dep=None, packages_skip_by_dep=None, packages_skip_up_to=None, packages_select_build_failed=False, packages_skip_build_finished=False, packages_select_test_failures=False, packages_skip_test_passed=False, packages_select=None, packages_skip=None, packages_select_regex=None, packages_skip_regex=None, packages_start=None, packages_end=None, allow_overriding=[], topological_order=False, names_only=False, paths_only=True, topological_graph=False, topological_graph_dot=False, topological_graph_density=False, topological_graph_legend=False, topological_graph_dot_cluster=False, topological_graph_dot_include_skipped=False, mixin_files=None, mixin=None, verb_parser=<colcon_mixin.mixin.mixin_argument.MixinArgumentDecorator object at 0x73f6c51301d0>, verb_extension=<colcon_package_information.verb.list.ListVerb object at 0x73f6c512b050>, main=<bound method ListVerb.main of <colcon_package_information.verb.list.ListVerb object at 0x73f6c512b050>>, mixin_verb=('list',))
[0.315s] Level 1:colcon.colcon_core.package_discovery:discover_packages(colcon_meta) check parameters
[0.316s] Level 1:colcon.colcon_core.package_discovery:discover_packages(recursive) check parameters
[0.316s] Level 1:colcon.colcon_core.package_discovery:discover_packages(ignore) check parameters
[0.316s] Level 1:colcon.colcon_core.package_discovery:discover_packages(path) check parameters
[0.316s] Level 1:colcon.colcon_core.package_discovery:discover_packages(recursive) discover
[0.316s] INFO:colcon.colcon_core.package_discovery:Crawling recursively for packages in '/home/moksh/sauvc_gz_ws'
[0.316s] Level 1:colcon.colcon_core.package_identification:_identify(/home/moksh/sauvc_gz_ws) by extensions ['ignore', 'ignore_ament_install']
[0.316s] Level 1:colcon.colcon_core.package_identification:_identify(/home/moksh/sauvc_gz_ws) by extension 'ignore'
[0.316s] Level 1:colcon.colcon_core.package_identification:_identify(/home/moksh/sauvc_gz_ws) by extension 'ignore_ament_install'
[0.316s] Level 1:colcon.colcon_core.package_identification:_identify(/home/moksh/sauvc_gz_ws) by extensions ['colcon_pkg']
[0.316s] Level 1:colcon.colcon_core.package_identification:_identify(/home/moksh/sauvc_gz_ws) by extension 'colcon_pkg'
[0.316s] Level 1:colcon.colcon_core.package_identification:_identify(/home/moksh/sauvc_gz_ws) by extensions ['colcon_meta']
[0.316s] Level 1:colcon.colcon_core.package_identification:_identify(/home/moksh/sauvc_gz_ws) by extension 'colcon_meta'
[0.316s] Level 1:colcon.colcon_core.package_identification:_identify(/home/moksh/sauvc_gz_ws) by extensions ['ros']
[0.316s] Level 1:colcon.colcon_core.package_identification:_identify(/home/moksh/sauvc_gz_ws) by extension 'ros'
[0.351s] Level 1:colcon.colcon_core.package_identification:_identify(/home/moksh/sauvc_gz_ws) by extensions ['cmake', 'python']
[0.351s] Level 1:colcon.colcon_core.package_identification:_identify(/home/moksh/sauvc_gz_ws) by extension 'cmake'
[0.351s] Level 1:colcon.colcon_core.package_identification:_identify(/home/moksh/sauvc_gz_ws) by extension 'python'
[0.351s] Level 1:colcon.colcon_core.package_identification:_identify(/home/moksh/sauvc_gz_ws) by extensions ['python_setup_py']
[0.351s] Level 1:colcon.colcon_core.package_identification:_identify(/home/moksh/sauvc_gz_ws) by extension 'python_setup_py'
[0.351s] Level 1:colcon.colcon_core.package_identification:_identify(/home/moksh/sauvc_gz_ws/build) by extensions ['ignore', 'ignore_ament_install']
[0.351s] Level 1:colcon.colcon_core.package_identification:_identify(/home/moksh/sauvc_gz_ws/build) by extension 'ignore'
[0.351s] Level 1:colcon.colcon_core.package_identification:_identify(/home/moksh/sauvc_gz_ws/build) ignored
[0.352s] Level 1:colcon.colcon_core.package_identification:_identify(/home/moksh/sauvc_gz_ws/install) by extensions ['ignore', 'ignore_ament_install']
[0.352s] Level 1:colcon.colcon_core.package_identification:_identify(/home/moksh/sauvc_gz_ws/install) by extension 'ignore'
[0.352s] Level 1:colcon.colcon_core.package_identification:_identify(/home/moksh/sauvc_gz_ws/install) ignored
[0.352s] Level 1:colcon.colcon_core.package_identification:_identify(/home/moksh/sauvc_gz_ws/log) by extensions ['ignore', 'ignore_ament_install']
[0.352s] Level 1:colcon.colcon_core.package_identification:_identify(/home/moksh/sauvc_gz_ws/log) by extension 'ignore'
[0.352s] Level 1:colcon.colcon_core.package_identification:_identify(/home/moksh/sauvc_gz_ws/log) ignored
[0.352s] Level 1:colcon.colcon_core.package_identification:_identify(/home/moksh/sauvc_gz_ws/src) by extensions ['ignore', 'ignore_ament_install']
[0.352s] Level 1:colcon.colcon_core.package_identification:_identify(/home/moksh/sauvc_gz_ws/src) by extension 'ignore'
[0.352s] Level 1:colcon.colcon_core.package_identification:_identify(/home/moksh/sauvc_gz_ws/src) by extension 'ignore_ament_install'
[0.352s] Level 1:colcon.colcon_core.package_identification:_identify(/home/moksh/sauvc_gz_ws/src) by extensions ['colcon_pkg']
[0.352s] Level 1:colcon.colcon_core.package_identification:_identify(/home/moksh/sauvc_gz_ws/src) by extension 'colcon_pkg'
[0.352s] Level 1:colcon.colcon_core.package_identification:_identify(/home/moksh/sauvc_gz_ws/src) by extensions ['colcon_meta']
[0.352s] Level 1:colcon.colcon_core.package_identification:_identify(/home/moksh/sauvc_gz_ws/src) by extension 'colcon_meta'
[0.352s] Level 1:colcon.colcon_core.package_identification:_identify(/home/moksh/sauvc_gz_ws/src) by extensions ['ros']
[0.352s] Level 1:colcon.colcon_core.package_identification:_identify(/home/moksh/sauvc_gz_ws/src) by extension 'ros'
[0.353s] Level 1:colcon.colcon_core.package_identification:_identify(/home/moksh/sauvc_gz_ws/src) by extensions ['cmake', 'python']
[0.353s] Level 1:colcon.colcon_core.package_identification:_identify(/home/moksh/sauvc_gz_ws/src) by extension 'cmake'
[0.353s] Level 1:colcon.colcon_core.package_identification:_identify(/home/moksh/sauvc_gz_ws/src) by extension 'python'
[0.353s] Level 1:colcon.colcon_core.package_identification:_identify(/home/moksh/sauvc_gz_ws/src) by extensions ['python_setup_py']
[0.353s] Level 1:colcon.colcon_core.package_identification:_identify(/home/moksh/sauvc_gz_ws/src) by extension 'python_setup_py'
[0.353s] Level 1:colcon.colcon_core.package_identification:_identify(/home/moksh/sauvc_gz_ws/src/ags_control) by extensions ['ignore', 'ignore_ament_install']
[0.353s] Level 1:colcon.colcon_core.package_identification:_identify(/home/moksh/sauvc_gz_ws/src/ags_control) by extension 'ignore'
[0.353s] Level 1:colcon.colcon_core.package_identification:_identify(/home/moksh/sauvc_gz_ws/src/ags_control) by extension 'ignore_ament_install'
[0.353s] Level 1:colcon.colcon_core.package_identification:_identify(/home/moksh/sauvc_gz_ws/src/ags_control) by extensions ['colcon_pkg']
[0.353s] Level 1:colcon.colcon_core.package_identification:_identify(/home/moksh/sauvc_gz_ws/src/ags_control) by extension 'colcon_pkg'
[0.353s] Level 1:colcon.colcon_core.package_identification:_identify(/home/moksh/sauvc_gz_ws/src/ags_control) by extensions ['colcon_meta']
[0.353s] Level 1:colcon.colcon_core.package_identification:_identify(/home/moksh/sauvc_gz_ws/src/ags_control) by extension 'colcon_meta'
[0.353s] Level 1:colcon.colcon_core.package_identification:_identify(/home/moksh/sauvc_gz_ws/src/ags_control) by extensions ['ros']
[0.353s] Level 1:colcon.colcon_core.package_identification:_identify(/home/moksh/sauvc_gz_ws/src/ags_control) by extension 'ros'
[0.357s] DEBUG:colcon.colcon_core.package_identification:Package '/home/moksh/sauvc_gz_ws/src/ags_control' with type 'ros.ament_cmake' and name 'ags_control'
[0.357s] Level 1:colcon.colcon_core.package_identification:_identify(/home/moksh/sauvc_gz_ws/src/ags_description) by extensions ['ignore', 'ignore_ament_install']
[0.357s] Level 1:colcon.colcon_core.package_identification:_identify(/home/moksh/sauvc_gz_ws/src/ags_description) by extension 'ignore'
[0.357s] Level 1:colcon.colcon_core.package_identification:_identify(/home/moksh/sauvc_gz_ws/src/ags_description) by extension 'ignore_ament_install'
[0.357s] Level 1:colcon.colcon_core.package_identification:_identify(/home/moksh/sauvc_gz_ws/src/ags_description) by extensions ['colcon_pkg']
[0.357s] Level 1:colcon.colcon_core.package_identification:_identify(/home/moksh/sauvc_gz_ws/src/ags_description) by extension 'colcon_pkg'
[0.357s] Level 1:colcon.colcon_core.package_identification:_identify(/home/moksh/sauvc_gz_ws/src/ags_description) by extensions ['colcon_meta']
[0.358s] Level 1:colcon.colcon_core.package_identification:_identify(/home/moksh/sauvc_gz_ws/src/ags_description) by extension 'colcon_meta'
[0.358s] Level 1:colcon.colcon_core.package_identification:_identify(/home/moksh/sauvc_gz_ws/src/ags_description) by extensions ['ros']
[0.358s] Level 1:colcon.colcon_core.package_identification:_identify(/home/moksh/sauvc_gz_ws/src/ags_description) by extension 'ros'
[0.358s] DEBUG:colcon.colcon_core.package_identification:Package '/home/moksh/sauvc_gz_ws/src/ags_description' with type 'ros.ament_cmake' and name 'ags_description'
[0.358s] Level 1:colcon.colcon_core.package_identification:_identify(/home/moksh/sauvc_gz_ws/src/ags_env) by extensions ['ignore', 'ignore_ament_install']
[0.358s] Level 1:colcon.colcon_core.package_identification:_identify(/home/moksh/sauvc_gz_ws/src/ags_env) by extension 'ignore'
[0.358s] Level 1:colcon.colcon_core.package_identification:_identify(/home/moksh/sauvc_gz_ws/src/ags_env) by extension 'ignore_ament_install'
[0.358s] Level 1:colcon.colcon_core.package_identification:_identify(/home/moksh/sauvc_gz_ws/src/ags_env) by extensions ['colcon_pkg']
[0.358s] Level 1:colcon.colcon_core.package_identification:_identify(/home/moksh/sauvc_gz_ws/src/ags_env) by extension 'colcon_pkg'
[0.358s] Level 1:colcon.colcon_core.package_identification:_identify(/home/moksh/sauvc_gz_ws/src/ags_env) by extensions ['colcon_meta']
[0.358s] Level 1:colcon.colcon_core.package_identification:_identify(/home/moksh/sauvc_gz_ws/src/ags_env) by extension 'colcon_meta'
[0.359s] Level 1:colcon.colcon_core.package_identification:_identify(/home/moksh/sauvc_gz_ws/src/ags_env) by extensions ['ros']
[0.359s] Level 1:colcon.colcon_core.package_identification:_identify(/home/moksh/sauvc_gz_ws/src/ags_env) by extension 'ros'
[0.359s] DEBUG:colcon.colcon_core.package_identification:Package '/home/moksh/sauvc_gz_ws/src/ags_env' with type 'ros.ament_cmake' and name 'ags_env'
[0.359s] Level 1:colcon.colcon_core.package_identification:_identify(/home/moksh/sauvc_gz_ws/src/ags_models) by extensions ['ignore', 'ignore_ament_install']
[0.359s] Level 1:colcon.colcon_core.package_identification:_identify(/home/moksh/sauvc_gz_ws/src/ags_models) by extension 'ignore'
[0.359s] Level 1:colcon.colcon_core.package_identification:_identify(/home/moksh/sauvc_gz_ws/src/ags_models) by extension 'ignore_ament_install'
[0.359s] Level 1:colcon.colcon_core.package_identification:_identify(/home/moksh/sauvc_gz_ws/src/ags_models) by extensions ['colcon_pkg']
[0.359s] Level 1:colcon.colcon_core.package_identification:_identify(/home/moksh/sauvc_gz_ws/src/ags_models) by extension 'colcon_pkg'
[0.359s] Level 1:colcon.colcon_core.package_identification:_identify(/home/moksh/sauvc_gz_ws/src/ags_models) by extensions ['colcon_meta']
[0.359s] Level 1:colcon.colcon_core.package_identification:_identify(/home/moksh/sauvc_gz_ws/src/ags_models) by extension 'colcon_meta'
[0.360s] Level 1:colcon.colcon_core.package_identification:_identify(/home/moksh/sauvc_gz_ws/src/ags_models) by extensions ['ros']
[0.360s] Level 1:colcon.colcon_core.package_identification:_identify(/home/moksh/sauvc_gz_ws/src/ags_models) by extension 'ros'
[0.360s] Level 1:colcon.colcon_core.package_identification:_identify(/home/moksh/sauvc_gz_ws/src/ags_models) by extensions ['cmake', 'python']
[0.360s] Level 1:colcon.colcon_core.package_identification:_identify(/home/moksh/sauvc_gz_ws/src/ags_models) by extension 'cmake'
[0.360s] Level 1:colcon.colcon_core.package_identification:_identify(/home/moksh/sauvc_gz_ws/src/ags_models) by extension 'python'
[0.360s] Level 1:colcon.colcon_core.package_identification:_identify(/home/moksh/sauvc_gz_ws/src/ags_models) by extensions ['python_setup_py']
[0.360s] Level 1:colcon.colcon_core.package_identification:_identify(/home/moksh/sauvc_gz_ws/src/ags_models) by extension 'python_setup_py'
[0.360s] Level 1:colcon.colcon_core.package_identification:_identify(/home/moksh/sauvc_gz_ws/src/ags_models/sauvc_pool) by extensions ['ignore', 'ignore_ament_install']
[0.360s] Level 1:colcon.colcon_core.package_identification:_identify(/home/moksh/sauvc_gz_ws/src/ags_models/sauvc_pool) by extension 'ignore'
[0.360s] Level 1:colcon.colcon_core.package_identification:_identify(/home/moksh/sauvc_gz_ws/src/ags_models/sauvc_pool) by extension 'ignore_ament_install'
[0.360s] Level 1:colcon.colcon_core.package_identification:_identify(/home/moksh/sauvc_gz_ws/src/ags_models/sauvc_pool) by extensions ['colcon_pkg']
[0.360s] Level 1:colcon.colcon_core.package_identification:_identify(/home/moksh/sauvc_gz_ws/src/ags_models/sauvc_pool) by extension 'colcon_pkg'
[0.360s] Level 1:colcon.colcon_core.package_identification:_identify(/home/moksh/sauvc_gz_ws/src/ags_models/sauvc_pool) by extensions ['colcon_meta']
[0.360s] Level 1:colcon.colcon_core.package_identification:_identify(/home/moksh/sauvc_gz_ws/src/ags_models/sauvc_pool) by extension 'colcon_meta'
[0.360s] Level 1:colcon.colcon_core.package_identification:_identify(/home/moksh/sauvc_gz_ws/src/ags_models/sauvc_pool) by extensions ['ros']
[0.361s] Level 1:colcon.colcon_core.package_identification:_identify(/home/moksh/sauvc_gz_ws/src/ags_models/sauvc_pool) by extension 'ros'
[0.361s] Level 1:colcon.colcon_core.package_identification:_identify(/home/moksh/sauvc_gz_ws/src/ags_models/sauvc_pool) by extensions ['cmake', 'python']
[0.361s] Level 1:colcon.colcon_core.package_identification:_identify(/home/moksh/sauvc_gz_ws/src/ags_models/sauvc_pool) by extension 'cmake'
[0.361s] Level 1:colcon.colcon_core.package_identification:_identify(/home/moksh/sauvc_gz_ws/src/ags_models/sauvc_pool) by extension 'python'
[0.361s] Level 1:colcon.colcon_core.package_identification:_identify(/home/moksh/sauvc_gz_ws/src/ags_models/sauvc_pool) by extensions ['python_setup_py']
[0.361s] Level 1:colcon.colcon_core.package_identification:_identify(/home/moksh/sauvc_gz_ws/src/ags_models/sauvc_pool) by extension 'python_setup_py'
[0.361s] Level 1:colcon.colcon_core.package_discovery:discover_packages(recursive) using defaults
