[0.045s] Invoking command in '/home/moksh/sauvc_gz_ws/build/ags_control': CMAKE_PREFIX_PATH=${CMAKE_PREFIX_PATH}:/home/moksh/ros2_ws/install/talker_listener:/home/moksh/ros2_ws/install/actions_py:/home/moksh/ros2_ws/install/add_integers:/home/moksh/ros2_ws/install/ard_pub:/home/moksh/control_ws/install/bumperbot_py_examples:/home/moksh/sauvc25/install/testing:/opt/ros/jazzy DEBUGINFOD_URLS=https://debuginfod.ubuntu.com /usr/bin/cmake /home/moksh/sauvc_gz_ws/src/ags_control -DCMAKE_INSTALL_PREFIX=/home/moksh/sauvc_gz_ws/install/ags_control
[0.191s] -- The C compiler identification is GNU 13.3.0
[0.325s] -- The CXX compiler identification is GNU 13.3.0
[0.361s] -- Detecting C compiler ABI info
[0.543s] -- Detecting C compiler ABI info - done
[0.560s] -- Check for working C compiler: /usr/bin/cc - skipped
[0.561s] -- Detecting C compile features
[0.562s] -- Detecting C compile features - done
[0.581s] -- Detecting CXX compiler ABI info
[0.780s] -- Detecting CXX compiler ABI info - done
[0.795s] -- Check for working CXX compiler: /usr/bin/c++ - skipped
[0.797s] -- Detecting CXX compile features
[0.797s] -- Detecting CXX compile features - done
[0.813s] -- Found ament_cmake: 2.5.4 (/opt/ros/jazzy/share/ament_cmake/cmake)
[1.164s] -- Found Python3: /usr/bin/python3 (found version "3.12.3") found components: Interpreter 
[1.448s] -- Found ament_lint_auto: 0.17.2 (/opt/ros/jazzy/share/ament_lint_auto/cmake)
[1.694s] -- Added test 'lint_cmake' to check CMake code style
[1.697s] -- Added test 'xmllint' to check XML markup files
[1.702s] -- Configuring done (1.6s)
[1.708s] -- Generating done (0.0s)
[1.711s] -- Build files have been written to: /home/moksh/sauvc_gz_ws/build/ags_control
[1.723s] Invoked command in '/home/moksh/sauvc_gz_ws/build/ags_control' returned '0': CMAKE_PREFIX_PATH=${CMAKE_PREFIX_PATH}:/home/moksh/ros2_ws/install/talker_listener:/home/moksh/ros2_ws/install/actions_py:/home/moksh/ros2_ws/install/add_integers:/home/moksh/ros2_ws/install/ard_pub:/home/moksh/control_ws/install/bumperbot_py_examples:/home/moksh/sauvc25/install/testing:/opt/ros/jazzy DEBUGINFOD_URLS=https://debuginfod.ubuntu.com /usr/bin/cmake /home/moksh/sauvc_gz_ws/src/ags_control -DCMAKE_INSTALL_PREFIX=/home/moksh/sauvc_gz_ws/install/ags_control
[1.725s] Invoking command in '/home/moksh/sauvc_gz_ws/build/ags_control': CMAKE_PREFIX_PATH=${CMAKE_PREFIX_PATH}:/home/moksh/ros2_ws/install/talker_listener:/home/moksh/ros2_ws/install/actions_py:/home/moksh/ros2_ws/install/add_integers:/home/moksh/ros2_ws/install/ard_pub:/home/moksh/control_ws/install/bumperbot_py_examples:/home/moksh/sauvc25/install/testing:/opt/ros/jazzy DEBUGINFOD_URLS=https://debuginfod.ubuntu.com /usr/bin/cmake --build /home/moksh/sauvc_gz_ws/build/ags_control -- -j12 -l12
[1.801s] Invoked command in '/home/moksh/sauvc_gz_ws/build/ags_control' returned '0': CMAKE_PREFIX_PATH=${CMAKE_PREFIX_PATH}:/home/moksh/ros2_ws/install/talker_listener:/home/moksh/ros2_ws/install/actions_py:/home/moksh/ros2_ws/install/add_integers:/home/moksh/ros2_ws/install/ard_pub:/home/moksh/control_ws/install/bumperbot_py_examples:/home/moksh/sauvc25/install/testing:/opt/ros/jazzy DEBUGINFOD_URLS=https://debuginfod.ubuntu.com /usr/bin/cmake --build /home/moksh/sauvc_gz_ws/build/ags_control -- -j12 -l12
[1.822s] Invoking command in '/home/moksh/sauvc_gz_ws/build/ags_control': CMAKE_PREFIX_PATH=${CMAKE_PREFIX_PATH}:/home/moksh/ros2_ws/install/talker_listener:/home/moksh/ros2_ws/install/actions_py:/home/moksh/ros2_ws/install/add_integers:/home/moksh/ros2_ws/install/ard_pub:/home/moksh/control_ws/install/bumperbot_py_examples:/home/moksh/sauvc25/install/testing:/opt/ros/jazzy DEBUGINFOD_URLS=https://debuginfod.ubuntu.com /usr/bin/cmake --install /home/moksh/sauvc_gz_ws/build/ags_control
[1.840s] -- Install configuration: ""
[1.840s] -- Installing: /home/moksh/sauvc_gz_ws/install/ags_control/share/ament_index/resource_index/package_run_dependencies/ags_control
[1.841s] -- Installing: /home/moksh/sauvc_gz_ws/install/ags_control/share/ament_index/resource_index/parent_prefix_path/ags_control
[1.841s] -- Installing: /home/moksh/sauvc_gz_ws/install/ags_control/share/ags_control/environment/ament_prefix_path.sh
[1.841s] -- Installing: /home/moksh/sauvc_gz_ws/install/ags_control/share/ags_control/environment/ament_prefix_path.dsv
[1.842s] -- Installing: /home/moksh/sauvc_gz_ws/install/ags_control/share/ags_control/environment/path.sh
[1.842s] -- Installing: /home/moksh/sauvc_gz_ws/install/ags_control/share/ags_control/environment/path.dsv
[1.843s] -- Installing: /home/moksh/sauvc_gz_ws/install/ags_control/share/ags_control/local_setup.bash
[1.844s] -- Installing: /home/moksh/sauvc_gz_ws/install/ags_control/share/ags_control/local_setup.sh
[1.845s] -- Installing: /home/moksh/sauvc_gz_ws/install/ags_control/share/ags_control/local_setup.zsh
[1.845s] -- Installing: /home/moksh/sauvc_gz_ws/install/ags_control/share/ags_control/local_setup.dsv
[1.846s] -- Installing: /home/moksh/sauvc_gz_ws/install/ags_control/share/ags_control/package.dsv
[1.847s] -- Installing: /home/moksh/sauvc_gz_ws/install/ags_control/share/ament_index/resource_index/packages/ags_control
[1.848s] -- Installing: /home/moksh/sauvc_gz_ws/install/ags_control/share/ags_control/cmake/ags_controlConfig.cmake
[1.849s] -- Installing: /home/moksh/sauvc_gz_ws/install/ags_control/share/ags_control/cmake/ags_controlConfig-version.cmake
[1.849s] -- Up-to-date: /home/moksh/sauvc_gz_ws/install/ags_control/share/ags_control/package.xml
[1.895s] Invoked command in '/home/moksh/sauvc_gz_ws/build/ags_control' returned '0': CMAKE_PREFIX_PATH=${CMAKE_PREFIX_PATH}:/home/moksh/ros2_ws/install/talker_listener:/home/moksh/ros2_ws/install/actions_py:/home/moksh/ros2_ws/install/add_integers:/home/moksh/ros2_ws/install/ard_pub:/home/moksh/control_ws/install/bumperbot_py_examples:/home/moksh/sauvc25/install/testing:/opt/ros/jazzy DEBUGINFOD_URLS=https://debuginfod.ubuntu.com /usr/bin/cmake --install /home/moksh/sauvc_gz_ws/build/ags_control
