[0.031s] Invoking command in '/home/moksh/sauvc_gz_ws/build/ags_description': CMAKE_PREFIX_PATH=${CMAKE_PREFIX_PATH}:/home/moksh/ros2_ws/install/talker_listener:/home/moksh/ros2_ws/install/actions_py:/home/moksh/ros2_ws/install/add_integers:/home/moksh/ros2_ws/install/ard_pub:/home/moksh/control_ws/install/bumperbot_py_examples:/home/moksh/sauvc25/install/testing:/opt/ros/jazzy DEBUGINFOD_URLS=https://debuginfod.ubuntu.com /usr/bin/cmake /home/moksh/sauvc_gz_ws/src/ags_description -DCMAKE_INSTALL_PREFIX=/home/moksh/sauvc_gz_ws/install/ags_description
[0.172s] -- The C compiler identification is GNU 13.3.0
[0.304s] -- The CXX compiler identification is GNU 13.3.0
[0.341s] -- Detecting C compiler ABI info
[0.523s] -- Detecting C compiler ABI info - done
[0.539s] -- Check for working C compiler: /usr/bin/cc - skipped
[0.540s] -- Detecting C compile features
[0.541s] -- Detecting C compile features - done
[0.559s] -- Detecting CXX compiler ABI info
[0.760s] -- Detecting CXX compiler ABI info - done
[0.776s] -- Check for working CXX compiler: /usr/bin/c++ - skipped
[0.776s] -- Detecting CXX compile features
[0.777s] -- Detecting CXX compile features - done
[0.793s] -- Found ament_cmake: 2.5.4 (/opt/ros/jazzy/share/ament_cmake/cmake)
[1.137s] -- Found Python3: /usr/bin/python3 (found version "3.12.3") found components: Interpreter 
[1.428s] -- Found ament_lint_auto: 0.17.2 (/opt/ros/jazzy/share/ament_lint_auto/cmake)
[1.674s] -- Added test 'lint_cmake' to check CMake code style
[1.676s] -- Added test 'xmllint' to check XML markup files
[1.682s] -- Configuring done (1.6s)
[1.687s] -- Generating done (0.0s)
[1.690s] -- Build files have been written to: /home/moksh/sauvc_gz_ws/build/ags_description
[1.701s] Invoked command in '/home/moksh/sauvc_gz_ws/build/ags_description' returned '0': CMAKE_PREFIX_PATH=${CMAKE_PREFIX_PATH}:/home/moksh/ros2_ws/install/talker_listener:/home/moksh/ros2_ws/install/actions_py:/home/moksh/ros2_ws/install/add_integers:/home/moksh/ros2_ws/install/ard_pub:/home/moksh/control_ws/install/bumperbot_py_examples:/home/moksh/sauvc25/install/testing:/opt/ros/jazzy DEBUGINFOD_URLS=https://debuginfod.ubuntu.com /usr/bin/cmake /home/moksh/sauvc_gz_ws/src/ags_description -DCMAKE_INSTALL_PREFIX=/home/moksh/sauvc_gz_ws/install/ags_description
[1.703s] Invoking command in '/home/moksh/sauvc_gz_ws/build/ags_description': CMAKE_PREFIX_PATH=${CMAKE_PREFIX_PATH}:/home/moksh/ros2_ws/install/talker_listener:/home/moksh/ros2_ws/install/actions_py:/home/moksh/ros2_ws/install/add_integers:/home/moksh/ros2_ws/install/ard_pub:/home/moksh/control_ws/install/bumperbot_py_examples:/home/moksh/sauvc25/install/testing:/opt/ros/jazzy DEBUGINFOD_URLS=https://debuginfod.ubuntu.com /usr/bin/cmake --build /home/moksh/sauvc_gz_ws/build/ags_description -- -j12 -l12
[1.803s] Invoked command in '/home/moksh/sauvc_gz_ws/build/ags_description' returned '0': CMAKE_PREFIX_PATH=${CMAKE_PREFIX_PATH}:/home/moksh/ros2_ws/install/talker_listener:/home/moksh/ros2_ws/install/actions_py:/home/moksh/ros2_ws/install/add_integers:/home/moksh/ros2_ws/install/ard_pub:/home/moksh/control_ws/install/bumperbot_py_examples:/home/moksh/sauvc25/install/testing:/opt/ros/jazzy DEBUGINFOD_URLS=https://debuginfod.ubuntu.com /usr/bin/cmake --build /home/moksh/sauvc_gz_ws/build/ags_description -- -j12 -l12
[1.805s] Invoking command in '/home/moksh/sauvc_gz_ws/build/ags_description': CMAKE_PREFIX_PATH=${CMAKE_PREFIX_PATH}:/home/moksh/ros2_ws/install/talker_listener:/home/moksh/ros2_ws/install/actions_py:/home/moksh/ros2_ws/install/add_integers:/home/moksh/ros2_ws/install/ard_pub:/home/moksh/control_ws/install/bumperbot_py_examples:/home/moksh/sauvc25/install/testing:/opt/ros/jazzy DEBUGINFOD_URLS=https://debuginfod.ubuntu.com /usr/bin/cmake --install /home/moksh/sauvc_gz_ws/build/ags_description
[1.821s] -- Install configuration: ""
[1.822s] -- Installing: /home/moksh/sauvc_gz_ws/install/ags_description/share/ament_index/resource_index/package_run_dependencies/ags_description
[1.822s] -- Installing: /home/moksh/sauvc_gz_ws/install/ags_description/share/ament_index/resource_index/parent_prefix_path/ags_description
[1.823s] -- Installing: /home/moksh/sauvc_gz_ws/install/ags_description/share/ags_description/environment/ament_prefix_path.sh
[1.823s] -- Installing: /home/moksh/sauvc_gz_ws/install/ags_description/share/ags_description/environment/ament_prefix_path.dsv
[1.824s] -- Installing: /home/moksh/sauvc_gz_ws/install/ags_description/share/ags_description/environment/path.sh
[1.824s] -- Installing: /home/moksh/sauvc_gz_ws/install/ags_description/share/ags_description/environment/path.dsv
[1.825s] -- Installing: /home/moksh/sauvc_gz_ws/install/ags_description/share/ags_description/local_setup.bash
[1.825s] -- Installing: /home/moksh/sauvc_gz_ws/install/ags_description/share/ags_description/local_setup.sh
[1.826s] -- Installing: /home/moksh/sauvc_gz_ws/install/ags_description/share/ags_description/local_setup.zsh
[1.826s] -- Installing: /home/moksh/sauvc_gz_ws/install/ags_description/share/ags_description/local_setup.dsv
[1.827s] -- Installing: /home/moksh/sauvc_gz_ws/install/ags_description/share/ags_description/package.dsv
[1.828s] -- Installing: /home/moksh/sauvc_gz_ws/install/ags_description/share/ament_index/resource_index/packages/ags_description
[1.829s] -- Installing: /home/moksh/sauvc_gz_ws/install/ags_description/share/ags_description/cmake/ags_descriptionConfig.cmake
[1.829s] -- Installing: /home/moksh/sauvc_gz_ws/install/ags_description/share/ags_description/cmake/ags_descriptionConfig-version.cmake
[1.830s] -- Up-to-date: /home/moksh/sauvc_gz_ws/install/ags_description/share/ags_description/package.xml
[1.834s] Invoked command in '/home/moksh/sauvc_gz_ws/build/ags_description' returned '0': CMAKE_PREFIX_PATH=${CMAKE_PREFIX_PATH}:/home/moksh/ros2_ws/install/talker_listener:/home/moksh/ros2_ws/install/actions_py:/home/moksh/ros2_ws/install/add_integers:/home/moksh/ros2_ws/install/ard_pub:/home/moksh/control_ws/install/bumperbot_py_examples:/home/moksh/sauvc25/install/testing:/opt/ros/jazzy DEBUGINFOD_URLS=https://debuginfod.ubuntu.com /usr/bin/cmake --install /home/moksh/sauvc_gz_ws/build/ags_description
