[0.029s] Invoking command in '/home/moksh/sauvc_gz_ws/build/gz_tna': CMAKE_PREFIX_PATH=${CMAKE_PREFIX_PATH}:/home/moksh/ros2_ws/install/talker_listener:/home/moksh/ros2_ws/install/actions_py:/home/moksh/ros2_ws/install/add_integers:/home/moksh/ros2_ws/install/ard_pub:/home/moksh/control_ws/install/bumperbot_py_examples:/home/moksh/sauvc25/install/testing:/opt/ros/jazzy DEBUGINFOD_URLS=https://debuginfod.ubuntu.com /usr/bin/cmake --build /home/moksh/sauvc_gz_ws/build/gz_tna -- -j12 -l12
[0.114s] Invoked command in '/home/moksh/sauvc_gz_ws/build/gz_tna' returned '0': CMAKE_PREFIX_PATH=${CMAKE_PREFIX_PATH}:/home/moksh/ros2_ws/install/talker_listener:/home/moksh/ros2_ws/install/actions_py:/home/moksh/ros2_ws/install/add_integers:/home/moksh/ros2_ws/install/ard_pub:/home/moksh/control_ws/install/bumperbot_py_examples:/home/moksh/sauvc25/install/testing:/opt/ros/jazzy DEBUGINFOD_URLS=https://debuginfod.ubuntu.com /usr/bin/cmake --build /home/moksh/sauvc_gz_ws/build/gz_tna -- -j12 -l12
[0.136s] Invoking command in '/home/moksh/sauvc_gz_ws/build/gz_tna': CMAKE_PREFIX_PATH=${CMAKE_PREFIX_PATH}:/home/moksh/ros2_ws/install/talker_listener:/home/moksh/ros2_ws/install/actions_py:/home/moksh/ros2_ws/install/add_integers:/home/moksh/ros2_ws/install/ard_pub:/home/moksh/control_ws/install/bumperbot_py_examples:/home/moksh/sauvc25/install/testing:/opt/ros/jazzy DEBUGINFOD_URLS=https://debuginfod.ubuntu.com /usr/bin/cmake --install /home/moksh/sauvc_gz_ws/build/gz_tna
[0.154s] -- Install configuration: ""
[0.154s] -- Up-to-date: /home/moksh/sauvc_gz_ws/install/gz_tna/share/ament_index/resource_index/package_run_dependencies/gz_tna
[0.154s] -- Up-to-date: /home/moksh/sauvc_gz_ws/install/gz_tna/share/ament_index/resource_index/parent_prefix_path/gz_tna
[0.154s] -- Up-to-date: /home/moksh/sauvc_gz_ws/install/gz_tna/share/gz_tna/environment/ament_prefix_path.sh
[0.154s] -- Up-to-date: /home/moksh/sauvc_gz_ws/install/gz_tna/share/gz_tna/environment/ament_prefix_path.dsv
[0.154s] -- Up-to-date: /home/moksh/sauvc_gz_ws/install/gz_tna/share/gz_tna/environment/path.sh
[0.155s] -- Up-to-date: /home/moksh/sauvc_gz_ws/install/gz_tna/share/gz_tna/environment/path.dsv
[0.155s] -- Up-to-date: /home/moksh/sauvc_gz_ws/install/gz_tna/share/gz_tna/local_setup.bash
[0.155s] -- Up-to-date: /home/moksh/sauvc_gz_ws/install/gz_tna/share/gz_tna/local_setup.sh
[0.155s] -- Up-to-date: /home/moksh/sauvc_gz_ws/install/gz_tna/share/gz_tna/local_setup.zsh
[0.155s] -- Up-to-date: /home/moksh/sauvc_gz_ws/install/gz_tna/share/gz_tna/local_setup.dsv
[0.155s] -- Installing: /home/moksh/sauvc_gz_ws/install/gz_tna/share/gz_tna/package.dsv
[0.155s] -- Up-to-date: /home/moksh/sauvc_gz_ws/install/gz_tna/share/ament_index/resource_index/packages/gz_tna
[0.156s] -- Up-to-date: /home/moksh/sauvc_gz_ws/install/gz_tna/share/gz_tna/cmake/gz_tnaConfig.cmake
[0.156s] -- Up-to-date: /home/moksh/sauvc_gz_ws/install/gz_tna/share/gz_tna/cmake/gz_tnaConfig-version.cmake
[0.156s] -- Up-to-date: /home/moksh/sauvc_gz_ws/install/gz_tna/share/gz_tna/package.xml
[0.158s] Invoked command in '/home/moksh/sauvc_gz_ws/build/gz_tna' returned '0': CMAKE_PREFIX_PATH=${CMAKE_PREFIX_PATH}:/home/moksh/ros2_ws/install/talker_listener:/home/moksh/ros2_ws/install/actions_py:/home/moksh/ros2_ws/install/add_integers:/home/moksh/ros2_ws/install/ard_pub:/home/moksh/control_ws/install/bumperbot_py_examples:/home/moksh/sauvc25/install/testing:/opt/ros/jazzy DEBUGINFOD_URLS=https://debuginfod.ubuntu.com /usr/bin/cmake --install /home/moksh/sauvc_gz_ws/build/gz_tna
