[0.014s] Invoking command in '/home/idea-22392/sauvc_gz_ws/build/ags_description': CMAKE_PREFIX_PATH=${CMAKE_PREFIX_PATH}:/opt/ros/jazzy DEBUGINFOD_URLS=https://debuginfod.ubuntu.com /usr/bin/cmake --build /home/idea-22392/sauvc_gz_ws/build/ags_description -- -j4 -l4
[0.075s] Invoked command in '/home/idea-22392/sauvc_gz_ws/build/ags_description' returned '0': CMAKE_PREFIX_PATH=${CMAKE_PREFIX_PATH}:/opt/ros/jazzy DEBUGINFOD_URLS=https://debuginfod.ubuntu.com /usr/bin/cmake --build /home/idea-22392/sauvc_gz_ws/build/ags_description -- -j4 -l4
[0.077s] Invoking command in '/home/idea-22392/sauvc_gz_ws/build/ags_description': CMAKE_PREFIX_PATH=${CMAKE_PREFIX_PATH}:/opt/ros/jazzy DEBUGINFOD_URLS=https://debuginfod.ubuntu.com /usr/bin/cmake --install /home/idea-22392/sauvc_gz_ws/build/ags_description
[0.092s] -- Install configuration: ""
[0.092s] -- Up-to-date: /home/idea-22392/sauvc_gz_ws/install/ags_description/share/ament_index/resource_index/package_run_dependencies/ags_description
[0.092s] -- Up-to-date: /home/idea-22392/sauvc_gz_ws/install/ags_description/share/ament_index/resource_index/parent_prefix_path/ags_description
[0.094s] -- Up-to-date: /home/idea-22392/sauvc_gz_ws/install/ags_description/share/ags_description/environment/ament_prefix_path.sh
[0.094s] -- Up-to-date: /home/idea-22392/sauvc_gz_ws/install/ags_description/share/ags_description/environment/ament_prefix_path.dsv
[0.094s] -- Up-to-date: /home/idea-22392/sauvc_gz_ws/install/ags_description/share/ags_description/environment/path.sh
[0.095s] -- Up-to-date: /home/idea-22392/sauvc_gz_ws/install/ags_description/share/ags_description/environment/path.dsv
[0.095s] -- Up-to-date: /home/idea-22392/sauvc_gz_ws/install/ags_description/share/ags_description/local_setup.bash
[0.095s] -- Up-to-date: /home/idea-22392/sauvc_gz_ws/install/ags_description/share/ags_description/local_setup.sh
[0.096s] -- Up-to-date: /home/idea-22392/sauvc_gz_ws/install/ags_description/share/ags_description/local_setup.zsh
[0.096s] -- Up-to-date: /home/idea-22392/sauvc_gz_ws/install/ags_description/share/ags_description/local_setup.dsv
[0.096s] -- Installing: /home/idea-22392/sauvc_gz_ws/install/ags_description/share/ags_description/package.dsv
[0.098s] -- Up-to-date: /home/idea-22392/sauvc_gz_ws/install/ags_description/share/ament_index/resource_index/packages/ags_description
[0.098s] -- Up-to-date: /home/idea-22392/sauvc_gz_ws/install/ags_description/share/ags_description/cmake/ags_descriptionConfig.cmake
[0.098s] -- Up-to-date: /home/idea-22392/sauvc_gz_ws/install/ags_description/share/ags_description/cmake/ags_descriptionConfig-version.cmake
[0.099s] -- Up-to-date: /home/idea-22392/sauvc_gz_ws/install/ags_description/share/ags_description/package.xml
[0.119s] Invoked command in '/home/idea-22392/sauvc_gz_ws/build/ags_description' returned '0': CMAKE_PREFIX_PATH=${CMAKE_PREFIX_PATH}:/opt/ros/jazzy DEBUGINFOD_URLS=https://debuginfod.ubuntu.com /usr/bin/cmake --install /home/idea-22392/sauvc_gz_ws/build/ags_description
