[0.327s] DEBUG:colcon:Command line arguments: ['/usr/bin/colcon', 'build']
[0.327s] DEBUG:colcon:Parsed command line arguments: Namespace(log_base=None, log_level=None, verb_name='build', build_base='build', install_base='install', merge_install=False, symlink_install=False, test_result_base=None, continue_on_error=False, executor='parallel', parallel_workers=12, event_handlers=None, ignore_user_meta=False, metas=['./colcon.meta'], base_paths=['.'], packages_ignore=None, packages_ignore_regex=None, paths=None, packages_up_to=None, packages_up_to_regex=None, packages_above=None, packages_above_and_dependencies=None, packages_above_depth=None, packages_select_by_dep=None, packages_skip_by_dep=None, packages_skip_up_to=None, packages_select_build_failed=False, packages_skip_build_finished=False, packages_select_test_failures=False, packages_skip_test_passed=False, packages_select=None, packages_skip=None, packages_select_regex=None, packages_skip_regex=None, packages_start=None, packages_end=None, allow_overriding=[], cmake_args=None, cmake_target=None, cmake_target_skip_unavailable=False, cmake_clean_cache=False, cmake_clean_first=False, cmake_force_configure=False, ament_cmake_args=None, catkin_cmake_args=None, catkin_skip_building_tests=False, mixin_files=None, mixin=None, verb_parser=<colcon_mixin.mixin.mixin_argument.MixinArgumentDecorator object at 0x758bf9237230>, verb_extension=<colcon_core.verb.build.BuildVerb object at 0x758bf92370b0>, main=<bound method BuildVerb.main of <colcon_core.verb.build.BuildVerb object at 0x758bf92370b0>>, mixin_verb=('build',))
[0.397s] Level 1:colcon.colcon_core.package_discovery:discover_packages(colcon_meta) check parameters
[0.397s] Level 1:colcon.colcon_core.package_discovery:discover_packages(recursive) check parameters
[0.397s] Level 1:colcon.colcon_core.package_discovery:discover_packages(ignore) check parameters
[0.397s] Level 1:colcon.colcon_core.package_discovery:discover_packages(path) check parameters
[0.397s] Level 1:colcon.colcon_core.package_discovery:discover_packages(colcon_meta) discover
[0.398s] Level 1:colcon.colcon_core.package_discovery:discover_packages(recursive) discover
[0.398s] INFO:colcon.colcon_core.package_discovery:Crawling recursively for packages in '/home/moksh/sauvc_gz_ws'
[0.398s] Level 1:colcon.colcon_core.package_identification:_identify(.) by extensions ['ignore', 'ignore_ament_install']
[0.398s] Level 1:colcon.colcon_core.package_identification:_identify(.) by extension 'ignore'
[0.398s] Level 1:colcon.colcon_core.package_identification:_identify(.) by extension 'ignore_ament_install'
[0.398s] Level 1:colcon.colcon_core.package_identification:_identify(.) by extensions ['colcon_pkg']
[0.398s] Level 1:colcon.colcon_core.package_identification:_identify(.) by extension 'colcon_pkg'
[0.398s] Level 1:colcon.colcon_core.package_identification:_identify(.) by extensions ['colcon_meta']
[0.398s] Level 1:colcon.colcon_core.package_identification:_identify(.) by extension 'colcon_meta'
[0.398s] Level 1:colcon.colcon_core.package_identification:_identify(.) by extensions ['ros']
[0.398s] Level 1:colcon.colcon_core.package_identification:_identify(.) by extension 'ros'
[0.445s] Level 1:colcon.colcon_core.package_identification:_identify(.) by extensions ['cmake', 'python']
[0.445s] Level 1:colcon.colcon_core.package_identification:_identify(.) by extension 'cmake'
[0.445s] Level 1:colcon.colcon_core.package_identification:_identify(.) by extension 'python'
[0.445s] Level 1:colcon.colcon_core.package_identification:_identify(.) by extensions ['python_setup_py']
[0.445s] Level 1:colcon.colcon_core.package_identification:_identify(.) by extension 'python_setup_py'
[0.445s] Level 1:colcon.colcon_core.package_identification:_identify(build) by extensions ['ignore', 'ignore_ament_install']
[0.446s] Level 1:colcon.colcon_core.package_identification:_identify(build) by extension 'ignore'
[0.446s] Level 1:colcon.colcon_core.package_identification:_identify(build) ignored
[0.446s] Level 1:colcon.colcon_core.package_identification:_identify(install) by extensions ['ignore', 'ignore_ament_install']
[0.446s] Level 1:colcon.colcon_core.package_identification:_identify(install) by extension 'ignore'
[0.446s] Level 1:colcon.colcon_core.package_identification:_identify(install) ignored
[0.446s] Level 1:colcon.colcon_core.package_identification:_identify(log) by extensions ['ignore', 'ignore_ament_install']
[0.446s] Level 1:colcon.colcon_core.package_identification:_identify(log) by extension 'ignore'
[0.446s] Level 1:colcon.colcon_core.package_identification:_identify(log) ignored
[0.446s] Level 1:colcon.colcon_core.package_identification:_identify(src) by extensions ['ignore', 'ignore_ament_install']
[0.447s] Level 1:colcon.colcon_core.package_identification:_identify(src) by extension 'ignore'
[0.447s] Level 1:colcon.colcon_core.package_identification:_identify(src) by extension 'ignore_ament_install'
[0.447s] Level 1:colcon.colcon_core.package_identification:_identify(src) by extensions ['colcon_pkg']
[0.447s] Level 1:colcon.colcon_core.package_identification:_identify(src) by extension 'colcon_pkg'
[0.447s] Level 1:colcon.colcon_core.package_identification:_identify(src) by extensions ['colcon_meta']
[0.447s] Level 1:colcon.colcon_core.package_identification:_identify(src) by extension 'colcon_meta'
[0.447s] Level 1:colcon.colcon_core.package_identification:_identify(src) by extensions ['ros']
[0.447s] Level 1:colcon.colcon_core.package_identification:_identify(src) by extension 'ros'
[0.447s] Level 1:colcon.colcon_core.package_identification:_identify(src) by extensions ['cmake', 'python']
[0.447s] Level 1:colcon.colcon_core.package_identification:_identify(src) by extension 'cmake'
[0.447s] Level 1:colcon.colcon_core.package_identification:_identify(src) by extension 'python'
[0.447s] Level 1:colcon.colcon_core.package_identification:_identify(src) by extensions ['python_setup_py']
[0.447s] Level 1:colcon.colcon_core.package_identification:_identify(src) by extension 'python_setup_py'
[0.447s] Level 1:colcon.colcon_core.package_identification:_identify(src/ags_control) by extensions ['ignore', 'ignore_ament_install']
[0.448s] Level 1:colcon.colcon_core.package_identification:_identify(src/ags_control) by extension 'ignore'
[0.448s] Level 1:colcon.colcon_core.package_identification:_identify(src/ags_control) by extension 'ignore_ament_install'
[0.448s] Level 1:colcon.colcon_core.package_identification:_identify(src/ags_control) by extensions ['colcon_pkg']
[0.448s] Level 1:colcon.colcon_core.package_identification:_identify(src/ags_control) by extension 'colcon_pkg'
[0.448s] Level 1:colcon.colcon_core.package_identification:_identify(src/ags_control) by extensions ['colcon_meta']
[0.448s] Level 1:colcon.colcon_core.package_identification:_identify(src/ags_control) by extension 'colcon_meta'
[0.448s] Level 1:colcon.colcon_core.package_identification:_identify(src/ags_control) by extensions ['ros']
[0.448s] Level 1:colcon.colcon_core.package_identification:_identify(src/ags_control) by extension 'ros'
[0.452s] DEBUG:colcon.colcon_core.package_identification:Package 'src/ags_control' with type 'ros.ament_cmake' and name 'ags_control'
[0.453s] Level 1:colcon.colcon_core.package_identification:_identify(src/ags_description) by extensions ['ignore', 'ignore_ament_install']
[0.453s] Level 1:colcon.colcon_core.package_identification:_identify(src/ags_description) by extension 'ignore'
[0.453s] Level 1:colcon.colcon_core.package_identification:_identify(src/ags_description) by extension 'ignore_ament_install'
[0.453s] Level 1:colcon.colcon_core.package_identification:_identify(src/ags_description) by extensions ['colcon_pkg']
[0.453s] Level 1:colcon.colcon_core.package_identification:_identify(src/ags_description) by extension 'colcon_pkg'
[0.453s] Level 1:colcon.colcon_core.package_identification:_identify(src/ags_description) by extensions ['colcon_meta']
[0.453s] Level 1:colcon.colcon_core.package_identification:_identify(src/ags_description) by extension 'colcon_meta'
[0.453s] Level 1:colcon.colcon_core.package_identification:_identify(src/ags_description) by extensions ['ros']
[0.453s] Level 1:colcon.colcon_core.package_identification:_identify(src/ags_description) by extension 'ros'
[0.454s] DEBUG:colcon.colcon_core.package_identification:Package 'src/ags_description' with type 'ros.ament_cmake' and name 'ags_description'
[0.454s] Level 1:colcon.colcon_core.package_identification:_identify(src/ags_env) by extensions ['ignore', 'ignore_ament_install']
[0.454s] Level 1:colcon.colcon_core.package_identification:_identify(src/ags_env) by extension 'ignore'
[0.454s] Level 1:colcon.colcon_core.package_identification:_identify(src/ags_env) by extension 'ignore_ament_install'
[0.454s] Level 1:colcon.colcon_core.package_identification:_identify(src/ags_env) by extensions ['colcon_pkg']
[0.454s] Level 1:colcon.colcon_core.package_identification:_identify(src/ags_env) by extension 'colcon_pkg'
[0.454s] Level 1:colcon.colcon_core.package_identification:_identify(src/ags_env) by extensions ['colcon_meta']
[0.454s] Level 1:colcon.colcon_core.package_identification:_identify(src/ags_env) by extension 'colcon_meta'
[0.455s] Level 1:colcon.colcon_core.package_identification:_identify(src/ags_env) by extensions ['ros']
[0.455s] Level 1:colcon.colcon_core.package_identification:_identify(src/ags_env) by extension 'ros'
[0.455s] DEBUG:colcon.colcon_core.package_identification:Package 'src/ags_env' with type 'ros.ament_cmake' and name 'ags_env'
[0.455s] Level 1:colcon.colcon_core.package_discovery:discover_packages(recursive) using defaults
[0.455s] Level 1:colcon.colcon_core.package_discovery:discover_packages(ignore) discover
[0.455s] Level 1:colcon.colcon_core.package_discovery:discover_packages(ignore) using defaults
[0.455s] Level 1:colcon.colcon_core.package_discovery:discover_packages(path) discover
[0.455s] Level 1:colcon.colcon_core.package_discovery:discover_packages(path) using defaults
[0.488s] Level 1:colcon.colcon_core.package_discovery:discover_packages(prefix_path) check parameters
[0.488s] Level 1:colcon.colcon_core.package_discovery:discover_packages(prefix_path) discover
[0.495s] DEBUG:colcon.colcon_installed_package_information.package_discovery:Found 4 installed packages in /home/moksh/cpp_ws/install
[0.496s] DEBUG:colcon.colcon_installed_package_information.package_discovery:Found 4 installed packages in /home/moksh/control_ws/install
[0.497s] DEBUG:colcon.colcon_installed_package_information.package_discovery:Found 1 installed packages in /home/moksh/gz_ws/install
[0.497s] DEBUG:colcon.colcon_installed_package_information.package_discovery:Found 1 installed packages in /home/moksh/sauvc25/install
[0.498s] DEBUG:colcon.colcon_installed_package_information.package_discovery:Found 6 installed packages in /home/moksh/ros2_ws/install
[0.501s] DEBUG:colcon.colcon_installed_package_information.package_discovery:Found 318 installed packages in /opt/ros/jazzy
[0.502s] Level 1:colcon.colcon_core.package_discovery:discover_packages(prefix_path) using defaults
[0.577s] Level 5:colcon.colcon_core.verb:set package 'ags_control' build argument 'cmake_args' from command line to 'None'
[0.577s] Level 5:colcon.colcon_core.verb:set package 'ags_control' build argument 'cmake_target' from command line to 'None'
[0.577s] Level 5:colcon.colcon_core.verb:set package 'ags_control' build argument 'cmake_target_skip_unavailable' from command line to 'False'
[0.577s] Level 5:colcon.colcon_core.verb:set package 'ags_control' build argument 'cmake_clean_cache' from command line to 'False'
[0.577s] Level 5:colcon.colcon_core.verb:set package 'ags_control' build argument 'cmake_clean_first' from command line to 'False'
[0.577s] Level 5:colcon.colcon_core.verb:set package 'ags_control' build argument 'cmake_force_configure' from command line to 'False'
[0.577s] Level 5:colcon.colcon_core.verb:set package 'ags_control' build argument 'ament_cmake_args' from command line to 'None'
[0.577s] Level 5:colcon.colcon_core.verb:set package 'ags_control' build argument 'catkin_cmake_args' from command line to 'None'
[0.577s] Level 5:colcon.colcon_core.verb:set package 'ags_control' build argument 'catkin_skip_building_tests' from command line to 'False'
[0.577s] DEBUG:colcon.colcon_core.verb:Building package 'ags_control' with the following arguments: {'ament_cmake_args': None, 'build_base': '/home/moksh/sauvc_gz_ws/build/ags_control', 'catkin_cmake_args': None, 'catkin_skip_building_tests': False, 'cmake_args': None, 'cmake_clean_cache': False, 'cmake_clean_first': False, 'cmake_force_configure': False, 'cmake_target': None, 'cmake_target_skip_unavailable': False, 'install_base': '/home/moksh/sauvc_gz_ws/install/ags_control', 'merge_install': False, 'path': '/home/moksh/sauvc_gz_ws/src/ags_control', 'symlink_install': False, 'test_result_base': None}
[0.578s] Level 5:colcon.colcon_core.verb:set package 'ags_description' build argument 'cmake_args' from command line to 'None'
[0.578s] Level 5:colcon.colcon_core.verb:set package 'ags_description' build argument 'cmake_target' from command line to 'None'
[0.578s] Level 5:colcon.colcon_core.verb:set package 'ags_description' build argument 'cmake_target_skip_unavailable' from command line to 'False'
[0.578s] Level 5:colcon.colcon_core.verb:set package 'ags_description' build argument 'cmake_clean_cache' from command line to 'False'
[0.578s] Level 5:colcon.colcon_core.verb:set package 'ags_description' build argument 'cmake_clean_first' from command line to 'False'
[0.578s] Level 5:colcon.colcon_core.verb:set package 'ags_description' build argument 'cmake_force_configure' from command line to 'False'
[0.578s] Level 5:colcon.colcon_core.verb:set package 'ags_description' build argument 'ament_cmake_args' from command line to 'None'
[0.578s] Level 5:colcon.colcon_core.verb:set package 'ags_description' build argument 'catkin_cmake_args' from command line to 'None'
[0.578s] Level 5:colcon.colcon_core.verb:set package 'ags_description' build argument 'catkin_skip_building_tests' from command line to 'False'
[0.578s] DEBUG:colcon.colcon_core.verb:Building package 'ags_description' with the following arguments: {'ament_cmake_args': None, 'build_base': '/home/moksh/sauvc_gz_ws/build/ags_description', 'catkin_cmake_args': None, 'catkin_skip_building_tests': False, 'cmake_args': None, 'cmake_clean_cache': False, 'cmake_clean_first': False, 'cmake_force_configure': False, 'cmake_target': None, 'cmake_target_skip_unavailable': False, 'install_base': '/home/moksh/sauvc_gz_ws/install/ags_description', 'merge_install': False, 'path': '/home/moksh/sauvc_gz_ws/src/ags_description', 'symlink_install': False, 'test_result_base': None}
[0.578s] Level 5:colcon.colcon_core.verb:set package 'ags_env' build argument 'cmake_args' from command line to 'None'
[0.578s] Level 5:colcon.colcon_core.verb:set package 'ags_env' build argument 'cmake_target' from command line to 'None'
[0.578s] Level 5:colcon.colcon_core.verb:set package 'ags_env' build argument 'cmake_target_skip_unavailable' from command line to 'False'
[0.578s] Level 5:colcon.colcon_core.verb:set package 'ags_env' build argument 'cmake_clean_cache' from command line to 'False'
[0.578s] Level 5:colcon.colcon_core.verb:set package 'ags_env' build argument 'cmake_clean_first' from command line to 'False'
[0.579s] Level 5:colcon.colcon_core.verb:set package 'ags_env' build argument 'cmake_force_configure' from command line to 'False'
[0.579s] Level 5:colcon.colcon_core.verb:set package 'ags_env' build argument 'ament_cmake_args' from command line to 'None'
[0.579s] Level 5:colcon.colcon_core.verb:set package 'ags_env' build argument 'catkin_cmake_args' from command line to 'None'
[0.579s] Level 5:colcon.colcon_core.verb:set package 'ags_env' build argument 'catkin_skip_building_tests' from command line to 'False'
[0.579s] DEBUG:colcon.colcon_core.verb:Building package 'ags_env' with the following arguments: {'ament_cmake_args': None, 'build_base': '/home/moksh/sauvc_gz_ws/build/ags_env', 'catkin_cmake_args': None, 'catkin_skip_building_tests': False, 'cmake_args': None, 'cmake_clean_cache': False, 'cmake_clean_first': False, 'cmake_force_configure': False, 'cmake_target': None, 'cmake_target_skip_unavailable': False, 'install_base': '/home/moksh/sauvc_gz_ws/install/ags_env', 'merge_install': False, 'path': '/home/moksh/sauvc_gz_ws/src/ags_env', 'symlink_install': False, 'test_result_base': None}
[0.579s] INFO:colcon.colcon_core.executor:Executing jobs using 'parallel' executor
[0.580s] DEBUG:colcon.colcon_parallel_executor.executor.parallel:run_until_complete
[0.580s] INFO:colcon.colcon_ros.task.ament_cmake.build:Building ROS package in '/home/moksh/sauvc_gz_ws/src/ags_control' with build type 'ament_cmake'
[0.581s] INFO:colcon.colcon_cmake.task.cmake.build:Building CMake package in '/home/moksh/sauvc_gz_ws/src/ags_control'
[0.590s] INFO:colcon.colcon_core.plugin_system:Skipping extension 'colcon_core.shell.bat': Not used on non-Windows systems
[0.590s] INFO:colcon.colcon_core.shell:Skip shell extension 'powershell' for command environment: Not usable outside of PowerShell
[0.590s] DEBUG:colcon.colcon_core.shell:Skip shell extension 'dsv' for command environment
[0.599s] INFO:colcon.colcon_ros.task.ament_cmake.build:Building ROS package in '/home/moksh/sauvc_gz_ws/src/ags_description' with build type 'ament_cmake'
[0.600s] INFO:colcon.colcon_cmake.task.cmake.build:Building CMake package in '/home/moksh/sauvc_gz_ws/src/ags_description'
[0.600s] INFO:colcon.colcon_core.shell:Skip shell extension 'powershell' for command environment: Not usable outside of PowerShell
[0.600s] DEBUG:colcon.colcon_core.shell:Skip shell extension 'dsv' for command environment
[0.608s] INFO:colcon.colcon_ros.task.ament_cmake.build:Building ROS package in '/home/moksh/sauvc_gz_ws/src/ags_env' with build type 'ament_cmake'
[0.608s] INFO:colcon.colcon_cmake.task.cmake.build:Building CMake package in '/home/moksh/sauvc_gz_ws/src/ags_env'
[0.609s] INFO:colcon.colcon_core.shell:Skip shell extension 'powershell' for command environment: Not usable outside of PowerShell
[0.609s] DEBUG:colcon.colcon_core.shell:Skip shell extension 'dsv' for command environment
[0.633s] DEBUG:colcon.colcon_core.event_handler.log_command:Invoking command in '/home/moksh/sauvc_gz_ws/build/ags_control': CMAKE_PREFIX_PATH=${CMAKE_PREFIX_PATH}:/home/moksh/ros2_ws/install/talker_listener:/home/moksh/ros2_ws/install/actions_py:/home/moksh/ros2_ws/install/add_integers:/home/moksh/ros2_ws/install/ard_pub:/home/moksh/control_ws/install/bumperbot_py_examples:/home/moksh/sauvc25/install/testing:/opt/ros/jazzy DEBUGINFOD_URLS=https://debuginfod.ubuntu.com /usr/bin/cmake /home/moksh/sauvc_gz_ws/src/ags_control -DCMAKE_INSTALL_PREFIX=/home/moksh/sauvc_gz_ws/install/ags_control
[0.638s] DEBUG:colcon.colcon_core.event_handler.log_command:Invoking command in '/home/moksh/sauvc_gz_ws/build/ags_description': CMAKE_PREFIX_PATH=${CMAKE_PREFIX_PATH}:/home/moksh/ros2_ws/install/talker_listener:/home/moksh/ros2_ws/install/actions_py:/home/moksh/ros2_ws/install/add_integers:/home/moksh/ros2_ws/install/ard_pub:/home/moksh/control_ws/install/bumperbot_py_examples:/home/moksh/sauvc25/install/testing:/opt/ros/jazzy DEBUGINFOD_URLS=https://debuginfod.ubuntu.com /usr/bin/cmake /home/moksh/sauvc_gz_ws/src/ags_description -DCMAKE_INSTALL_PREFIX=/home/moksh/sauvc_gz_ws/install/ags_description
[0.643s] DEBUG:colcon.colcon_core.event_handler.log_command:Invoking command in '/home/moksh/sauvc_gz_ws/build/ags_env': CMAKE_PREFIX_PATH=${CMAKE_PREFIX_PATH}:/home/moksh/ros2_ws/install/talker_listener:/home/moksh/ros2_ws/install/actions_py:/home/moksh/ros2_ws/install/add_integers:/home/moksh/ros2_ws/install/ard_pub:/home/moksh/control_ws/install/bumperbot_py_examples:/home/moksh/sauvc25/install/testing:/opt/ros/jazzy DEBUGINFOD_URLS=https://debuginfod.ubuntu.com /usr/bin/cmake /home/moksh/sauvc_gz_ws/src/ags_env -DCMAKE_INSTALL_PREFIX=/home/moksh/sauvc_gz_ws/install/ags_env
[2.154s] DEBUG:colcon.colcon_core.event_handler.log_command:Invoked command in '/home/moksh/sauvc_gz_ws/build/ags_description' returned '0': CMAKE_PREFIX_PATH=${CMAKE_PREFIX_PATH}:/home/moksh/ros2_ws/install/talker_listener:/home/moksh/ros2_ws/install/actions_py:/home/moksh/ros2_ws/install/add_integers:/home/moksh/ros2_ws/install/ard_pub:/home/moksh/control_ws/install/bumperbot_py_examples:/home/moksh/sauvc25/install/testing:/opt/ros/jazzy DEBUGINFOD_URLS=https://debuginfod.ubuntu.com /usr/bin/cmake /home/moksh/sauvc_gz_ws/src/ags_description -DCMAKE_INSTALL_PREFIX=/home/moksh/sauvc_gz_ws/install/ags_description
[2.156s] DEBUG:colcon.colcon_core.event_handler.log_command:Invoking command in '/home/moksh/sauvc_gz_ws/build/ags_description': CMAKE_PREFIX_PATH=${CMAKE_PREFIX_PATH}:/home/moksh/ros2_ws/install/talker_listener:/home/moksh/ros2_ws/install/actions_py:/home/moksh/ros2_ws/install/add_integers:/home/moksh/ros2_ws/install/ard_pub:/home/moksh/control_ws/install/bumperbot_py_examples:/home/moksh/sauvc25/install/testing:/opt/ros/jazzy DEBUGINFOD_URLS=https://debuginfod.ubuntu.com /usr/bin/cmake --build /home/moksh/sauvc_gz_ws/build/ags_description -- -j12 -l12
[2.158s] DEBUG:colcon.colcon_core.event_handler.log_command:Invoked command in '/home/moksh/sauvc_gz_ws/build/ags_control' returned '0': CMAKE_PREFIX_PATH=${CMAKE_PREFIX_PATH}:/home/moksh/ros2_ws/install/talker_listener:/home/moksh/ros2_ws/install/actions_py:/home/moksh/ros2_ws/install/add_integers:/home/moksh/ros2_ws/install/ard_pub:/home/moksh/control_ws/install/bumperbot_py_examples:/home/moksh/sauvc25/install/testing:/opt/ros/jazzy DEBUGINFOD_URLS=https://debuginfod.ubuntu.com /usr/bin/cmake /home/moksh/sauvc_gz_ws/src/ags_control -DCMAKE_INSTALL_PREFIX=/home/moksh/sauvc_gz_ws/install/ags_control
[2.159s] DEBUG:colcon.colcon_core.event_handler.log_command:Invoking command in '/home/moksh/sauvc_gz_ws/build/ags_control': CMAKE_PREFIX_PATH=${CMAKE_PREFIX_PATH}:/home/moksh/ros2_ws/install/talker_listener:/home/moksh/ros2_ws/install/actions_py:/home/moksh/ros2_ws/install/add_integers:/home/moksh/ros2_ws/install/ard_pub:/home/moksh/control_ws/install/bumperbot_py_examples:/home/moksh/sauvc25/install/testing:/opt/ros/jazzy DEBUGINFOD_URLS=https://debuginfod.ubuntu.com /usr/bin/cmake --build /home/moksh/sauvc_gz_ws/build/ags_control -- -j12 -l12
[2.160s] DEBUG:colcon.colcon_core.event_handler.log_command:Invoked command in '/home/moksh/sauvc_gz_ws/build/ags_env' returned '0': CMAKE_PREFIX_PATH=${CMAKE_PREFIX_PATH}:/home/moksh/ros2_ws/install/talker_listener:/home/moksh/ros2_ws/install/actions_py:/home/moksh/ros2_ws/install/add_integers:/home/moksh/ros2_ws/install/ard_pub:/home/moksh/control_ws/install/bumperbot_py_examples:/home/moksh/sauvc25/install/testing:/opt/ros/jazzy DEBUGINFOD_URLS=https://debuginfod.ubuntu.com /usr/bin/cmake /home/moksh/sauvc_gz_ws/src/ags_env -DCMAKE_INSTALL_PREFIX=/home/moksh/sauvc_gz_ws/install/ags_env
[2.162s] DEBUG:colcon.colcon_core.event_handler.log_command:Invoking command in '/home/moksh/sauvc_gz_ws/build/ags_env': CMAKE_PREFIX_PATH=${CMAKE_PREFIX_PATH}:/home/moksh/ros2_ws/install/talker_listener:/home/moksh/ros2_ws/install/actions_py:/home/moksh/ros2_ws/install/add_integers:/home/moksh/ros2_ws/install/ard_pub:/home/moksh/control_ws/install/bumperbot_py_examples:/home/moksh/sauvc25/install/testing:/opt/ros/jazzy DEBUGINFOD_URLS=https://debuginfod.ubuntu.com /usr/bin/cmake --build /home/moksh/sauvc_gz_ws/build/ags_env -- -j12 -l12
[2.236s] DEBUG:colcon.colcon_core.event_handler.log_command:Invoked command in '/home/moksh/sauvc_gz_ws/build/ags_control' returned '0': CMAKE_PREFIX_PATH=${CMAKE_PREFIX_PATH}:/home/moksh/ros2_ws/install/talker_listener:/home/moksh/ros2_ws/install/actions_py:/home/moksh/ros2_ws/install/add_integers:/home/moksh/ros2_ws/install/ard_pub:/home/moksh/control_ws/install/bumperbot_py_examples:/home/moksh/sauvc25/install/testing:/opt/ros/jazzy DEBUGINFOD_URLS=https://debuginfod.ubuntu.com /usr/bin/cmake --build /home/moksh/sauvc_gz_ws/build/ags_control -- -j12 -l12
[2.255s] DEBUG:colcon.colcon_core.event_handler.log_command:Invoking command in '/home/moksh/sauvc_gz_ws/build/ags_control': CMAKE_PREFIX_PATH=${CMAKE_PREFIX_PATH}:/home/moksh/ros2_ws/install/talker_listener:/home/moksh/ros2_ws/install/actions_py:/home/moksh/ros2_ws/install/add_integers:/home/moksh/ros2_ws/install/ard_pub:/home/moksh/control_ws/install/bumperbot_py_examples:/home/moksh/sauvc25/install/testing:/opt/ros/jazzy DEBUGINFOD_URLS=https://debuginfod.ubuntu.com /usr/bin/cmake --install /home/moksh/sauvc_gz_ws/build/ags_control
[2.256s] DEBUG:colcon.colcon_core.event_handler.log_command:Invoked command in '/home/moksh/sauvc_gz_ws/build/ags_description' returned '0': CMAKE_PREFIX_PATH=${CMAKE_PREFIX_PATH}:/home/moksh/ros2_ws/install/talker_listener:/home/moksh/ros2_ws/install/actions_py:/home/moksh/ros2_ws/install/add_integers:/home/moksh/ros2_ws/install/ard_pub:/home/moksh/control_ws/install/bumperbot_py_examples:/home/moksh/sauvc25/install/testing:/opt/ros/jazzy DEBUGINFOD_URLS=https://debuginfod.ubuntu.com /usr/bin/cmake --build /home/moksh/sauvc_gz_ws/build/ags_description -- -j12 -l12
[2.258s] DEBUG:colcon.colcon_core.event_handler.log_command:Invoking command in '/home/moksh/sauvc_gz_ws/build/ags_description': CMAKE_PREFIX_PATH=${CMAKE_PREFIX_PATH}:/home/moksh/ros2_ws/install/talker_listener:/home/moksh/ros2_ws/install/actions_py:/home/moksh/ros2_ws/install/add_integers:/home/moksh/ros2_ws/install/ard_pub:/home/moksh/control_ws/install/bumperbot_py_examples:/home/moksh/sauvc25/install/testing:/opt/ros/jazzy DEBUGINFOD_URLS=https://debuginfod.ubuntu.com /usr/bin/cmake --install /home/moksh/sauvc_gz_ws/build/ags_description
[2.259s] DEBUG:colcon.colcon_core.event_handler.log_command:Invoked command in '/home/moksh/sauvc_gz_ws/build/ags_env' returned '0': CMAKE_PREFIX_PATH=${CMAKE_PREFIX_PATH}:/home/moksh/ros2_ws/install/talker_listener:/home/moksh/ros2_ws/install/actions_py:/home/moksh/ros2_ws/install/add_integers:/home/moksh/ros2_ws/install/ard_pub:/home/moksh/control_ws/install/bumperbot_py_examples:/home/moksh/sauvc25/install/testing:/opt/ros/jazzy DEBUGINFOD_URLS=https://debuginfod.ubuntu.com /usr/bin/cmake --build /home/moksh/sauvc_gz_ws/build/ags_env -- -j12 -l12
[2.261s] DEBUG:colcon.colcon_core.event_handler.log_command:Invoking command in '/home/moksh/sauvc_gz_ws/build/ags_env': CMAKE_PREFIX_PATH=${CMAKE_PREFIX_PATH}:/home/moksh/ros2_ws/install/talker_listener:/home/moksh/ros2_ws/install/actions_py:/home/moksh/ros2_ws/install/add_integers:/home/moksh/ros2_ws/install/ard_pub:/home/moksh/control_ws/install/bumperbot_py_examples:/home/moksh/sauvc25/install/testing:/opt/ros/jazzy DEBUGINFOD_URLS=https://debuginfod.ubuntu.com /usr/bin/cmake --install /home/moksh/sauvc_gz_ws/build/ags_env
[2.282s] Level 1:colcon.colcon_core.environment:create_environment_scripts_only(ags_control)
[2.284s] DEBUG:colcon.colcon_core.event_handler.log_command:Invoked command in '/home/moksh/sauvc_gz_ws/build/ags_control' returned '0': CMAKE_PREFIX_PATH=${CMAKE_PREFIX_PATH}:/home/moksh/ros2_ws/install/talker_listener:/home/moksh/ros2_ws/install/actions_py:/home/moksh/ros2_ws/install/add_integers:/home/moksh/ros2_ws/install/ard_pub:/home/moksh/control_ws/install/bumperbot_py_examples:/home/moksh/sauvc25/install/testing:/opt/ros/jazzy DEBUGINFOD_URLS=https://debuginfod.ubuntu.com /usr/bin/cmake --install /home/moksh/sauvc_gz_ws/build/ags_control
[2.292s] Level 1:colcon.colcon_core.environment:checking '/home/moksh/sauvc_gz_ws/install/ags_control' for CMake module files
[2.293s] Level 1:colcon.colcon_core.environment:checking '/home/moksh/sauvc_gz_ws/install/ags_control' for CMake config files
[2.294s] Level 1:colcon.colcon_core.shell:create_environment_hook('ags_control', 'cmake_prefix_path')
[2.294s] INFO:colcon.colcon_core.shell:Creating environment hook '/home/moksh/sauvc_gz_ws/install/ags_control/share/ags_control/hook/cmake_prefix_path.ps1'
[2.295s] INFO:colcon.colcon_core.shell:Creating environment descriptor '/home/moksh/sauvc_gz_ws/install/ags_control/share/ags_control/hook/cmake_prefix_path.dsv'
[2.295s] INFO:colcon.colcon_core.shell:Creating environment hook '/home/moksh/sauvc_gz_ws/install/ags_control/share/ags_control/hook/cmake_prefix_path.sh'
[2.296s] Level 1:colcon.colcon_core.environment:checking '/home/moksh/sauvc_gz_ws/install/ags_control/bin'
[2.296s] Level 1:colcon.colcon_core.environment:checking '/home/moksh/sauvc_gz_ws/install/ags_control/lib/pkgconfig/ags_control.pc'
[2.297s] Level 1:colcon.colcon_core.environment:checking '/home/moksh/sauvc_gz_ws/install/ags_control/lib/python3.12/site-packages'
[2.297s] Level 1:colcon.colcon_core.environment:checking '/home/moksh/sauvc_gz_ws/install/ags_control/bin'
[2.297s] INFO:colcon.colcon_core.shell:Creating package script '/home/moksh/sauvc_gz_ws/install/ags_control/share/ags_control/package.ps1'
[2.298s] INFO:colcon.colcon_core.shell:Creating package descriptor '/home/moksh/sauvc_gz_ws/install/ags_control/share/ags_control/package.dsv'
[2.299s] INFO:colcon.colcon_core.shell:Creating package script '/home/moksh/sauvc_gz_ws/install/ags_control/share/ags_control/package.sh'
[2.300s] INFO:colcon.colcon_core.shell:Creating package script '/home/moksh/sauvc_gz_ws/install/ags_control/share/ags_control/package.bash'
[2.301s] INFO:colcon.colcon_core.shell:Creating package script '/home/moksh/sauvc_gz_ws/install/ags_control/share/ags_control/package.zsh'
[2.301s] Level 1:colcon.colcon_core.environment:create_file_with_runtime_dependencies(/home/moksh/sauvc_gz_ws/install/ags_control/share/colcon-core/packages/ags_control)
[2.302s] Level 1:colcon.colcon_core.environment:create_environment_scripts_only(ags_control)
[2.302s] Level 1:colcon.colcon_core.environment:checking '/home/moksh/sauvc_gz_ws/install/ags_control' for CMake module files
[2.303s] Level 1:colcon.colcon_core.environment:checking '/home/moksh/sauvc_gz_ws/install/ags_control' for CMake config files
[2.303s] Level 1:colcon.colcon_core.shell:create_environment_hook('ags_control', 'cmake_prefix_path')
[2.304s] INFO:colcon.colcon_core.shell:Creating environment hook '/home/moksh/sauvc_gz_ws/install/ags_control/share/ags_control/hook/cmake_prefix_path.ps1'
[2.304s] INFO:colcon.colcon_core.shell:Creating environment descriptor '/home/moksh/sauvc_gz_ws/install/ags_control/share/ags_control/hook/cmake_prefix_path.dsv'
[2.305s] INFO:colcon.colcon_core.shell:Creating environment hook '/home/moksh/sauvc_gz_ws/install/ags_control/share/ags_control/hook/cmake_prefix_path.sh'
[2.305s] Level 1:colcon.colcon_core.environment:checking '/home/moksh/sauvc_gz_ws/install/ags_control/bin'
[2.306s] Level 1:colcon.colcon_core.environment:checking '/home/moksh/sauvc_gz_ws/install/ags_control/lib/pkgconfig/ags_control.pc'
[2.306s] Level 1:colcon.colcon_core.environment:checking '/home/moksh/sauvc_gz_ws/install/ags_control/lib/python3.12/site-packages'
[2.306s] Level 1:colcon.colcon_core.environment:checking '/home/moksh/sauvc_gz_ws/install/ags_control/bin'
[2.306s] INFO:colcon.colcon_core.shell:Creating package script '/home/moksh/sauvc_gz_ws/install/ags_control/share/ags_control/package.ps1'
[2.307s] INFO:colcon.colcon_core.shell:Creating package descriptor '/home/moksh/sauvc_gz_ws/install/ags_control/share/ags_control/package.dsv'
[2.308s] INFO:colcon.colcon_core.shell:Creating package script '/home/moksh/sauvc_gz_ws/install/ags_control/share/ags_control/package.sh'
[2.308s] INFO:colcon.colcon_core.shell:Creating package script '/home/moksh/sauvc_gz_ws/install/ags_control/share/ags_control/package.bash'
[2.309s] INFO:colcon.colcon_core.shell:Creating package script '/home/moksh/sauvc_gz_ws/install/ags_control/share/ags_control/package.zsh'
[2.310s] Level 1:colcon.colcon_core.environment:create_file_with_runtime_dependencies(/home/moksh/sauvc_gz_ws/install/ags_control/share/colcon-core/packages/ags_control)
[2.311s] Level 1:colcon.colcon_core.environment:create_environment_scripts_only(ags_description)
[2.311s] Level 1:colcon.colcon_core.environment:checking '/home/moksh/sauvc_gz_ws/install/ags_description' for CMake module files
[2.312s] DEBUG:colcon.colcon_core.event_handler.log_command:Invoked command in '/home/moksh/sauvc_gz_ws/build/ags_description' returned '0': CMAKE_PREFIX_PATH=${CMAKE_PREFIX_PATH}:/home/moksh/ros2_ws/install/talker_listener:/home/moksh/ros2_ws/install/actions_py:/home/moksh/ros2_ws/install/add_integers:/home/moksh/ros2_ws/install/ard_pub:/home/moksh/control_ws/install/bumperbot_py_examples:/home/moksh/sauvc25/install/testing:/opt/ros/jazzy DEBUGINFOD_URLS=https://debuginfod.ubuntu.com /usr/bin/cmake --install /home/moksh/sauvc_gz_ws/build/ags_description
[2.313s] Level 1:colcon.colcon_core.environment:checking '/home/moksh/sauvc_gz_ws/install/ags_description' for CMake config files
[2.313s] Level 1:colcon.colcon_core.shell:create_environment_hook('ags_description', 'cmake_prefix_path')
[2.313s] INFO:colcon.colcon_core.shell:Creating environment hook '/home/moksh/sauvc_gz_ws/install/ags_description/share/ags_description/hook/cmake_prefix_path.ps1'
[2.314s] INFO:colcon.colcon_core.shell:Creating environment descriptor '/home/moksh/sauvc_gz_ws/install/ags_description/share/ags_description/hook/cmake_prefix_path.dsv'
[2.315s] INFO:colcon.colcon_core.shell:Creating environment hook '/home/moksh/sauvc_gz_ws/install/ags_description/share/ags_description/hook/cmake_prefix_path.sh'
[2.315s] Level 1:colcon.colcon_core.environment:checking '/home/moksh/sauvc_gz_ws/install/ags_description/bin'
[2.316s] Level 1:colcon.colcon_core.environment:checking '/home/moksh/sauvc_gz_ws/install/ags_description/lib/pkgconfig/ags_description.pc'
[2.316s] Level 1:colcon.colcon_core.environment:checking '/home/moksh/sauvc_gz_ws/install/ags_description/lib/python3.12/site-packages'
[2.316s] Level 1:colcon.colcon_core.environment:checking '/home/moksh/sauvc_gz_ws/install/ags_description/bin'
[2.316s] INFO:colcon.colcon_core.shell:Creating package script '/home/moksh/sauvc_gz_ws/install/ags_description/share/ags_description/package.ps1'
[2.317s] INFO:colcon.colcon_core.shell:Creating package descriptor '/home/moksh/sauvc_gz_ws/install/ags_description/share/ags_description/package.dsv'
[2.318s] INFO:colcon.colcon_core.shell:Creating package script '/home/moksh/sauvc_gz_ws/install/ags_description/share/ags_description/package.sh'
[2.318s] INFO:colcon.colcon_core.shell:Creating package script '/home/moksh/sauvc_gz_ws/install/ags_description/share/ags_description/package.bash'
[2.319s] INFO:colcon.colcon_core.shell:Creating package script '/home/moksh/sauvc_gz_ws/install/ags_description/share/ags_description/package.zsh'
[2.319s] Level 1:colcon.colcon_core.environment:create_file_with_runtime_dependencies(/home/moksh/sauvc_gz_ws/install/ags_description/share/colcon-core/packages/ags_description)
[2.320s] Level 1:colcon.colcon_core.environment:create_environment_scripts_only(ags_description)
[2.320s] Level 1:colcon.colcon_core.environment:checking '/home/moksh/sauvc_gz_ws/install/ags_description' for CMake module files
[2.321s] Level 1:colcon.colcon_core.environment:checking '/home/moksh/sauvc_gz_ws/install/ags_description' for CMake config files
[2.321s] Level 1:colcon.colcon_core.shell:create_environment_hook('ags_description', 'cmake_prefix_path')
[2.322s] INFO:colcon.colcon_core.shell:Creating environment hook '/home/moksh/sauvc_gz_ws/install/ags_description/share/ags_description/hook/cmake_prefix_path.ps1'
[2.322s] INFO:colcon.colcon_core.shell:Creating environment descriptor '/home/moksh/sauvc_gz_ws/install/ags_description/share/ags_description/hook/cmake_prefix_path.dsv'
[2.323s] INFO:colcon.colcon_core.shell:Creating environment hook '/home/moksh/sauvc_gz_ws/install/ags_description/share/ags_description/hook/cmake_prefix_path.sh'
[2.324s] Level 1:colcon.colcon_core.environment:checking '/home/moksh/sauvc_gz_ws/install/ags_description/bin'
[2.324s] Level 1:colcon.colcon_core.environment:checking '/home/moksh/sauvc_gz_ws/install/ags_description/lib/pkgconfig/ags_description.pc'
[2.324s] Level 1:colcon.colcon_core.environment:checking '/home/moksh/sauvc_gz_ws/install/ags_description/lib/python3.12/site-packages'
[2.324s] Level 1:colcon.colcon_core.environment:checking '/home/moksh/sauvc_gz_ws/install/ags_description/bin'
[2.325s] INFO:colcon.colcon_core.shell:Creating package script '/home/moksh/sauvc_gz_ws/install/ags_description/share/ags_description/package.ps1'
[2.325s] INFO:colcon.colcon_core.shell:Creating package descriptor '/home/moksh/sauvc_gz_ws/install/ags_description/share/ags_description/package.dsv'
[2.326s] INFO:colcon.colcon_core.shell:Creating package script '/home/moksh/sauvc_gz_ws/install/ags_description/share/ags_description/package.sh'
[2.327s] INFO:colcon.colcon_core.shell:Creating package script '/home/moksh/sauvc_gz_ws/install/ags_description/share/ags_description/package.bash'
[2.327s] INFO:colcon.colcon_core.shell:Creating package script '/home/moksh/sauvc_gz_ws/install/ags_description/share/ags_description/package.zsh'
[2.328s] Level 1:colcon.colcon_core.environment:create_file_with_runtime_dependencies(/home/moksh/sauvc_gz_ws/install/ags_description/share/colcon-core/packages/ags_description)
[2.330s] Level 1:colcon.colcon_core.environment:create_environment_scripts_only(ags_env)
[2.330s] Level 1:colcon.colcon_core.environment:checking '/home/moksh/sauvc_gz_ws/install/ags_env' for CMake module files
[2.331s] DEBUG:colcon.colcon_core.event_handler.log_command:Invoked command in '/home/moksh/sauvc_gz_ws/build/ags_env' returned '0': CMAKE_PREFIX_PATH=${CMAKE_PREFIX_PATH}:/home/moksh/ros2_ws/install/talker_listener:/home/moksh/ros2_ws/install/actions_py:/home/moksh/ros2_ws/install/add_integers:/home/moksh/ros2_ws/install/ard_pub:/home/moksh/control_ws/install/bumperbot_py_examples:/home/moksh/sauvc25/install/testing:/opt/ros/jazzy DEBUGINFOD_URLS=https://debuginfod.ubuntu.com /usr/bin/cmake --install /home/moksh/sauvc_gz_ws/build/ags_env
[2.331s] Level 1:colcon.colcon_core.environment:checking '/home/moksh/sauvc_gz_ws/install/ags_env' for CMake config files
[2.332s] Level 1:colcon.colcon_core.shell:create_environment_hook('ags_env', 'cmake_prefix_path')
[2.332s] INFO:colcon.colcon_core.shell:Creating environment hook '/home/moksh/sauvc_gz_ws/install/ags_env/share/ags_env/hook/cmake_prefix_path.ps1'
[2.333s] INFO:colcon.colcon_core.shell:Creating environment descriptor '/home/moksh/sauvc_gz_ws/install/ags_env/share/ags_env/hook/cmake_prefix_path.dsv'
[2.333s] INFO:colcon.colcon_core.shell:Creating environment hook '/home/moksh/sauvc_gz_ws/install/ags_env/share/ags_env/hook/cmake_prefix_path.sh'
[2.334s] Level 1:colcon.colcon_core.environment:checking '/home/moksh/sauvc_gz_ws/install/ags_env/bin'
[2.334s] Level 1:colcon.colcon_core.environment:checking '/home/moksh/sauvc_gz_ws/install/ags_env/lib/pkgconfig/ags_env.pc'
[2.335s] Level 1:colcon.colcon_core.environment:checking '/home/moksh/sauvc_gz_ws/install/ags_env/lib/python3.12/site-packages'
[2.335s] Level 1:colcon.colcon_core.environment:checking '/home/moksh/sauvc_gz_ws/install/ags_env/bin'
[2.335s] INFO:colcon.colcon_core.shell:Creating package script '/home/moksh/sauvc_gz_ws/install/ags_env/share/ags_env/package.ps1'
[2.336s] INFO:colcon.colcon_core.shell:Creating package descriptor '/home/moksh/sauvc_gz_ws/install/ags_env/share/ags_env/package.dsv'
[2.337s] INFO:colcon.colcon_core.shell:Creating package script '/home/moksh/sauvc_gz_ws/install/ags_env/share/ags_env/package.sh'
[2.337s] INFO:colcon.colcon_core.shell:Creating package script '/home/moksh/sauvc_gz_ws/install/ags_env/share/ags_env/package.bash'
[2.338s] INFO:colcon.colcon_core.shell:Creating package script '/home/moksh/sauvc_gz_ws/install/ags_env/share/ags_env/package.zsh'
[2.338s] Level 1:colcon.colcon_core.environment:create_file_with_runtime_dependencies(/home/moksh/sauvc_gz_ws/install/ags_env/share/colcon-core/packages/ags_env)
[2.339s] Level 1:colcon.colcon_core.environment:create_environment_scripts_only(ags_env)
[2.339s] Level 1:colcon.colcon_core.environment:checking '/home/moksh/sauvc_gz_ws/install/ags_env' for CMake module files
[2.340s] Level 1:colcon.colcon_core.environment:checking '/home/moksh/sauvc_gz_ws/install/ags_env' for CMake config files
[2.340s] Level 1:colcon.colcon_core.shell:create_environment_hook('ags_env', 'cmake_prefix_path')
[2.340s] INFO:colcon.colcon_core.shell:Creating environment hook '/home/moksh/sauvc_gz_ws/install/ags_env/share/ags_env/hook/cmake_prefix_path.ps1'
[2.341s] INFO:colcon.colcon_core.shell:Creating environment descriptor '/home/moksh/sauvc_gz_ws/install/ags_env/share/ags_env/hook/cmake_prefix_path.dsv'
[2.341s] INFO:colcon.colcon_core.shell:Creating environment hook '/home/moksh/sauvc_gz_ws/install/ags_env/share/ags_env/hook/cmake_prefix_path.sh'
[2.342s] Level 1:colcon.colcon_core.environment:checking '/home/moksh/sauvc_gz_ws/install/ags_env/bin'
[2.342s] Level 1:colcon.colcon_core.environment:checking '/home/moksh/sauvc_gz_ws/install/ags_env/lib/pkgconfig/ags_env.pc'
[2.343s] Level 1:colcon.colcon_core.environment:checking '/home/moksh/sauvc_gz_ws/install/ags_env/lib/python3.12/site-packages'
[2.343s] Level 1:colcon.colcon_core.environment:checking '/home/moksh/sauvc_gz_ws/install/ags_env/bin'
[2.343s] INFO:colcon.colcon_core.shell:Creating package script '/home/moksh/sauvc_gz_ws/install/ags_env/share/ags_env/package.ps1'
[2.344s] INFO:colcon.colcon_core.shell:Creating package descriptor '/home/moksh/sauvc_gz_ws/install/ags_env/share/ags_env/package.dsv'
[2.345s] INFO:colcon.colcon_core.shell:Creating package script '/home/moksh/sauvc_gz_ws/install/ags_env/share/ags_env/package.sh'
[2.346s] INFO:colcon.colcon_core.shell:Creating package script '/home/moksh/sauvc_gz_ws/install/ags_env/share/ags_env/package.bash'
[2.346s] INFO:colcon.colcon_core.shell:Creating package script '/home/moksh/sauvc_gz_ws/install/ags_env/share/ags_env/package.zsh'
[2.347s] Level 1:colcon.colcon_core.environment:create_file_with_runtime_dependencies(/home/moksh/sauvc_gz_ws/install/ags_env/share/colcon-core/packages/ags_env)
[2.347s] DEBUG:colcon.colcon_parallel_executor.executor.parallel:closing loop
[2.347s] DEBUG:colcon.colcon_parallel_executor.executor.parallel:loop closed
[2.347s] DEBUG:colcon.colcon_parallel_executor.executor.parallel:run_until_complete finished with '0'
[2.348s] DEBUG:colcon.colcon_core.event_reactor:joining thread
[2.361s] INFO:colcon.colcon_core.plugin_system:Skipping extension 'colcon_notification.desktop_notification.terminal_notifier': Not used on non-Darwin systems
[2.361s] INFO:colcon.colcon_core.plugin_system:Skipping extension 'colcon_notification.desktop_notification.win32': Not used on non-Windows systems
[2.361s] INFO:colcon.colcon_notification.desktop_notification:Sending desktop notification using 'notify2'
[2.380s] DEBUG:colcon.colcon_core.event_reactor:joined thread
[2.381s] INFO:colcon.colcon_core.shell:Creating prefix script '/home/moksh/sauvc_gz_ws/install/local_setup.ps1'
[2.382s] INFO:colcon.colcon_core.shell:Creating prefix util module '/home/moksh/sauvc_gz_ws/install/_local_setup_util_ps1.py'
[2.384s] INFO:colcon.colcon_core.shell:Creating prefix chain script '/home/moksh/sauvc_gz_ws/install/setup.ps1'
[2.387s] INFO:colcon.colcon_core.shell:Creating prefix script '/home/moksh/sauvc_gz_ws/install/local_setup.sh'
[2.388s] INFO:colcon.colcon_core.shell:Creating prefix util module '/home/moksh/sauvc_gz_ws/install/_local_setup_util_sh.py'
[2.389s] INFO:colcon.colcon_core.shell:Creating prefix chain script '/home/moksh/sauvc_gz_ws/install/setup.sh'
[2.392s] INFO:colcon.colcon_core.shell:Creating prefix script '/home/moksh/sauvc_gz_ws/install/local_setup.bash'
[2.392s] INFO:colcon.colcon_core.shell:Creating prefix chain script '/home/moksh/sauvc_gz_ws/install/setup.bash'
[2.395s] INFO:colcon.colcon_core.shell:Creating prefix script '/home/moksh/sauvc_gz_ws/install/local_setup.zsh'
[2.396s] INFO:colcon.colcon_core.shell:Creating prefix chain script '/home/moksh/sauvc_gz_ws/install/setup.zsh'
